<?xml version="1.0" encoding="utf-8"?><testsuites name="pytest tests"><testsuite name="pytest" errors="1" failures="0" skipped="0" tests="1" time="0.888" timestamp="2026-07-11T19:11:01.737455+08:00" hostname="85D83CFAC341E71"><testcase classname="pytest" name="internal" time="0.000"><error message="internal error">Traceback (most recent call last):
  File "D:\os\Python312\Lib\site-packages\_pytest\main.py", line 318, in wrap_session
    session.exitstatus = doit(config, session) or 0
                         ^^^^^^^^^^^^^^^^^^^^^
  File "D:\os\Python312\Lib\site-packages\_pytest\main.py", line 371, in _main
    config.hook.pytest_collection(session=session)
  File "D:\os\Python312\Lib\site-packages\pluggy\_hooks.py", line 512, in __call__
    return self._hookexec(self.name, self._hookimpls.copy(), kwargs, firstresult)
           ^^^^^^^^^^^^^^^^^^^^^^^^^^^^^^^^^^^^^^^^^^^^^^^^^^^^^^^^^^^^^^^^^^^^^^
  File "D:\os\Python312\Lib\site-packages\pluggy\_manager.py", line 120, in _hookexec
    return self._inner_hookexec(hook_name, methods, kwargs, firstresult)
           ^^^^^^^^^^^^^^^^^^^^^^^^^^^^^^^^^^^^^^^^^^^^^^^^^^^^^^^^^^^^^
  File "D:\os\Python312\Lib\site-packages\pluggy\_callers.py", line 167, in _multicall
    raise exception
  File "D:\os\Python312\Lib\site-packages\pluggy\_callers.py", line 139, in _multicall
    teardown.throw(exception)
  File "D:\os\Python312\Lib\site-packages\_pytest\logging.py", line 788, in pytest_collection
    return (yield)
            ^^^^^
  File "D:\os\Python312\Lib\site-packages\pluggy\_callers.py", line 139, in _multicall
    teardown.throw(exception)
  File "D:\os\Python312\Lib\site-packages\_pytest\warnings.py", line 98, in pytest_collection
    return (yield)
            ^^^^^
  File "D:\os\Python312\Lib\site-packages\pluggy\_callers.py", line 139, in _multicall
    teardown.throw(exception)
  File "D:\os\Python312\Lib\site-packages\_pytest\config\__init__.py", line 1409, in pytest_collection
    return (yield)
            ^^^^^
  File "D:\os\Python312\Lib\site-packages\pluggy\_callers.py", line 121, in _multicall
    res = hook_impl.function(*args)
          ^^^^^^^^^^^^^^^^^^^^^^^^^
  File "D:\os\Python312\Lib\site-packages\_pytest\main.py", line 382, in pytest_collection
    session.perform_collect()
  File "D:\os\Python312\Lib\site-packages\_pytest\main.py", line 857, in perform_collect
    self.items.extend(self.genitems(node))
  File "D:\os\Python312\Lib\site-packages\_pytest\main.py", line 1023, in genitems
    yield from self.genitems(subnode)
  File "D:\os\Python312\Lib\site-packages\_pytest\main.py", line 1020, in genitems
    rep, duplicate = self._collect_one_node(node, handle_dupes)
                     ^^^^^^^^^^^^^^^^^^^^^^^^^^^^^^^^^^^^^^^^^^
  File "D:\os\Python312\Lib\site-packages\_pytest\main.py", line 883, in _collect_one_node
    rep = collect_one_node(node)
          ^^^^^^^^^^^^^^^^^^^^^^
  File "D:\os\Python312\Lib\site-packages\_pytest\runner.py", line 576, in collect_one_node
    rep: CollectReport = ihook.pytest_make_collect_report(collector=collector)
                         ^^^^^^^^^^^^^^^^^^^^^^^^^^^^^^^^^^^^^^^^^^^^^^^^^^^^^
  File "D:\os\Python312\Lib\site-packages\pluggy\_hooks.py", line 512, in __call__
    return self._hookexec(self.name, self._hookimpls.copy(), kwargs, firstresult)
           ^^^^^^^^^^^^^^^^^^^^^^^^^^^^^^^^^^^^^^^^^^^^^^^^^^^^^^^^^^^^^^^^^^^^^^
  File "D:\os\Python312\Lib\site-packages\pluggy\_manager.py", line 120, in _hookexec
    return self._inner_hookexec(hook_name, methods, kwargs, firstresult)
           ^^^^^^^^^^^^^^^^^^^^^^^^^^^^^^^^^^^^^^^^^^^^^^^^^^^^^^^^^^^^^
  File "D:\os\Python312\Lib\site-packages\pluggy\_callers.py", line 167, in _multicall
    raise exception
  File "D:\os\Python312\Lib\site-packages\pluggy\_callers.py", line 139, in _multicall
    teardown.throw(exception)
  File "D:\os\Python312\Lib\site-packages\_pytest\capture.py", line 880, in pytest_make_collect_report
    rep = yield
          ^^^^^
  File "D:\os\Python312\Lib\site-packages\pluggy\_callers.py", line 121, in _multicall
    res = hook_impl.function(*args)
          ^^^^^^^^^^^^^^^^^^^^^^^^^
  File "D:\os\Python312\Lib\site-packages\_pytest\runner.py", line 400, in pytest_make_collect_report
    call = CallInfo.from_call(
           ^^^^^^^^^^^^^^^^^^^
  File "D:\os\Python312\Lib\site-packages\_pytest\runner.py", line 353, in from_call
    result: TResult | None = func()
                             ^^^^^^
  File "D:\os\Python312\Lib\site-packages\_pytest\runner.py", line 398, in collect
    return list(collector.collect())
                ^^^^^^^^^^^^^^^^^^^
  File "D:\os\Python312\Lib\site-packages\_pytest\python.py", line 563, in collect
    self._register_setup_module_fixture()
  File "D:\os\Python312\Lib\site-packages\_pytest\python.py", line 576, in _register_setup_module_fixture
    self.obj, ("setUpModule", "setup_module")
    ^^^^^^^^
  File "D:\os\Python312\Lib\site-packages\_pytest\python.py", line 289, in obj
    self._obj = obj = self._getobj()
                      ^^^^^^^^^^^^^^
  File "D:\os\Python312\Lib\site-packages\_pytest\python.py", line 560, in _getobj
    return importtestmodule(self.path, self.config)
           ^^^^^^^^^^^^^^^^^^^^^^^^^^^^^^^^^^^^^^^^
  File "D:\os\Python312\Lib\site-packages\_pytest\python.py", line 507, in importtestmodule
    mod = import_path(
          ^^^^^^^^^^^^
  File "D:\os\Python312\Lib\site-packages\_pytest\pathlib.py", line 587, in import_path
    importlib.import_module(module_name)
  File "D:\os\Python312\Lib\importlib\__init__.py", line 90, in import_module
    return _bootstrap._gcd_import(name[level:], package, level)
           ^^^^^^^^^^^^^^^^^^^^^^^^^^^^^^^^^^^^^^^^^^^^^^^^^^^^
  File "&lt;frozen importlib._bootstrap&gt;", line 1381, in _gcd_import
  File "&lt;frozen importlib._bootstrap&gt;", line 1354, in _find_and_load
  File "&lt;frozen importlib._bootstrap&gt;", line 1325, in _find_and_load_unlocked
  File "&lt;frozen importlib._bootstrap&gt;", line 929, in _load_unlocked
  File "D:\os\Python312\Lib\site-packages\_pytest\assertion\rewrite.py", line 197, in exec_module
    exec(co, module.__dict__)
  File "E:\硕腾网络\PyGBSentry\EdgeLite\EdgeLite-v1.0-Community\tests\_fix_test.py", line 29, in &lt;module&gt;
    sys.exit(1)
SystemExit: 1</error></testcase></testsuite></testsuites>