<?xml version="1.0" encoding="utf-8"?><testsuites name="pytest tests"><testsuite name="pytest" errors="0" failures="0" skipped="0" tests="87" time="74.956" timestamp="2026-07-11T19:24:24.351112+08:00" hostname="85D83CFAC341E71"><testcase classname="tests.test_notify_service.TestSanitizeEmailHeader" name="test_strips_cr_and_lf" time="0.553" /><testcase classname="tests.test_notify_service.TestSanitizeEmailHeader" name="test_strips_only_cr" time="0.002" /><testcase classname="tests.test_notify_service.TestSanitizeEmailHeader" name="test_no_change_for_clean_string" time="0.002" /><testcase classname="tests.test_notify_service.TestSanitizeEmailHeader" name="test_non_string_passthrough" time="0.003" /><testcase classname="tests.test_notify_service.TestSanitizeEmailHeader" name="test_empty_string" time="0.003" /><testcase classname="tests.test_notify_service.TestSanitizeEmailHeader" name="test_strips_bcc_injection_attempt" time="0.003" /><testcase classname="tests.test_notify_service.TestIsIpSafeForWebhook" name="test_private_is_unsafe" time="0.002" /><testcase classname="tests.test_notify_service.TestIsIpSafeForWebhook" name="test_loopback_is_unsafe" time="0.002" /><testcase classname="tests.test_notify_service.TestIsIpSafeForWebhook" name="test_link_local_is_unsafe" time="0.002" /><testcase classname="tests.test_notify_service.TestIsIpSafeForWebhook" name="test_unspecified_is_unsafe" time="0.002" /><testcase classname="tests.test_notify_service.TestIsIpSafeForWebhook" name="test_ipv6_unspecified_is_unsafe" time="0.002" /><testcase classname="tests.test_notify_service.TestIsIpSafeForWebhook" name="test_multicast_is_unsafe" time="0.002" /><testcase classname="tests.test_notify_service.TestIsIpSafeForWebhook" name="test_public_is_safe" time="0.003" /><testcase classname="tests.test_notify_service.TestIsIpSafeForWebhook" name="test_ipv6_loopback_is_unsafe" time="0.002" /><testcase classname="tests.test_notify_service.TestValidateWebhookUrl" name="test_rejects_non_http_scheme" time="0.007" /><testcase classname="tests.test_notify_service.TestValidateWebhookUrl" name="test_rejects_missing_hostname" time="0.008" /><testcase classname="tests.test_notify_service.TestValidateWebhookUrl" name="test_rejects_localhost" time="0.004" /><testcase classname="tests.test_notify_service.TestValidateWebhookUrl" name="test_rejects_blocked_metadata_hosts" time="0.004" /><testcase classname="tests.test_notify_service.TestValidateWebhookUrl" name="test_rejects_private_ip" time="0.004" /><testcase classname="tests.test_notify_service.TestValidateWebhookUrl" name="test_rejects_loopback_ip" time="0.003" /><testcase classname="tests.test_notify_service.TestValidateWebhookUrl" name="test_rejects_unspecified_ip" time="0.003" /><testcase classname="tests.test_notify_service.TestValidateWebhookUrl" name="test_accepts_public_ip_and_caches" time="0.004" /><testcase classname="tests.test_notify_service.TestValidateWebhookUrl" name="test_accepts_domain_resolving_to_safe_ip" time="0.007" /><testcase classname="tests.test_notify_service.TestValidateWebhookUrl" name="test_rejects_domain_resolving_to_unsafe_ip" time="0.009" /><testcase classname="tests.test_notify_service.TestValidateWebhookUrl" name="test_rejects_when_dns_resolution_fails" time="0.007" /><testcase classname="tests.test_notify_service.TestValidateWebhookUrl" name="test_rejects_empty_addr_list" time="0.006" /><testcase classname="tests.test_notify_service.TestValidateWebhookUrl" name="test_falls_back_to_first_addr_when_no_ipv4" time="0.010" /><testcase classname="tests.test_notify_service.TestValidateWebhookUrl" name="test_skips_unparseable_addr" time="0.009" /><testcase classname="tests.test_notify_service.TestValidateWebhookUrl" name="test_lru_eviction_enforced" time="0.008" /><testcase classname="tests.test_notify_service.TestNotifyServiceLifecycle" name="test_init_creates_http_client" time="1.424" /><testcase classname="tests.test_notify_service.TestNotifyServiceLifecycle" name="test_close_closes_client_and_nulls" time="1.386" /><testcase classname="tests.test_notify_service.TestNotifyServiceLifecycle" name="test_close_idempotent" time="1.341" /><testcase classname="tests.test_notify_service.TestNotifyServiceLifecycle" name="test_close_when_no_client" time="0.007" /><testcase classname="tests.test_notify_service.TestSendNotification" name="test_parallel_dispatch_multiple_channels" time="1.330" /><testcase classname="tests.test_notify_service.TestSendNotification" name="test_unknown_channel_returns_false" time="1.309" /><testcase classname="tests.test_notify_service.TestSendNotification" name="test_mixed_known_and_unknown_channels" time="1.335" /><testcase classname="tests.test_notify_service.TestSendNotification" name="test_retry_succeeds_on_second_attempt" time="1.330" /><testcase classname="tests.test_notify_service.TestSendNotification" name="test_retry_exhausted_on_failure" time="1.516" /><testcase classname="tests.test_notify_service.TestSendNotification" name="test_retry_on_exception" time="1.478" /><testcase classname="tests.test_notify_service.TestSendNotification" name="test_no_retry_when_retry_count_zero" time="1.351" /><testcase classname="tests.test_notify_service.TestSendNotification" name="test_retry_exception_exhausted" time="1.324" /><testcase classname="tests.test_notify_service.TestSendNotification" name="test_empty_channels_returns_empty_dict" time="1.344" /><testcase classname="tests.test_notify_service.TestSendDingtalk" name="test_skip_when_not_configured" time="1.410" /><testcase classname="tests.test_notify_service.TestSendDingtalk" name="test_rejects_non_official_host" time="1.478" /><testcase classname="tests.test_notify_service.TestSendDingtalk" name="test_success_without_secret" time="1.472" /><testcase classname="tests.test_notify_service.TestSendDingtalk" name="test_success_with_secret_signing" time="1.391" /><testcase classname="tests.test_notify_service.TestSendDingtalk" name="test_non_200_status_returns_false" time="1.450" /><testcase classname="tests.test_notify_service.TestSendDingtalk" name="test_errcode_non_zero_returns_false" time="1.386" /><testcase classname="tests.test_notify_service.TestSendDingtalk" name="test_post_exception_returns_false" time="1.391" /><testcase classname="tests.test_notify_service.TestSendDingtalk" name="test_no_http_client_returns_false" time="0.008" /><testcase classname="tests.test_notify_service.TestSendDingtalk" name="test_emoji_mapping_for_severities" time="1.428" /><testcase classname="tests.test_notify_service.TestSendEmail" name="test_skip_when_not_configured" time="1.455" /><testcase classname="tests.test_notify_service.TestSendEmail" name="test_skip_when_no_recipients" time="1.332" /><testcase classname="tests.test_notify_service.TestSendEmail" name="test_success" time="1.313" /><testcase classname="tests.test_notify_service.TestSendEmail" name="test_failure_returns_false" time="1.310" /><testcase classname="tests.test_notify_service.TestSendEmail" name="test_crlf_in_device_id_sanitized" time="1.527" /><testcase classname="tests.test_notify_service.TestSendEmail" name="test_severity_label_mapping" time="1.444" /><testcase classname="tests.test_notify_service.TestSendEmail" name="test_from_addr_falls_back_to_smtp_user" time="1.328" /><testcase classname="tests.test_notify_service.TestSmtpSend" name="test_tls_uses_smtp_ssl" time="0.003" /><testcase classname="tests.test_notify_service.TestSmtpSend" name="test_plain_uses_smtp" time="0.003" /><testcase classname="tests.test_notify_service.TestSmtpSend" name="test_starttls_called_when_configured" time="0.003" /><testcase classname="tests.test_notify_service.TestSmtpSend" name="test_no_login_when_no_credentials" time="0.003" /><testcase classname="tests.test_notify_service.TestSmtpSend" name="test_quit_failure_handled_gracefully" time="0.004" /><testcase classname="tests.test_notify_service.TestSmtpSend" name="test_smtp_timeout_constant_used" time="0.003" /><testcase classname="tests.test_notify_service.TestSendWechat" name="test_skip_when_not_configured" time="1.338" /><testcase classname="tests.test_notify_service.TestSendWechat" name="test_rejects_non_official_host" time="1.341" /><testcase classname="tests.test_notify_service.TestSendWechat" name="test_success" time="1.310" /><testcase classname="tests.test_notify_service.TestSendWechat" name="test_non_200_status_returns_false" time="1.391" /><testcase classname="tests.test_notify_service.TestSendWechat" name="test_errcode_non_zero_returns_false" time="1.485" /><testcase classname="tests.test_notify_service.TestSendWechat" name="test_post_exception_returns_false" time="1.350" /><testcase classname="tests.test_notify_service.TestSendWechat" name="test_no_http_client_returns_false" time="0.004" /><testcase classname="tests.test_notify_service.TestSendWechat" name="test_severity_color_mapping" time="1.475" /><testcase classname="tests.test_notify_service.TestSendWebhook" name="test_skip_when_not_configured" time="1.478" /><testcase classname="tests.test_notify_service.TestSendWebhook" name="test_rejects_ssrf_url" time="1.415" /><testcase classname="tests.test_notify_service.TestSendWebhook" name="test_rejects_internal_ip" time="1.454" /><testcase classname="tests.test_notify_service.TestSendWebhook" name="test_success_with_public_ip" time="1.433" /><testcase classname="tests.test_notify_service.TestSendWebhook" name="test_failure_on_4xx_status" time="1.423" /><testcase classname="tests.test_notify_service.TestSendWebhook" name="test_failure_on_5xx_status" time="1.487" /><testcase classname="tests.test_notify_service.TestSendWebhook" name="test_post_exception_returns_false" time="1.583" /><testcase classname="tests.test_notify_service.TestSendWebhook" name="test_no_http_client_returns_false" time="0.008" /><testcase classname="tests.test_notify_service.TestSendWebhook" name="test_custom_headers_merged" time="1.360" /><testcase classname="tests.test_notify_service.TestSendWebhook" name="test_ipv4_url_rewrite_when_resolved_ip_differs" time="1.648" /><testcase classname="tests.test_notify_service.TestSendWebhook" name="test_ipv6_url_rewrite_brackets" time="1.426" /><testcase classname="tests.test_notify_service.TestSendWebhook" name="test_https_sni_hostname_extension" time="1.367" /><testcase classname="tests.test_notify_service.TestSendWebhook" name="test_http_no_sni_extension" time="1.429" /><testcase classname="tests.test_notify_service.TestSendWebhook" name="test_no_rewrite_when_ip_equals_hostname" time="1.342" /><testcase classname="tests.test_notify_service.TestSendWebhook" name="test_url_with_port_preserved_on_rewrite" time="1.469" /></testsuite></testsuites>