<?xml version="1.0" encoding="utf-8"?><testsuites name="pytest tests"><testsuite name="pytest" errors="0" failures="0" skipped="0" tests="122" time="27.684" timestamp="2026-07-10T18:43:56.018349+08:00" hostname="85D83CFAC341E71"><testcase classname="tests.test_cache.TestSafeJsonLoads" name="test_valid_json_string" time="0.013" /><testcase classname="tests.test_cache.TestSafeJsonLoads" name="test_invalid_json_returns_default" time="0.002" /><testcase classname="tests.test_cache.TestSafeJsonLoads" name="test_non_string_returns_value" time="0.002" /><testcase classname="tests.test_cache.TestSafeJsonLoads" name="test_invalid_json_default_none" time="0.002" /><testcase classname="tests.test_cache.TestCacheManagerInit" name="test_initial_state" time="0.703" /><testcase classname="tests.test_cache.TestCacheManagerInit" name="test_ensure_ring_buffer_disabled" time="0.589" /><testcase classname="tests.test_cache.TestAddToCache" name="test_add_to_cache_success" time="0.585" /><testcase classname="tests.test_cache.TestAddToCache" name="test_add_to_cache_empty_measurement" time="0.500" /><testcase classname="tests.test_cache.TestAddToCache" name="test_add_to_cache_increments_count" time="0.704" /><testcase classname="tests.test_cache.TestAddToCache" name="test_add_to_cache_creates_orphan_on_ring_failure" time="0.586" /><testcase classname="tests.test_cache.TestAddToCache" name="test_add_to_cache_persists_data" time="0.613" /><testcase classname="tests.test_cache.TestGetCachedRecords" name="test_get_cached_records_empty" time="0.617" /><testcase classname="tests.test_cache.TestGetCachedRecords" name="test_get_cached_records_limit" time="0.936" /><testcase classname="tests.test_cache.TestGetCachedRecords" name="test_get_cached_records_after" time="0.716" /><testcase classname="tests.test_cache.TestMarkSyncing" name="test_mark_syncing_updates_status" time="0.649" /><testcase classname="tests.test_cache.TestMarkSyncing" name="test_mark_syncing_empty_list" time="0.544" /><testcase classname="tests.test_cache.TestMarkSyncedRecords" name="test_mark_synced_deletes_records" time="0.753" /><testcase classname="tests.test_cache.TestMarkSyncedRecords" name="test_mark_synced_decrements_count" time="0.740" /><testcase classname="tests.test_cache.TestMarkSyncedRecords" name="test_mark_synced_count_never_negative" time="0.568" /><testcase classname="tests.test_cache.TestMarkSyncedRecords" name="test_mark_synced_empty_list" time="0.702" /><testcase classname="tests.test_cache.TestResetSyncingToPending" name="test_reset_syncing_to_pending" time="0.637" /><testcase classname="tests.test_cache.TestGetCacheCount" name="test_get_cache_count_empty" time="0.506" /><testcase classname="tests.test_cache.TestGetCacheCount" name="test_get_cache_count_after_adds" time="0.726" /><testcase classname="tests.test_cache.TestCheckWatermark" name="test_normal_level" time="0.506" /><testcase classname="tests.test_cache.TestCheckWatermark" name="test_critical_level" time="0.509" /><testcase classname="tests.test_cache.TestCheckWatermark" name="test_high_level" time="0.523" /><testcase classname="tests.test_cache.TestGetOrphanRecords" name="test_no_orphans" time="0.582" /><testcase classname="tests.test_cache.TestGetOrphanRecords" name="test_returns_orphan_records" time="0.743" /><testcase classname="tests.test_cache.TestClearOrphanIds" name="test_clear_orphan_ids" time="0.631" /><testcase classname="tests.test_cache.TestClearOrphanIds" name="test_clear_orphan_ids_partial" time="0.695" /><testcase classname="tests.test_cache.TestDeleteCached" name="test_delete_cached" time="0.577" /><testcase classname="tests.test_cache.TestDeleteCached" name="test_delete_cached_empty_list" time="0.545" /><testcase classname="tests.test_cache.TestIncrementRetry" name="test_increment_retry" time="0.741" /><testcase classname="tests.test_cache.TestIncrementRetry" name="test_increment_retry_empty_list" time="0.508" /><testcase classname="tests.test_alarm_service.TestSeverityConstants" name="test_severity_order" time="0.002" /><testcase classname="tests.test_alarm_service.TestAlarmEscalationConfig" name="test_required_fields" time="0.002" /><testcase classname="tests.test_alarm_service.TestAlarmSuppressionRule" name="test_defaults" time="0.002" /><testcase classname="tests.test_alarm_service.TestAlarmSuppressionRule" name="test_with_filters" time="0.002" /><testcase classname="tests.test_alarm_service.TestAlarmStatistics" name="test_defaults" time="0.002" /><testcase classname="tests.test_alarm_service.TestConfigureEscalation" name="test_configure_escalation" time="0.008" /><testcase classname="tests.test_alarm_service.TestConfigureEscalation" name="test_default_escalation_configs" time="0.005" /><testcase classname="tests.test_alarm_service.TestConfigureEscalation" name="test_critical_escalates_to_critical" time="0.005" /><testcase classname="tests.test_alarm_service.TestConfigureEscalation" name="test_major_escalates_to_critical" time="0.005" /><testcase classname="tests.test_alarm_service.TestSuppressionRules" name="test_add_suppression_rule" time="0.005" /><testcase classname="tests.test_alarm_service.TestSuppressionRules" name="test_remove_suppression_rule" time="0.007" /><testcase classname="tests.test_alarm_service.TestSuppressionRules" name="test_remove_nonexistent_rule" time="0.005" /><testcase classname="tests.test_alarm_service.TestSuppressionRules" name="test_list_suppression_rules_returns_copy" time="0.005" /><testcase classname="tests.test_alarm_service.TestIsSuppressed" name="test_no_rules_not_suppressed" time="0.007" /><testcase classname="tests.test_alarm_service.TestIsSuppressed" name="test_device_filter_match" time="0.007" /><testcase classname="tests.test_alarm_service.TestIsSuppressed" name="test_device_filter_no_match" time="0.007" /><testcase classname="tests.test_alarm_service.TestIsSuppressed" name="test_severity_filter" time="0.008" /><testcase classname="tests.test_alarm_service.TestIsSuppressed" name="test_disabled_rule_not_applied" time="0.009" /><testcase classname="tests.test_alarm_service.TestIsSuppressed" name="test_expired_rule_not_applied" time="0.008" /><testcase classname="tests.test_alarm_service.TestIsSuppressed" name="test_rule_filter" time="0.007" /><testcase classname="tests.test_alarm_service.TestIsInTimeRange" name="test_normal_range" time="0.002" /><testcase classname="tests.test_alarm_service.TestIsInTimeRange" name="test_overnight_range" time="0.002" /><testcase classname="tests.test_alarm_service.TestIsInTimeRange" name="test_normalized_time" time="0.002" /><testcase classname="tests.test_alarm_service.TestIsInTimeRange" name="test_invalid_time" time="0.002" /><testcase classname="tests.test_alarm_service.TestFormatDuration" name="test_seconds" time="0.002" /><testcase classname="tests.test_alarm_service.TestFormatDuration" name="test_minutes" time="0.002" /><testcase classname="tests.test_alarm_service.TestFormatDuration" name="test_hours" time="0.002" /><testcase classname="tests.test_alarm_service.TestFormatDuration" name="test_days" time="0.002" /><testcase classname="tests.test_alarm_service.TestCalculateAlarmRate" name="test_no_alarms_zero_rate" time="0.005" /><testcase classname="tests.test_alarm_service.TestCalculateAlarmRate" name="test_with_alarms" time="0.007" /><testcase classname="tests.test_alarm_service.TestUpdateMttrMtbf" name="test_empty_stats" time="0.005" /><testcase classname="tests.test_alarm_service.TestUpdateMttrMtbf" name="test_with_recovery_times" time="0.005" /><testcase classname="tests.test_alarm_service.TestUpdateMttrMtbf" name="test_with_failure_intervals" time="0.005" /><testcase classname="tests.test_alarm_service.TestGetStatistics" name="test_returns_stats" time="0.005" /><testcase classname="tests.test_alarm_service.TestStartStop" name="test_start_no_event_bus" time="0.010" /><testcase classname="tests.test_alarm_service.TestStartStop" name="test_stop_cleans_tasks" time="0.010" /><testcase classname="tests.test_alarm_service.TestTriggerAlarm" name="test_trigger_alarm_suppressed" time="0.007" /><testcase classname="tests.test_alarm_service.TestTriggerAlarm" name="test_trigger_alarm_success" time="0.008" /><testcase classname="tests.test_alarm_service.TestTriggerAlarm" name="test_trigger_alarm_create_failure" time="0.012" /><testcase classname="tests.test_alarm_service.TestListAlarms" name="test_list_alarms_no_filter" time="0.009" /><testcase classname="tests.test_alarm_service.TestListAlarms" name="test_list_alarms_with_device_ids" time="0.010" /><testcase classname="tests.test_alarm_service.TestNotificationChannelManagement" name="test_list_channels" time="0.005" /><testcase classname="tests.test_alarm_service.TestNotificationChannelManagement" name="test_set_channel_enabled" time="0.005" /><testcase classname="tests.test_alarm_service.TestNotificationChannelManagement" name="test_test_notification_channel" time="0.008" /><testcase classname="tests.test_api_auth.TestIsDevMode" name="test_dev_mode_true" time="0.002" /><testcase classname="tests.test_api_auth.TestIsDevMode" name="test_dev_mode_1" time="0.003" /><testcase classname="tests.test_api_auth.TestIsDevMode" name="test_dev_mode_yes" time="0.003" /><testcase classname="tests.test_api_auth.TestIsDevMode" name="test_dev_mode_false" time="0.003" /><testcase classname="tests.test_api_auth.TestIsDevMode" name="test_dev_mode_unset" time="0.002" /><testcase classname="tests.test_api_auth.TestIsIpInCidr" name="test_ip_in_cidr" time="0.002" /><testcase classname="tests.test_api_auth.TestIsIpInCidr" name="test_ip_not_in_cidr" time="0.002" /><testcase classname="tests.test_api_auth.TestIsIpInCidr" name="test_ipv6_in_cidr" time="0.002" /><testcase classname="tests.test_api_auth.TestIsIpInCidr" name="test_invalid_ip" time="0.002" /><testcase classname="tests.test_api_auth.TestIsIpInCidr" name="test_invalid_cidr" time="0.002" /><testcase classname="tests.test_api_auth.TestIsIpInCidr" name="test_exact_match_single_ip" time="0.002" /><testcase classname="tests.test_api_auth.TestIsTrustedProxy" name="test_empty_trusted_proxies" time="0.002" /><testcase classname="tests.test_api_auth.TestIsTrustedProxy" name="test_none_trusted_proxies" time="0.002" /><testcase classname="tests.test_api_auth.TestIsTrustedProxy" name="test_exact_match" time="0.002" /><testcase classname="tests.test_api_auth.TestIsTrustedProxy" name="test_no_match" time="0.002" /><testcase classname="tests.test_api_auth.TestIsTrustedProxy" name="test_cidr_match" time="0.002" /><testcase classname="tests.test_api_auth.TestIsTrustedProxy" name="test_cidr_no_match" time="0.002" /><testcase classname="tests.test_api_auth.TestIsTrustedProxy" name="test_whitespace_stripped" time="0.002" /><testcase classname="tests.test_api_auth.TestIsTrustedProxy" name="test_multiple_proxies" time="0.002" /><testcase classname="tests.test_api_auth.TestGetClientIp" name="test_direct_client_no_proxies" time="0.003" /><testcase classname="tests.test_api_auth.TestGetClientIp" name="test_direct_client_not_trusted" time="0.002" /><testcase classname="tests.test_api_auth.TestGetClientIp" name="test_trusted_proxy_uses_xff" time="0.002" /><testcase classname="tests.test_api_auth.TestGetClientIp" name="test_trusted_proxy_uses_xrealip" time="0.002" /><testcase classname="tests.test_api_auth.TestGetClientIp" name="test_trusted_proxy_invalid_xff" time="0.002" /><testcase classname="tests.test_api_auth.TestGetClientIp" name="test_trusted_proxy_multiple_xff" time="0.002" /><testcase classname="tests.test_api_auth.TestGetClientIp" name="test_no_client" time="0.002" /><testcase classname="tests.test_api_auth.TestSetTokenCookies" name="test_set_cookies_dev_mode" time="0.002" /><testcase classname="tests.test_api_auth.TestSetTokenCookies" name="test_set_cookies_prod_mode" time="0.002" /><testcase classname="tests.test_api_auth.TestClearTokenCookies" name="test_clear_cookies" time="0.002" /><testcase classname="tests.test_api_auth.TestCheckLoginRate" name="test_under_limit_no_exception" time="0.005" /><testcase classname="tests.test_api_auth.TestCheckLoginRate" name="test_over_limit_raises_429" time="0.004" /><testcase classname="tests.test_api_auth.TestRecordLoginAttempt" name="test_record_called" time="0.005" /><testcase classname="tests.test_api_auth.TestCheckAccountLockout" name="test_no_lockout" time="0.005" /><testcase classname="tests.test_api_auth.TestCheckAccountLockout" name="test_lockout_expired" time="0.004" /><testcase classname="tests.test_api_auth.TestCheckAccountLockout" name="test_lockout_active_raises_423" time="0.004" /><testcase classname="tests.test_api_auth.TestRecordLockoutFailure" name="test_record_called" time="0.004" /><testcase classname="tests.test_api_auth.TestClearLockout" name="test_clear_called" time="0.006" /><testcase classname="tests.test_api_auth.TestWeakPasswords" name="test_common_weak_passwords" time="0.002" /><testcase classname="tests.test_api_auth.TestWeakPasswords" name="test_weak_passwords_case_sensitive" time="0.002" /><testcase classname="tests.test_api_auth.TestPasswordLengthConstants" name="test_min_password_length" time="0.002" /><testcase classname="tests.test_api_auth.TestPasswordLengthConstants" name="test_max_password_length" time="0.002" /><testcase classname="tests.test_api_auth.TestCookieConstants" name="test_cookie_names" time="0.002" /><testcase classname="tests.test_api_auth.TestRouterDefinition" name="test_router_prefix" time="0.002" /><testcase classname="tests.test_api_auth.TestRouterDefinition" name="test_router_tags" time="0.002" /></testsuite></testsuites>