<?xml version="1.0" encoding="utf-8"?><testsuites name="pytest tests"><testsuite name="pytest" errors="1" failures="0" skipped="0" tests="1" time="23.710" timestamp="2026-07-11T11:25:40.498680+08:00" hostname="85D83CFAC341E71"><testcase classname="" name="tests.test_api_drivers" time="0.000"><error message="collection failure">D:\os\Python312\Lib\site-packages\_pytest\python.py:507: in importtestmodule
    mod = import_path(
D:\os\Python312\Lib\site-packages\_pytest\pathlib.py:587: in import_path
    importlib.import_module(module_name)
D:\os\Python312\Lib\importlib\__init__.py:90: in import_module
    return _bootstrap._gcd_import(name[level:], package, level)
           ^^^^^^^^^^^^^^^^^^^^^^^^^^^^^^^^^^^^^^^^^^^^^^^^^^^^
&lt;frozen importlib._bootstrap&gt;:1381: in _gcd_import
    ???
&lt;frozen importlib._bootstrap&gt;:1354: in _find_and_load
    ???
&lt;frozen importlib._bootstrap&gt;:1325: in _find_and_load_unlocked
    ???
&lt;frozen importlib._bootstrap&gt;:929: in _load_unlocked
    ???
D:\os\Python312\Lib\site-packages\_pytest\assertion\rewrite.py:188: in exec_module
    source_stat, co = _rewrite_test(fn, self.config)
                      ^^^^^^^^^^^^^^^^^^^^^^^^^^^^^^
D:\os\Python312\Lib\site-packages\_pytest\assertion\rewrite.py:359: in _rewrite_test
    co = compile(tree, strfn, "exec", dont_inherit=True)
         ^^^^^^^^^^^^^^^^^^^^^^^^^^^^^^^^^^^^^^^^^^^^^^^
E     File "E:\硕腾网络\PyGBSentry\EdgeLite\EdgeLite-v1.0-Community\tests\test_api_drivers.py", line 26
E       from __future__ import annotations
E       ^^^^^^^^^^^^^^^^^^^^^^^^^^^^^^^^^^
E   SyntaxError: from __future__ imports must occur at the beginning of the file</error></testcase></testsuite></testsuites>