<?xml version="1.0" encoding="utf-8"?><testsuites name="pytest tests"><testsuite name="pytest" errors="13" failures="0" skipped="0" tests="3188" time="458.355" timestamp="2026-07-11T08:15:29.652725+08:00" hostname="85D83CFAC341E71"><testcase classname="" name="tests.test_alarm_service_ext" time="0.000"><error message="collection failure">D:\os\Python312\Lib\site-packages\_pytest\python.py:507: in importtestmodule
    mod = import_path(
D:\os\Python312\Lib\site-packages\_pytest\pathlib.py:587: in import_path
    importlib.import_module(module_name)
D:\os\Python312\Lib\importlib\__init__.py:90: in import_module
    return _bootstrap._gcd_import(name[level:], package, level)
           ^^^^^^^^^^^^^^^^^^^^^^^^^^^^^^^^^^^^^^^^^^^^^^^^^^^^
&lt;frozen importlib._bootstrap&gt;:1381: in _gcd_import
    ???
&lt;frozen importlib._bootstrap&gt;:1354: in _find_and_load
    ???
&lt;frozen importlib._bootstrap&gt;:1325: in _find_and_load_unlocked
    ???
&lt;frozen importlib._bootstrap&gt;:929: in _load_unlocked
    ???
D:\os\Python312\Lib\site-packages\_pytest\assertion\rewrite.py:188: in exec_module
    source_stat, co = _rewrite_test(fn, self.config)
                      ^^^^^^^^^^^^^^^^^^^^^^^^^^^^^^
D:\os\Python312\Lib\site-packages\_pytest\assertion\rewrite.py:357: in _rewrite_test
    tree = ast.parse(source, filename=strfn)
           ^^^^^^^^^^^^^^^^^^^^^^^^^^^^^^^^^
D:\os\Python312\Lib\ast.py:52: in parse
    return compile(source, filename, mode, flags,
E     File "E:\硕腾网络\PyGBSentry\EdgeLite\EdgeLite-v1.0-Community\tests\test_alarm_service_ext.py", line 1
E       """告
E       ^
E   SyntaxError: unterminated triple-quoted string literal (detected at line 1)</error></testcase><testcase classname="" name="tests.test_bootstrap" time="0.000"><error message="collection failure">D:\os\Python312\Lib\site-packages\_pytest\python.py:507: in importtestmodule
    mod = import_path(
D:\os\Python312\Lib\site-packages\_pytest\pathlib.py:587: in import_path
    importlib.import_module(module_name)
D:\os\Python312\Lib\importlib\__init__.py:90: in import_module
    return _bootstrap._gcd_import(name[level:], package, level)
           ^^^^^^^^^^^^^^^^^^^^^^^^^^^^^^^^^^^^^^^^^^^^^^^^^^^^
&lt;frozen importlib._bootstrap&gt;:1381: in _gcd_import
    ???
&lt;frozen importlib._bootstrap&gt;:1354: in _find_and_load
    ???
&lt;frozen importlib._bootstrap&gt;:1325: in _find_and_load_unlocked
    ???
&lt;frozen importlib._bootstrap&gt;:929: in _load_unlocked
    ???
D:\os\Python312\Lib\site-packages\_pytest\assertion\rewrite.py:188: in exec_module
    source_stat, co = _rewrite_test(fn, self.config)
                      ^^^^^^^^^^^^^^^^^^^^^^^^^^^^^^
D:\os\Python312\Lib\site-packages\_pytest\assertion\rewrite.py:357: in _rewrite_test
    tree = ast.parse(source, filename=strfn)
           ^^^^^^^^^^^^^^^^^^^^^^^^^^^^^^^^^
D:\os\Python312\Lib\ast.py:52: in parse
    return compile(source, filename, mode, flags,
E     File "E:\硕腾网络\PyGBSentry\EdgeLite\EdgeLite-v1.0-Community\tests\test_bootstrap.py", line 1
E       """bootstrap 模块单元
E       ^
E   SyntaxError: unterminated triple-quoted string literal (detected at line 1)</error></testcase><testcase classname="" name="tests.test_data_import_export" time="0.000"><error message="collection failure">D:\os\Python312\Lib\site-packages\_pytest\python.py:507: in importtestmodule
    mod = import_path(
D:\os\Python312\Lib\site-packages\_pytest\pathlib.py:587: in import_path
    importlib.import_module(module_name)
D:\os\Python312\Lib\importlib\__init__.py:90: in import_module
    return _bootstrap._gcd_import(name[level:], package, level)
           ^^^^^^^^^^^^^^^^^^^^^^^^^^^^^^^^^^^^^^^^^^^^^^^^^^^^
&lt;frozen importlib._bootstrap&gt;:1381: in _gcd_import
    ???
&lt;frozen importlib._bootstrap&gt;:1354: in _find_and_load
    ???
&lt;frozen importlib._bootstrap&gt;:1325: in _find_and_load_unlocked
    ???
&lt;frozen importlib._bootstrap&gt;:929: in _load_unlocked
    ???
D:\os\Python312\Lib\site-packages\_pytest\assertion\rewrite.py:188: in exec_module
    source_stat, co = _rewrite_test(fn, self.config)
                      ^^^^^^^^^^^^^^^^^^^^^^^^^^^^^^
D:\os\Python312\Lib\site-packages\_pytest\assertion\rewrite.py:357: in _rewrite_test
    tree = ast.parse(source, filename=strfn)
           ^^^^^^^^^^^^^^^^^^^^^^^^^^^^^^^^^
D:\os\Python312\Lib\ast.py:52: in parse
    return compile(source, filename, mode, flags,
E     File "E:\硕腾网络\PyGBSentry\EdgeLite\EdgeLite-v1.0-Community\tests\test_data_import_export.py", line 1
E       """data_import_export
E       ^
E   SyntaxError: unterminated triple-quoted string literal (detected at line 1)</error></testcase><testcase classname="" name="tests.test_device_service" time="0.000"><error message="collection failure">D:\os\Python312\Lib\site-packages\_pytest\python.py:507: in importtestmodule
    mod = import_path(
D:\os\Python312\Lib\site-packages\_pytest\pathlib.py:587: in import_path
    importlib.import_module(module_name)
D:\os\Python312\Lib\importlib\__init__.py:90: in import_module
    return _bootstrap._gcd_import(name[level:], package, level)
           ^^^^^^^^^^^^^^^^^^^^^^^^^^^^^^^^^^^^^^^^^^^^^^^^^^^^
&lt;frozen importlib._bootstrap&gt;:1381: in _gcd_import
    ???
&lt;frozen importlib._bootstrap&gt;:1354: in _find_and_load
    ???
&lt;frozen importlib._bootstrap&gt;:1325: in _find_and_load_unlocked
    ???
&lt;frozen importlib._bootstrap&gt;:929: in _load_unlocked
    ???
D:\os\Python312\Lib\site-packages\_pytest\assertion\rewrite.py:188: in exec_module
    source_stat, co = _rewrite_test(fn, self.config)
                      ^^^^^^^^^^^^^^^^^^^^^^^^^^^^^^
D:\os\Python312\Lib\site-packages\_pytest\assertion\rewrite.py:357: in _rewrite_test
    tree = ast.parse(source, filename=strfn)
           ^^^^^^^^^^^^^^^^^^^^^^^^^^^^^^^^^
D:\os\Python312\Lib\ast.py:52: in parse
    return compile(source, filename, mode, flags,
E     File "E:\硕腾网络\PyGBSentry\EdgeLite\EdgeLite-v1.0-Community\tests\test_device_service.py", line 1
E       """DeviceService 综
E       ^
E   SyntaxError: unterminated triple-quoted string literal (detected at line 1)</error></testcase><testcase classname="" name="tests.test_evaluator" time="0.000"><error message="collection failure">D:\os\Python312\Lib\site-packages\_pytest\python.py:507: in importtestmodule
    mod = import_path(
D:\os\Python312\Lib\site-packages\_pytest\pathlib.py:587: in import_path
    importlib.import_module(module_name)
D:\os\Python312\Lib\importlib\__init__.py:90: in import_module
    return _bootstrap._gcd_import(name[level:], package, level)
           ^^^^^^^^^^^^^^^^^^^^^^^^^^^^^^^^^^^^^^^^^^^^^^^^^^^^
&lt;frozen importlib._bootstrap&gt;:1381: in _gcd_import
    ???
&lt;frozen importlib._bootstrap&gt;:1354: in _find_and_load
    ???
&lt;frozen importlib._bootstrap&gt;:1325: in _find_and_load_unlocked
    ???
&lt;frozen importlib._bootstrap&gt;:929: in _load_unlocked
    ???
D:\os\Python312\Lib\site-packages\_pytest\assertion\rewrite.py:188: in exec_module
    source_stat, co = _rewrite_test(fn, self.config)
                      ^^^^^^^^^^^^^^^^^^^^^^^^^^^^^^
D:\os\Python312\Lib\site-packages\_pytest\assertion\rewrite.py:357: in _rewrite_test
    tree = ast.parse(source, filename=strfn)
           ^^^^^^^^^^^^^^^^^^^^^^^^^^^^^^^^^
D:\os\Python312\Lib\ast.py:52: in parse
    return compile(source, filename, mode, flags,
E     File "E:\硕腾网络\PyGBSentry\EdgeLite\EdgeLite-v1.0-Community\tests\test_evaluator.py", line 1
E       """RuleEvaluator 综合单元测试
E       ^
E   SyntaxError: unterminated triple-quoted string literal (detected at line 3)</error></testcase><testcase classname="" name="tests.test_evaluator_ext" time="0.000"><error message="collection failure">D:\os\Python312\Lib\site-packages\_pytest\python.py:507: in importtestmodule
    mod = import_path(
D:\os\Python312\Lib\site-packages\_pytest\pathlib.py:587: in import_path
    importlib.import_module(module_name)
D:\os\Python312\Lib\importlib\__init__.py:90: in import_module
    return _bootstrap._gcd_import(name[level:], package, level)
           ^^^^^^^^^^^^^^^^^^^^^^^^^^^^^^^^^^^^^^^^^^^^^^^^^^^^
&lt;frozen importlib._bootstrap&gt;:1381: in _gcd_import
    ???
&lt;frozen importlib._bootstrap&gt;:1354: in _find_and_load
    ???
&lt;frozen importlib._bootstrap&gt;:1325: in _find_and_load_unlocked
    ???
&lt;frozen importlib._bootstrap&gt;:929: in _load_unlocked
    ???
D:\os\Python312\Lib\site-packages\_pytest\assertion\rewrite.py:188: in exec_module
    source_stat, co = _rewrite_test(fn, self.config)
                      ^^^^^^^^^^^^^^^^^^^^^^^^^^^^^^
D:\os\Python312\Lib\site-packages\_pytest\assertion\rewrite.py:357: in _rewrite_test
    tree = ast.parse(source, filename=strfn)
           ^^^^^^^^^^^^^^^^^^^^^^^^^^^^^^^^^
D:\os\Python312\Lib\ast.py:52: in parse
    return compile(source, filename, mode, flags,
E     File "E:\硕腾网络\PyGBSentry\EdgeLite\EdgeLite-v1.0-Community\tests\test_evaluator_ext.py", line 1
E       """规则评估器 (
E       ^
E   SyntaxError: unterminated triple-quoted string literal (detected at line 1)</error></testcase><testcase classname="" name="tests.test_mqtt_forwarder" time="0.000"><error message="collection failure">D:\os\Python312\Lib\site-packages\_pytest\python.py:507: in importtestmodule
    mod = import_path(
D:\os\Python312\Lib\site-packages\_pytest\pathlib.py:587: in import_path
    importlib.import_module(module_name)
D:\os\Python312\Lib\importlib\__init__.py:90: in import_module
    return _bootstrap._gcd_import(name[level:], package, level)
           ^^^^^^^^^^^^^^^^^^^^^^^^^^^^^^^^^^^^^^^^^^^^^^^^^^^^
&lt;frozen importlib._bootstrap&gt;:1381: in _gcd_import
    ???
&lt;frozen importlib._bootstrap&gt;:1354: in _find_and_load
    ???
&lt;frozen importlib._bootstrap&gt;:1325: in _find_and_load_unlocked
    ???
&lt;frozen importlib._bootstrap&gt;:929: in _load_unlocked
    ???
D:\os\Python312\Lib\site-packages\_pytest\assertion\rewrite.py:188: in exec_module
    source_stat, co = _rewrite_test(fn, self.config)
                      ^^^^^^^^^^^^^^^^^^^^^^^^^^^^^^
D:\os\Python312\Lib\site-packages\_pytest\assertion\rewrite.py:357: in _rewrite_test
    tree = ast.parse(source, filename=strfn)
           ^^^^^^^^^^^^^^^^^^^^^^^^^^^^^^^^^
D:\os\Python312\Lib\ast.py:52: in parse
    return compile(source, filename, mode, flags,
E     File "E:\硕腾网络\PyGBSentry\EdgeLite\EdgeLite-v1.0-Community\tests\test_mqtt_forwarder.py", line 1
E       """MQTT 北向转发器单元测试
E       ^
E   SyntaxError: unterminated triple-quoted string literal (detected at line 2)</error></testcase><testcase classname="" name="tests.test_notification_impl" time="0.000"><error message="collection failure">D:\os\Python312\Lib\site-packages\_pytest\python.py:507: in importtestmodule
    mod = import_path(
D:\os\Python312\Lib\site-packages\_pytest\pathlib.py:587: in import_path
    importlib.import_module(module_name)
D:\os\Python312\Lib\importlib\__init__.py:90: in import_module
    return _bootstrap._gcd_import(name[level:], package, level)
           ^^^^^^^^^^^^^^^^^^^^^^^^^^^^^^^^^^^^^^^^^^^^^^^^^^^^
&lt;frozen importlib._bootstrap&gt;:1381: in _gcd_import
    ???
&lt;frozen importlib._bootstrap&gt;:1354: in _find_and_load
    ???
&lt;frozen importlib._bootstrap&gt;:1325: in _find_and_load_unlocked
    ???
&lt;frozen importlib._bootstrap&gt;:929: in _load_unlocked
    ???
D:\os\Python312\Lib\site-packages\_pytest\assertion\rewrite.py:188: in exec_module
    source_stat, co = _rewrite_test(fn, self.config)
                      ^^^^^^^^^^^^^^^^^^^^^^^^^^^^^^
D:\os\Python312\Lib\site-packages\_pytest\assertion\rewrite.py:357: in _rewrite_test
    tree = ast.parse(source, filename=strfn)
           ^^^^^^^^^^^^^^^^^^^^^^^^^^^^^^^^^
D:\os\Python312\Lib\ast.py:52: in parse
    return compile(source, filename, mode, flags,
E     File "E:\硕腾网络\PyGBSentry\EdgeLite\EdgeLite-v1.0-Community\tests\test_notification_impl.py", line 1
E       """多渠道告警通知服务
E       ^
E   SyntaxError: unterminated triple-quoted string literal (detected at line 1)</error></testcase><testcase classname="" name="tests.test_notify_service" time="0.000"><error message="collection failure">D:\os\Python312\Lib\site-packages\_pytest\python.py:507: in importtestmodule
    mod = import_path(
D:\os\Python312\Lib\site-packages\_pytest\pathlib.py:587: in import_path
    importlib.import_module(module_name)
D:\os\Python312\Lib\importlib\__init__.py:90: in import_module
    return _bootstrap._gcd_import(name[level:], package, level)
           ^^^^^^^^^^^^^^^^^^^^^^^^^^^^^^^^^^^^^^^^^^^^^^^^^^^^
&lt;frozen importlib._bootstrap&gt;:1381: in _gcd_import
    ???
&lt;frozen importlib._bootstrap&gt;:1354: in _find_and_load
    ???
&lt;frozen importlib._bootstrap&gt;:1325: in _find_and_load_unlocked
    ???
&lt;frozen importlib._bootstrap&gt;:929: in _load_unlocked
    ???
D:\os\Python312\Lib\site-packages\_pytest\assertion\rewrite.py:188: in exec_module
    source_stat, co = _rewrite_test(fn, self.config)
                      ^^^^^^^^^^^^^^^^^^^^^^^^^^^^^^
D:\os\Python312\Lib\site-packages\_pytest\assertion\rewrite.py:357: in _rewrite_test
    tree = ast.parse(source, filename=strfn)
           ^^^^^^^^^^^^^^^^^^^^^^^^^^^^^^^^^
D:\os\Python312\Lib\ast.py:52: in parse
    return compile(source, filename, mode, flags,
E     File "E:\硕腾网络\PyGBSentry\EdgeLite\EdgeLite-v1.0-Community\tests\test_notify_service.py", line 1
E       """告警
E       ^
E   SyntaxError: unterminated triple-quoted string literal (detected at line 1)</error></testcase><testcase classname="" name="tests.test_rule_service" time="0.000"><error message="collection failure">D:\os\Python312\Lib\site-packages\_pytest\python.py:507: in importtestmodule
    mod = import_path(
D:\os\Python312\Lib\site-packages\_pytest\pathlib.py:587: in import_path
    importlib.import_module(module_name)
D:\os\Python312\Lib\importlib\__init__.py:90: in import_module
    return _bootstrap._gcd_import(name[level:], package, level)
           ^^^^^^^^^^^^^^^^^^^^^^^^^^^^^^^^^^^^^^^^^^^^^^^^^^^^
&lt;frozen importlib._bootstrap&gt;:1381: in _gcd_import
    ???
&lt;frozen importlib._bootstrap&gt;:1354: in _find_and_load
    ???
&lt;frozen importlib._bootstrap&gt;:1325: in _find_and_load_unlocked
    ???
&lt;frozen importlib._bootstrap&gt;:929: in _load_unlocked
    ???
D:\os\Python312\Lib\site-packages\_pytest\assertion\rewrite.py:188: in exec_module
    source_stat, co = _rewrite_test(fn, self.config)
                      ^^^^^^^^^^^^^^^^^^^^^^^^^^^^^^
D:\os\Python312\Lib\site-packages\_pytest\assertion\rewrite.py:357: in _rewrite_test
    tree = ast.parse(source, filename=strfn)
           ^^^^^^^^^^^^^^^^^^^^^^^^^^^^^^^^^
D:\os\Python312\Lib\ast.py:52: in parse
    return compile(source, filename, mode, flags,
E     File "E:\硕腾网络\PyGBSentry\EdgeLite\EdgeLite-v1.0-Community\tests\test_rule_service.py", line 1
E       """规则管理服务测试 - CRUD/
E       ^
E   SyntaxError: unterminated triple-quoted string literal (detected at line 1)</error></testcase><testcase classname="" name="tests.test_scheduler" time="0.000"><error message="collection failure">D:\os\Python312\Lib\site-packages\_pytest\python.py:507: in importtestmodule
    mod = import_path(
D:\os\Python312\Lib\site-packages\_pytest\pathlib.py:587: in import_path
    importlib.import_module(module_name)
D:\os\Python312\Lib\importlib\__init__.py:90: in import_module
    return _bootstrap._gcd_import(name[level:], package, level)
           ^^^^^^^^^^^^^^^^^^^^^^^^^^^^^^^^^^^^^^^^^^^^^^^^^^^^
&lt;frozen importlib._bootstrap&gt;:1381: in _gcd_import
    ???
&lt;frozen importlib._bootstrap&gt;:1354: in _find_and_load
    ???
&lt;frozen importlib._bootstrap&gt;:1325: in _find_and_load_unlocked
    ???
&lt;frozen importlib._bootstrap&gt;:929: in _load_unlocked
    ???
D:\os\Python312\Lib\site-packages\_pytest\assertion\rewrite.py:188: in exec_module
    source_stat, co = _rewrite_test(fn, self.config)
                      ^^^^^^^^^^^^^^^^^^^^^^^^^^^^^^
D:\os\Python312\Lib\site-packages\_pytest\assertion\rewrite.py:357: in _rewrite_test
    tree = ast.parse(source, filename=strfn)
           ^^^^^^^^^^^^^^^^^^^^^^^^^^^^^^^^^
D:\os\Python312\Lib\ast.py:52: in parse
    return compile(source, filename, mode, flags,
E     File "E:\硕腾网络\PyGBSentry\EdgeLite\EdgeLite-v1.0-Community\tests\test_scheduler.py", line 1
E       """采集调度器
E       ^
E   SyntaxError: unterminated triple-quoted string literal (detected at line 1)</error></testcase><testcase classname="" name="tests.test_service_manager" time="0.000"><error message="collection failure">D:\os\Python312\Lib\site-packages\_pytest\python.py:507: in importtestmodule
    mod = import_path(
D:\os\Python312\Lib\site-packages\_pytest\pathlib.py:587: in import_path
    importlib.import_module(module_name)
D:\os\Python312\Lib\importlib\__init__.py:90: in import_module
    return _bootstrap._gcd_import(name[level:], package, level)
           ^^^^^^^^^^^^^^^^^^^^^^^^^^^^^^^^^^^^^^^^^^^^^^^^^^^^
&lt;frozen importlib._bootstrap&gt;:1381: in _gcd_import
    ???
&lt;frozen importlib._bootstrap&gt;:1354: in _find_and_load
    ???
&lt;frozen importlib._bootstrap&gt;:1325: in _find_and_load_unlocked
    ???
&lt;frozen importlib._bootstrap&gt;:929: in _load_unlocked
    ???
D:\os\Python312\Lib\site-packages\_pytest\assertion\rewrite.py:188: in exec_module
    source_stat, co = _rewrite_test(fn, self.config)
                      ^^^^^^^^^^^^^^^^^^^^^^^^^^^^^^
D:\os\Python312\Lib\site-packages\_pytest\assertion\rewrite.py:357: in _rewrite_test
    tree = ast.parse(source, filename=strfn)
           ^^^^^^^^^^^^^^^^^^^^^^^^^^^^^^^^^
D:\os\Python312\Lib\ast.py:52: in parse
    return compile(source, filename, mode, flags,
E     File "E:\硕腾网络\PyGBSentry\EdgeLite\EdgeLite-v1.0-Community\tests\test_service_manager.py", line 1
E       """服务
E       ^
E   SyntaxError: unterminated triple-quoted string literal (detected at line 1)</error></testcase><testcase classname="" name="tests.test_sqlite_repo_ext" time="0.000"><error message="collection failure">D:\os\Python312\Lib\site-packages\_pytest\python.py:507: in importtestmodule
    mod = import_path(
D:\os\Python312\Lib\site-packages\_pytest\pathlib.py:587: in import_path
    importlib.import_module(module_name)
D:\os\Python312\Lib\importlib\__init__.py:90: in import_module
    return _bootstrap._gcd_import(name[level:], package, level)
           ^^^^^^^^^^^^^^^^^^^^^^^^^^^^^^^^^^^^^^^^^^^^^^^^^^^^
&lt;frozen importlib._bootstrap&gt;:1381: in _gcd_import
    ???
&lt;frozen importlib._bootstrap&gt;:1354: in _find_and_load
    ???
&lt;frozen importlib._bootstrap&gt;:1325: in _find_and_load_unlocked
    ???
&lt;frozen importlib._bootstrap&gt;:929: in _load_unlocked
    ???
D:\os\Python312\Lib\site-packages\_pytest\assertion\rewrite.py:188: in exec_module
    source_stat, co = _rewrite_test(fn, self.config)
                      ^^^^^^^^^^^^^^^^^^^^^^^^^^^^^^
D:\os\Python312\Lib\site-packages\_pytest\assertion\rewrite.py:357: in _rewrite_test
    tree = ast.parse(source, filename=strfn)
           ^^^^^^^^^^^^^^^^^^^^^^^^^^^^^^^^^
D:\os\Python312\Lib\ast.py:52: in parse
    return compile(source, filename, mode, flags,
E     File "E:\硕腾网络\PyGBSentry\EdgeLite\EdgeLite-v1.0-Community\tests\test_sqlite_repo_ext.py", line 1
E       """sqlite_repo 扩展单元测试——最大化
E       ^
E   SyntaxError: unterminated triple-quoted string literal (detected at line 1)</error></testcase><testcase classname="tests.test_abb_robot.TestAbbRobotInit" name="test_init_calls_super" time="0.006" /><testcase classname="tests.test_abb_robot.TestAbbRobotInit" name="test_connected_init_false" time="0.003" /><testcase classname="tests.test_abb_robot.TestAbbRobotInit" name="test_safety_stop_init_false" time="0.002" /><testcase classname="tests.test_abb_robot.TestAbbRobotInit" name="test_supported_protocols_is_tuple" time="0.002" /><testcase classname="tests.test_abb_robot.TestAbbRobotInit" name="test_remove_device_does_not_crash" time="0.003" /><testcase classname="tests.test_abb_robot.TestConfigSchema" name="test_safety_guard_field_exists" time="0.002" /><testcase classname="tests.test_abb_robot.TestConfigSchema" name="test_stop_on_disconnect_field_exists" time="0.002" /><testcase classname="tests.test_abb_robot.TestConfigSchema" name="test_safety_guard_default_true" time="0.002" /><testcase classname="tests.test_abb_robot.TestConfigSchema" name="test_stop_on_disconnect_default_true" time="0.002" /><testcase classname="tests.test_abb_robot.TestEmergencyStop" name="test_emergency_stop_sets_flag" time="0.030" /><testcase classname="tests.test_abb_robot.TestEmergencyStop" name="test_emergency_stop_without_client_still_sets_flag" time="0.008" /><testcase classname="tests.test_abb_robot.TestEmergencyStop" name="test_emergency_stop_calls_stop_motion_when_connected" time="0.009" /><testcase classname="tests.test_abb_robot.TestEmergencyStop" name="test_emergency_stop_does_not_raise_on_stop_motion_failure" time="0.009" /><testcase classname="tests.test_abb_robot.TestWriteBlockOnSafetyStop" name="test_write_blocked_when_safety_active" time="0.008" /><testcase classname="tests.test_abb_robot.TestWriteBlockOnSafetyStop" name="test_write_blocked_does_not_call_client" time="0.006" /><testcase classname="tests.test_abb_robot.TestWriteBlockOnSafetyStop" name="test_write_allowed_when_safety_inactive" time="0.005" /><testcase classname="tests.test_abb_robot.TestWriteBlockOnSafetyStop" name="test_write_allowed_when_guard_disabled" time="0.006" /><testcase classname="tests.test_abb_robot.TestResetSafetyStop" name="test_reset_clears_flag" time="0.002" /><testcase classname="tests.test_abb_robot.TestResetSafetyStop" name="test_reset_returns_false_when_not_active" time="0.003" /><testcase classname="tests.test_abb_robot.TestResetSafetyStop" name="test_write_re_enabled_after_reset" time="0.008" /><testcase classname="tests.test_abb_robot.TestStopMotion" name="test_stop_motion_returns_true_on_success" time="0.006" /><testcase classname="tests.test_abb_robot.TestStopMotion" name="test_stop_motion_returns_false_when_not_connected" time="0.007" /><testcase classname="tests.test_abb_robot.TestStopMotion" name="test_stop_motion_returns_false_on_http_error" time="0.005" /><testcase classname="tests.test_abb_robot.TestStopMotion" name="test_stop_motion_returns_false_on_exception" time="0.005" /><testcase classname="tests.test_abb_robot.TestGetSafetyState" name="test_returns_unavailable_when_not_connected" time="0.004" /><testcase classname="tests.test_abb_robot.TestGetSafetyState" name="test_returns_state_on_success" time="0.004" /><testcase classname="tests.test_abb_robot.TestGetSafetyState" name="test_syncs_safety_flag_from_controller" time="0.004" /><testcase classname="tests.test_abb_robot.TestStopOnDisconnect" name="test_stop_calls_stop_motion_when_enabled" time="0.004" /><testcase classname="tests.test_abb_robot.TestStopOnDisconnect" name="test_stop_skips_stop_motion_when_disabled" time="0.004" /><testcase classname="tests.test_abb_robot.TestStopOnDisconnect" name="test_stop_skips_stop_motion_when_not_connected" time="0.004" /><testcase classname="tests.test_abb_robot.TestStopOnDisconnect" name="test_stop_clears_connected_flag" time="0.004" /><testcase classname="tests.test_acceptance_api.TestAPI200Success" name="test_a1_01_get_devices_200" time="0.342" /><testcase classname="tests.test_acceptance_api.TestAPI200Success" name="test_a1_02_get_rules_200" time="0.436" /><testcase classname="tests.test_acceptance_api.TestAPI200Success" name="test_a1_03_get_alarms_200" time="0.441" /><testcase classname="tests.test_acceptance_api.TestAPI200Success" name="test_a1_04_get_system_status_200" time="0.869" /><testcase classname="tests.test_acceptance_api.TestAPI200Success" name="test_a1_05_get_system_resources_200" time="0.647" /><testcase classname="tests.test_acceptance_api.TestAPI200Success" name="test_a1_06_get_drivers_200" time="0.836" /><testcase classname="tests.test_acceptance_api.TestAPI200Success" name="test_a1_07_get_services_200" time="0.961" /><testcase classname="tests.test_acceptance_api.TestAPI200Success" name="test_a1_08_get_system_config_200" time="0.665" /><testcase classname="tests.test_acceptance_api.TestAPI200Success" name="test_a1_09_get_system_ready_status_200" time="0.653" /><testcase classname="tests.test_acceptance_api.TestAPI200Success" name="test_a1_10_get_system_health_basic_200" time="1.009" /><testcase classname="tests.test_acceptance_api.TestAPI200Success" name="test_a1_11_get_system_circuit_breakers_200" time="0.741" /><testcase classname="tests.test_acceptance_api.TestAPI200Success" name="test_a1_12_get_system_locks_status_200" time="0.692" /><testcase classname="tests.test_acceptance_api.TestAPI200Success" name="test_a1_13_get_system_network_200" time="1.453" /><testcase classname="tests.test_acceptance_api.TestAPI200Success" name="test_a1_14_get_system_retention_200" time="0.648" /><testcase classname="tests.test_acceptance_api.TestAPI200Success" name="test_a1_15_get_system_performance_200" time="0.920" /><testcase classname="tests.test_acceptance_api.TestAPI400BadRequest" name="test_a2_01_create_device_missing_required_fields" time="0.331" /><testcase classname="tests.test_acceptance_api.TestAPI400BadRequest" name="test_a2_02_create_device_invalid_protocol" time="0.317" /><testcase classname="tests.test_acceptance_api.TestAPI400BadRequest" name="test_a2_03_create_device_invalid_port_range" time="14.562" /><testcase classname="tests.test_acceptance_api.TestAPI400BadRequest" name="test_a2_04_create_device_invalid_collect_interval" time="0.329" /><testcase classname="tests.test_acceptance_api.TestAPI400BadRequest" name="test_a2_05_create_rule_missing_fields" time="0.557" /><testcase classname="tests.test_acceptance_api.TestAPI401Unauthorized" name="test_a3_01_devices_no_token" time="0.338" /><testcase classname="tests.test_acceptance_api.TestAPI401Unauthorized" name="test_a3_02_rules_no_token" time="0.362" /><testcase classname="tests.test_acceptance_api.TestAPI401Unauthorized" name="test_a3_03_alarms_no_token" time="0.431" /><testcase classname="tests.test_acceptance_api.TestAPI401Unauthorized" name="test_a3_04_system_config_no_token" time="0.703" /><testcase classname="tests.test_acceptance_api.TestAPI401Unauthorized" name="test_a3_05_create_device_no_token" time="0.478" /><testcase classname="tests.test_acceptance_api.TestAPI401Unauthorized" name="test_a3_06_invalid_bearer_token" time="0.296" /><testcase classname="tests.test_acceptance_api.TestAPI403Forbidden" name="test_a4_01_viewer_cannot_create_device" time="0.351" /><testcase classname="tests.test_acceptance_api.TestAPI403Forbidden" name="test_a4_02_viewer_cannot_delete_device" time="0.337" /><testcase classname="tests.test_acceptance_api.TestAPI403Forbidden" name="test_a4_03_viewer_cannot_create_rule" time="0.353" /><testcase classname="tests.test_acceptance_api.TestAPI403Forbidden" name="test_a4_04_viewer_cannot_delete_rule" time="0.617" /><testcase classname="tests.test_acceptance_api.TestAPI403Forbidden" name="test_a4_05_viewer_cannot_update_system_config" time="0.675" /><testcase classname="tests.test_acceptance_api.TestAPI403Forbidden" name="test_a4_06_viewer_cannot_reload_config" time="0.654" /><testcase classname="tests.test_acceptance_api.TestAPI403Forbidden" name="test_a4_07_viewer_can_read_devices" time="0.288" /><testcase classname="tests.test_acceptance_api.TestAPI403Forbidden" name="test_a4_08_viewer_can_read_rules" time="0.355" /><testcase classname="tests.test_acceptance_api.TestAPI404NotFound" name="test_a5_01_device_not_found" time="0.482" /><testcase classname="tests.test_acceptance_api.TestAPI404NotFound" name="test_a5_02_rule_not_found" time="0.362" /><testcase classname="tests.test_acceptance_api.TestAPI404NotFound" name="test_a5_03_unknown_endpoint" time="1.193" /><testcase classname="tests.test_acceptance_api.TestAPI500ServerError" name="test_a6_01_device_service_error" time="0.329" /><testcase classname="tests.test_acceptance_api.TestAPI500ServerError" name="test_a6_02_rule_service_error" time="0.574" /><testcase classname="tests.test_acceptance_api.TestAPI500ServerError" name="test_a6_03_alarm_service_error" time="0.517" /><testcase classname="tests.test_acceptance_api.TestAPIPagination" name="test_a7_01_default_pagination" time="0.303" /><testcase classname="tests.test_acceptance_api.TestAPIPagination" name="test_a7_02_custom_pagination" time="0.363" /><testcase classname="tests.test_acceptance_api.TestAPIPagination" name="test_a7_03_invalid_page" time="0.303" /><testcase classname="tests.test_acceptance_api.TestAPIPagination" name="test_a7_04_oversize_page" time="0.363" /><testcase classname="tests.test_acceptance_api.TestAPIResponseFormat" name="test_a8_01_list_response_has_data_field" time="0.506" /><testcase classname="tests.test_acceptance_api.TestAPIResponseFormat" name="test_a8_02_list_response_has_total_field" time="0.377" /><testcase classname="tests.test_acceptance_api.TestAPIResponseFormat" name="test_a8_03_error_response_has_detail" time="0.284" /><testcase classname="tests.test_acceptance_compatibility.TestUserAgentCompatibility" name="test_comp1_01_chrome_ua" time="0.297" /><testcase classname="tests.test_acceptance_compatibility.TestUserAgentCompatibility" name="test_comp1_02_firefox_ua" time="0.347" /><testcase classname="tests.test_acceptance_compatibility.TestUserAgentCompatibility" name="test_comp1_03_edge_ua" time="0.352" /><testcase classname="tests.test_acceptance_compatibility.TestUserAgentCompatibility" name="test_comp1_04_safari_ua" time="0.284" /><testcase classname="tests.test_acceptance_compatibility.TestUserAgentCompatibility" name="test_comp1_05_no_user_agent" time="0.517" /><testcase classname="tests.test_acceptance_compatibility.TestContentTypeCompatibility" name="test_comp2_01_json_content_type" time="0.304" /><testcase classname="tests.test_acceptance_compatibility.TestContentTypeCompatibility" name="test_comp2_02_post_with_json" time="0.289" /><testcase classname="tests.test_acceptance_compatibility.TestContentTypeCompatibility" name="test_comp2_03_utf8_response" time="0.351" /><testcase classname="tests.test_acceptance_compatibility.TestHTTPMethodCompliance" name="test_comp3_01_get_allowed" time="0.348" /><testcase classname="tests.test_acceptance_compatibility.TestHTTPMethodCompliance" name="test_comp3_02_post_allowed" time="0.354" /><testcase classname="tests.test_acceptance_compatibility.TestHTTPMethodCompliance" name="test_comp3_03_put_allowed" time="0.571" /><testcase classname="tests.test_acceptance_compatibility.TestHTTPMethodCompliance" name="test_comp3_04_delete_allowed" time="0.289" /><testcase classname="tests.test_acceptance_compatibility.TestHTTPMethodCompliance" name="test_comp3_05_patch_method" time="1.072" /><testcase classname="tests.test_acceptance_compatibility.TestCORSConfiguration" name="test_comp4_01_options_preflight" time="0.034" /><testcase classname="tests.test_acceptance_compatibility.TestCORSConfiguration" name="test_comp4_02_cors_header_present" time="0.354" /><testcase classname="tests.test_acceptance_compatibility.TestErrorHandlingCompatibility" name="test_comp5_01_404_has_json_body" time="1.396" /><testcase classname="tests.test_acceptance_compatibility.TestErrorHandlingCompatibility" name="test_comp5_02_422_has_validation_details" time="0.322" /><testcase classname="tests.test_acceptance_compatibility.TestErrorHandlingCompatibility" name="test_comp5_03_500_has_error_body" time="0.282" /><testcase classname="tests.test_acceptance_functional.TestDeviceCRUD" name="test_f1_01_list_devices" time="0.283" /><testcase classname="tests.test_acceptance_functional.TestDeviceCRUD" name="test_f1_02_create_device_valid" time="0.525" /><testcase classname="tests.test_acceptance_functional.TestDeviceCRUD" name="test_f1_03_create_device_invalid_id" time="0.346" /><testcase classname="tests.test_acceptance_functional.TestDeviceCRUD" name="test_f1_04_create_device_missing_points" time="0.309" /><testcase classname="tests.test_acceptance_functional.TestDeviceCRUD" name="test_f1_05_get_device_by_id" time="0.280" /><testcase classname="tests.test_acceptance_functional.TestDeviceCRUD" name="test_f1_06_get_device_not_found" time="0.339" /><testcase classname="tests.test_acceptance_functional.TestDeviceCRUD" name="test_f1_07_update_device" time="0.308" /><testcase classname="tests.test_acceptance_functional.TestDeviceCRUD" name="test_f1_08_delete_device" time="0.340" /><testcase classname="tests.test_acceptance_functional.TestRuleCRUD" name="test_f2_01_list_rules" time="0.583" /><testcase classname="tests.test_acceptance_functional.TestRuleCRUD" name="test_f2_02_create_rule" time="0.351" /><testcase classname="tests.test_acceptance_functional.TestRuleCRUD" name="test_f2_03_get_rule" time="0.364" /><testcase classname="tests.test_acceptance_functional.TestRuleCRUD" name="test_f2_04_update_rule" time="0.409" /><testcase classname="tests.test_acceptance_functional.TestRuleCRUD" name="test_f2_05_delete_rule" time="0.349" /><testcase classname="tests.test_acceptance_functional.TestRuleCRUD" name="test_f2_06_test_rule" time="0.609" /><testcase classname="tests.test_acceptance_functional.TestAlarmManagement" name="test_f3_01_list_alarms" time="0.440" /><testcase classname="tests.test_acceptance_functional.TestAlarmManagement" name="test_f3_02_acknowledge_alarm" time="0.433" /><testcase classname="tests.test_acceptance_functional.TestAlarmManagement" name="test_f3_03_recover_alarm" time="0.427" /><testcase classname="tests.test_acceptance_functional.TestDataQuery" name="test_f4_01_query_timeseries" time="0.491" /><testcase classname="tests.test_acceptance_functional.TestDataQuery" name="test_f4_02_query_stats" time="0.716" /><testcase classname="tests.test_acceptance_functional.TestDataQuery" name="test_f4_03_query_invalid_time_range" time="0.482" /><testcase classname="tests.test_acceptance_functional.TestAIInference" name="test_f5_01_list_ai_models" time="0.612" /><testcase classname="tests.test_acceptance_functional.TestAIInference" name="test_f5_02_ai_stats" time="0.622" /><testcase classname="tests.test_acceptance_functional.TestSystemManagement" name="test_f6_01_system_status" time="0.919" /><testcase classname="tests.test_acceptance_functional.TestSystemManagement" name="test_f6_02_system_resources" time="0.659" /><testcase classname="tests.test_acceptance_functional.TestSystemManagement" name="test_f6_03_system_config" time="0.691" /><testcase classname="tests.test_acceptance_functional.TestSystemManagement" name="test_f6_04_drivers_list" time="0.867" /><testcase classname="tests.test_acceptance_functional.TestSystemManagement" name="test_f6_05_services_list" time="0.924" /><testcase classname="tests.test_acceptance_performance.TestAPIResponseTime" name="test_perf1_01_devices_list_latency" time="0.468" /><testcase classname="tests.test_acceptance_performance.TestAPIResponseTime" name="test_perf1_02_rules_list_latency" time="0.527" /><testcase classname="tests.test_acceptance_performance.TestAPIResponseTime" name="test_perf1_03_alarms_list_latency" time="0.668" /><testcase classname="tests.test_acceptance_performance.TestAPIResponseTime" name="test_perf1_04_system_status_latency" time="0.918" /><testcase classname="tests.test_acceptance_performance.TestAPIResponseTime" name="test_perf1_05_health_check_latency" time="0.059" /><testcase classname="tests.test_acceptance_performance.TestConcurrentRequests" name="test_perf2_01_concurrent_device_list" time="0.788" /><testcase classname="tests.test_acceptance_performance.TestConcurrentRequests" name="test_perf2_02_concurrent_mixed_endpoints" time="1.159" /><testcase classname="tests.test_acceptance_performance.TestConcurrentRequests" name="test_perf2_03_concurrent_create_devices" time="0.455" /><testcase classname="tests.test_acceptance_performance.TestStabilityUnderLoad" name="test_perf3_01_sustained_requests" time="1.434" /><testcase classname="tests.test_acceptance_performance.TestStabilityUnderLoad" name="test_perf3_02_response_time_stability" time="0.883" /><testcase classname="tests.test_acceptance_security.TestBruteForceProtection" name="test_sec1_01_multiple_failed_login" time="0.125" /><testcase classname="tests.test_acceptance_security.TestBruteForceProtection" name="test_sec1_02_login_with_empty_credentials" time="0.072" /><testcase classname="tests.test_acceptance_security.TestBruteForceProtection" name="test_sec1_03_login_with_weak_password_format" time="0.092" /><testcase classname="tests.test_acceptance_security.TestBruteForceProtection" name="test_sec1_04_long_password_rejected" time="0.070" /><testcase classname="tests.test_acceptance_security.TestPrivilegeEscalation" name="test_sec2_01_viewer_cannot_access_user_management" time="0.683" /><testcase classname="tests.test_acceptance_security.TestPrivilegeEscalation" name="test_sec2_02_viewer_cannot_create_users" time="0.913" /><testcase classname="tests.test_acceptance_security.TestPrivilegeEscalation" name="test_sec2_03_viewer_cannot_delete_users" time="0.678" /><testcase classname="tests.test_acceptance_security.TestPrivilegeEscalation" name="test_sec2_04_viewer_cannot_backup_system" time="0.810" /><testcase classname="tests.test_acceptance_security.TestPrivilegeEscalation" name="test_sec2_05_viewer_cannot_restore_system" time="0.860" /><testcase classname="tests.test_acceptance_security.TestPrivilegeEscalation" name="test_sec2_06_viewer_cannot_reload_config" time="0.651" /><testcase classname="tests.test_acceptance_security.TestPrivilegeEscalation" name="test_sec2_07_viewer_cannot_rotate_cert" time="0.654" /><testcase classname="tests.test_acceptance_security.TestPrivilegeEscalation" name="test_sec2_08_admin_passes_permission_check" time="0.692" /><testcase classname="tests.test_acceptance_security.TestSQLInjection" name="test_sec3_01_sql_injection_in_device_id" time="0.540" /><testcase classname="tests.test_acceptance_security.TestSQLInjection" name="test_sec3_02_sql_injection_in_login" time="0.081" /><testcase classname="tests.test_acceptance_security.TestSQLInjection" name="test_sec3_03_sql_injection_in_search" time="0.309" /><testcase classname="tests.test_acceptance_security.TestXSSProtection" name="test_sec4_01_xss_in_device_name" time="0.365" /><testcase classname="tests.test_acceptance_security.TestXSSProtection" name="test_sec4_02_xss_in_rule_name" time="0.352" /><testcase classname="tests.test_acceptance_security.TestXSSProtection" name="test_sec4_03_content_type_header" time="0.282" /><testcase classname="tests.test_acceptance_security.TestXSSProtection" name="test_sec4_04_security_headers" time="0.285" /><testcase classname="tests.test_acceptance_security.TestTokenSecurity" name="test_sec5_01_no_token_rejected" time="0.487" /><testcase classname="tests.test_acceptance_security.TestTokenSecurity" name="test_sec5_02_malformed_token_rejected" time="0.313" /><testcase classname="tests.test_acceptance_security.TestTokenSecurity" name="test_sec5_03_empty_bearer_rejected" time="0.285" /><testcase classname="tests.test_acceptance_security.TestTokenSecurity" name="test_sec5_04_wrong_auth_scheme" time="0.283" /><testcase classname="tests.test_acceptance_security.TestTokenSecurity" name="test_sec5_05_token_in_query_param_rejected" time="0.277" /><testcase classname="tests.test_acceptance_smoke.TestSmokeHealth" name="test_s1_01_health_live" time="0.035" /><testcase classname="tests.test_acceptance_smoke.TestSmokeHealth" name="test_s1_02_health_live_alias" time="0.035" /><testcase classname="tests.test_acceptance_smoke.TestSmokeHealth" name="test_s1_03_health_ready" time="0.041" /><testcase classname="tests.test_acceptance_smoke.TestSmokeHealth" name="test_s1_04_health_full" time="0.037" /><testcase classname="tests.test_acceptance_smoke.TestSmokeAPIRouting" name="test_s2_01_devices_route" time="0.501" /><testcase classname="tests.test_acceptance_smoke.TestSmokeAPIRouting" name="test_s2_02_rules_route" time="0.350" /><testcase classname="tests.test_acceptance_smoke.TestSmokeAPIRouting" name="test_s2_03_alarms_route" time="0.435" /><testcase classname="tests.test_acceptance_smoke.TestSmokeAPIRouting" name="test_s2_04_system_status" time="0.727" /><testcase classname="tests.test_acceptance_smoke.TestSmokeAPIRouting" name="test_s2_05_ai_models" time="0.602" /><testcase classname="tests.test_acceptance_smoke.TestSmokeAPIRouting" name="test_s2_06_drivers_list" time="1.036" /><testcase classname="tests.test_acceptance_smoke.TestSmokeAPIRouting" name="test_s2_07_services_list" time="0.730" /><testcase classname="tests.test_acceptance_smoke.TestSmokeAPIRouting" name="test_s2_08_openapi_docs" time="3.926" /><testcase classname="tests.test_acceptance_smoke.TestSmokeAuth" name="test_s3_01_login_missing_body" time="0.085" /><testcase classname="tests.test_acceptance_smoke.TestSmokeAuth" name="test_s3_02_login_invalid_credentials" time="0.086" /><testcase classname="tests.test_acceptance_smoke.TestSmokeAuth" name="test_s3_03_unknown_route_404" time="1.167" /><testcase classname="tests.test_ai_inference_cache.TestMakeKey" name="test_same_input_same_key" time="0.005" /><testcase classname="tests.test_ai_inference_cache.TestMakeKey" name="test_different_model_different_key" time="0.003" /><testcase classname="tests.test_ai_inference_cache.TestMakeKey" name="test_different_input_different_key" time="0.002" /><testcase classname="tests.test_ai_inference_cache.TestMakeKey" name="test_key_is_md5_hex" time="0.002" /><testcase classname="tests.test_ai_inference_cache.TestMakeKey" name="test_float_precision_6_decimals" time="0.002" /><testcase classname="tests.test_ai_inference_cache.TestGetPut" name="test_miss_returns_none" time="0.002" /><testcase classname="tests.test_ai_inference_cache.TestGetPut" name="test_hit_returns_data" time="0.002" /><testcase classname="tests.test_ai_inference_cache.TestGetPut" name="test_put_then_get_roundtrip" time="0.002" /><testcase classname="tests.test_ai_inference_cache.TestGetPut" name="test_ttl_expiry" time="0.203" /><testcase classname="tests.test_ai_inference_cache.TestGetPut" name="test_ttl_not_expired" time="0.002" /><testcase classname="tests.test_ai_inference_cache.TestGetPut" name="test_expired_entry_removed_on_get" time="0.205" /><testcase classname="tests.test_ai_inference_cache.TestLRUEviction" name="test_evict_oldest_when_over_capacity" time="0.003" /><testcase classname="tests.test_ai_inference_cache.TestLRUEviction" name="test_get_updates_lru_order" time="0.002" /><testcase classname="tests.test_ai_inference_cache.TestLRUEviction" name="test_put_same_key_updates_not_evict" time="0.002" /><testcase classname="tests.test_ai_inference_cache.TestStats" name="test_initial_stats" time="0.002" /><testcase classname="tests.test_ai_inference_cache.TestStats" name="test_hits_and_misses" time="0.002" /><testcase classname="tests.test_ai_inference_cache.TestStats" name="test_ttl_expired_counts_as_miss" time="0.203" /><testcase classname="tests.test_ai_inference_cache.TestStats" name="test_size_reflects_cache" time="0.002" /><testcase classname="tests.test_ai_inference_cache.TestClear" name="test_clear_empties_cache" time="0.002" /><testcase classname="tests.test_ai_inference_cache.TestClear" name="test_clear_does_not_reset_stats" time="0.005" /><testcase classname="tests.test_ai_inference_cache.TestInvalidateModel" name="test_invalidate_returns_count" time="0.002" /><testcase classname="tests.test_ai_inference_cache.TestInvalidateModel" name="test_invalidate_clears_cache" time="0.002" /><testcase classname="tests.test_ai_inference_cache.TestInvalidateModel" name="test_invalidate_empty_cache_returns_zero" time="0.002" /><testcase classname="tests.test_alarm_service.TestSeverityConstants" name="test_severity_order" time="0.002" /><testcase classname="tests.test_alarm_service.TestAlarmEscalationConfig" name="test_required_fields" time="0.002" /><testcase classname="tests.test_alarm_service.TestAlarmSuppressionRule" name="test_defaults" time="0.002" /><testcase classname="tests.test_alarm_service.TestAlarmSuppressionRule" name="test_with_filters" time="0.002" /><testcase classname="tests.test_alarm_service.TestAlarmStatistics" name="test_defaults" time="0.002" /><testcase classname="tests.test_alarm_service.TestConfigureEscalation" name="test_configure_escalation" time="0.008" /><testcase classname="tests.test_alarm_service.TestConfigureEscalation" name="test_default_escalation_configs" time="0.008" /><testcase classname="tests.test_alarm_service.TestConfigureEscalation" name="test_critical_escalates_to_critical" time="0.010" /><testcase classname="tests.test_alarm_service.TestConfigureEscalation" name="test_major_escalates_to_critical" time="0.008" /><testcase classname="tests.test_alarm_service.TestSuppressionRules" name="test_add_suppression_rule" time="0.008" /><testcase classname="tests.test_alarm_service.TestSuppressionRules" name="test_remove_suppression_rule" time="0.008" /><testcase classname="tests.test_alarm_service.TestSuppressionRules" name="test_remove_nonexistent_rule" time="0.016" /><testcase classname="tests.test_alarm_service.TestSuppressionRules" name="test_list_suppression_rules_returns_copy" time="0.016" /><testcase classname="tests.test_alarm_service.TestIsSuppressed" name="test_no_rules_not_suppressed" time="0.011" /><testcase classname="tests.test_alarm_service.TestIsSuppressed" name="test_device_filter_match" time="0.011" /><testcase classname="tests.test_alarm_service.TestIsSuppressed" name="test_device_filter_no_match" time="0.011" /><testcase classname="tests.test_alarm_service.TestIsSuppressed" name="test_severity_filter" time="0.011" /><testcase classname="tests.test_alarm_service.TestIsSuppressed" name="test_disabled_rule_not_applied" time="0.011" /><testcase classname="tests.test_alarm_service.TestIsSuppressed" name="test_expired_rule_not_applied" time="0.013" /><testcase classname="tests.test_alarm_service.TestIsSuppressed" name="test_rule_filter" time="0.013" /><testcase classname="tests.test_alarm_service.TestIsInTimeRange" name="test_normal_range" time="0.002" /><testcase classname="tests.test_alarm_service.TestIsInTimeRange" name="test_overnight_range" time="0.002" /><testcase classname="tests.test_alarm_service.TestIsInTimeRange" name="test_normalized_time" time="0.003" /><testcase classname="tests.test_alarm_service.TestIsInTimeRange" name="test_invalid_time" time="0.002" /><testcase classname="tests.test_alarm_service.TestFormatDuration" name="test_seconds" time="0.002" /><testcase classname="tests.test_alarm_service.TestFormatDuration" name="test_minutes" time="0.002" /><testcase classname="tests.test_alarm_service.TestFormatDuration" name="test_hours" time="0.005" /><testcase classname="tests.test_alarm_service.TestFormatDuration" name="test_days" time="0.002" /><testcase classname="tests.test_alarm_service.TestCalculateAlarmRate" name="test_no_alarms_zero_rate" time="0.016" /><testcase classname="tests.test_alarm_service.TestCalculateAlarmRate" name="test_with_alarms" time="0.008" /><testcase classname="tests.test_alarm_service.TestUpdateMttrMtbf" name="test_empty_stats" time="0.016" /><testcase classname="tests.test_alarm_service.TestUpdateMttrMtbf" name="test_with_recovery_times" time="0.010" /><testcase classname="tests.test_alarm_service.TestUpdateMttrMtbf" name="test_with_failure_intervals" time="0.008" /><testcase classname="tests.test_alarm_service.TestGetStatistics" name="test_returns_stats" time="0.008" /><testcase classname="tests.test_alarm_service.TestStartStop" name="test_start_no_event_bus" time="0.011" /><testcase classname="tests.test_alarm_service.TestStartStop" name="test_stop_cleans_tasks" time="0.011" /><testcase classname="tests.test_alarm_service.TestTriggerAlarm" name="test_trigger_alarm_suppressed" time="0.011" /><testcase classname="tests.test_alarm_service.TestTriggerAlarm" name="test_trigger_alarm_success" time="0.013" /><testcase classname="tests.test_alarm_service.TestTriggerAlarm" name="test_trigger_alarm_create_failure" time="0.015" /><testcase classname="tests.test_alarm_service.TestListAlarms" name="test_list_alarms_no_filter" time="0.012" /><testcase classname="tests.test_alarm_service.TestListAlarms" name="test_list_alarms_with_device_ids" time="0.011" /><testcase classname="tests.test_alarm_service.TestNotificationChannelManagement" name="test_list_channels" time="0.017" /><testcase classname="tests.test_alarm_service.TestNotificationChannelManagement" name="test_set_channel_enabled" time="0.015" /><testcase classname="tests.test_alarm_service.TestNotificationChannelManagement" name="test_test_notification_channel" time="0.012" /><testcase classname="tests.test_allen_bradley.TestWatchdogFailCount" name="test_fail_count_increments_on_failure" time="0.034" /><testcase classname="tests.test_allen_bradley.TestWatchdogFailCount" name="test_fail_count_resets_on_success" time="0.013" /><testcase classname="tests.test_allen_bradley.TestWatchdogFailCount" name="test_success_clears_offline_since" time="0.013" /><testcase classname="tests.test_allen_bradley.TestWatchdogFailCount" name="test_failure_records_offline_since" time="0.013" /><testcase classname="tests.test_allen_bradley.TestWatchdogAutoReconnect" name="test_threshold_triggers_reconnect" time="0.060" /><testcase classname="tests.test_allen_bradley.TestWatchdogAutoReconnect" name="test_fail_count_resets_after_threshold" time="0.062" /><testcase classname="tests.test_allen_bradley.TestWatchdogAutoReconnect" name="test_below_threshold_no_reconnect" time="0.042" /><testcase classname="tests.test_allen_bradley.TestWatchdogAutoReconnect" name="test_reconnect_with_empty_devices_uses_empty_did" time="0.073" /><testcase classname="tests.test_allen_bradley.TestWatchdogAutoReconnect" name="test_degraded_state_set_on_failure" time="0.026" /><testcase classname="tests.test_allen_bradley.TestWatchdogResetOnReconnect" name="test_reconnect_success_resets_fail_count" time="0.025" /><testcase classname="tests.test_allen_bradley.TestLargeForwardOpenFallback" name="test_lfo_auto_disabled_on_ping_fail" time="0.011" /><testcase classname="tests.test_allen_bradley.TestLargeForwardOpenFallback" name="test_lfo_fallback_retries_ping" time="0.012" /><testcase classname="tests.test_allen_bradley.TestLargeForwardOpenFallback" name="test_lfo_fallback_success_connects" time="0.011" /><testcase classname="tests.test_allen_bradley.TestLargeForwardOpenFallback" name="test_lfo_fallback_both_fail_stays_disconnected" time="0.016" /><testcase classname="tests.test_allen_bradley.TestLargeForwardOpenFallback" name="test_lfo_not_triggered_when_auto_false" time="0.016" /><testcase classname="tests.test_allen_bradley.TestLargeForwardOpenFallback" name="test_lfo_fallback_resets_fail_count" time="0.011" /><testcase classname="tests.test_allen_bradley.TestLargeForwardOpenAttributeInit" name="test_lfo_auto_set_when_not_explicit_and_no_backup" time="0.009" /><testcase classname="tests.test_allen_bradley.TestLargeForwardOpenAttributeInit" name="test_lfo_auto_not_set_when_using_backup" time="0.009" /><testcase classname="tests.test_api_auth.TestIsDevMode" name="test_dev_mode_true" time="0.003" /><testcase classname="tests.test_api_auth.TestIsDevMode" name="test_dev_mode_1" time="0.003" /><testcase classname="tests.test_api_auth.TestIsDevMode" name="test_dev_mode_yes" time="0.003" /><testcase classname="tests.test_api_auth.TestIsDevMode" name="test_dev_mode_false" time="0.003" /><testcase classname="tests.test_api_auth.TestIsDevMode" name="test_dev_mode_unset" time="0.003" /><testcase classname="tests.test_api_auth.TestIsIpInCidr" name="test_ip_in_cidr" time="0.002" /><testcase classname="tests.test_api_auth.TestIsIpInCidr" name="test_ip_not_in_cidr" time="0.002" /><testcase classname="tests.test_api_auth.TestIsIpInCidr" name="test_ipv6_in_cidr" time="0.002" /><testcase classname="tests.test_api_auth.TestIsIpInCidr" name="test_invalid_ip" time="0.002" /><testcase classname="tests.test_api_auth.TestIsIpInCidr" name="test_invalid_cidr" time="0.004" /><testcase classname="tests.test_api_auth.TestIsIpInCidr" name="test_exact_match_single_ip" time="0.002" /><testcase classname="tests.test_api_auth.TestIsTrustedProxy" name="test_empty_trusted_proxies" time="0.002" /><testcase classname="tests.test_api_auth.TestIsTrustedProxy" name="test_none_trusted_proxies" time="0.002" /><testcase classname="tests.test_api_auth.TestIsTrustedProxy" name="test_exact_match" time="0.002" /><testcase classname="tests.test_api_auth.TestIsTrustedProxy" name="test_no_match" time="0.003" /><testcase classname="tests.test_api_auth.TestIsTrustedProxy" name="test_cidr_match" time="0.002" /><testcase classname="tests.test_api_auth.TestIsTrustedProxy" name="test_cidr_no_match" time="0.002" /><testcase classname="tests.test_api_auth.TestIsTrustedProxy" name="test_whitespace_stripped" time="0.002" /><testcase classname="tests.test_api_auth.TestIsTrustedProxy" name="test_multiple_proxies" time="0.005" /><testcase classname="tests.test_api_auth.TestGetClientIp" name="test_direct_client_no_proxies" time="0.004" /><testcase classname="tests.test_api_auth.TestGetClientIp" name="test_direct_client_not_trusted" time="0.003" /><testcase classname="tests.test_api_auth.TestGetClientIp" name="test_trusted_proxy_uses_xff" time="0.003" /><testcase classname="tests.test_api_auth.TestGetClientIp" name="test_trusted_proxy_uses_xrealip" time="0.003" /><testcase classname="tests.test_api_auth.TestGetClientIp" name="test_trusted_proxy_invalid_xff" time="0.003" /><testcase classname="tests.test_api_auth.TestGetClientIp" name="test_trusted_proxy_multiple_xff" time="0.003" /><testcase classname="tests.test_api_auth.TestGetClientIp" name="test_no_client" time="0.003" /><testcase classname="tests.test_api_auth.TestSetTokenCookies" name="test_set_cookies_dev_mode" time="0.003" /><testcase classname="tests.test_api_auth.TestSetTokenCookies" name="test_set_cookies_prod_mode" time="0.003" /><testcase classname="tests.test_api_auth.TestClearTokenCookies" name="test_clear_cookies" time="0.005" /><testcase classname="tests.test_api_auth.TestCheckLoginRate" name="test_under_limit_no_exception" time="0.006" /><testcase classname="tests.test_api_auth.TestCheckLoginRate" name="test_over_limit_raises_429" time="0.017" /><testcase classname="tests.test_api_auth.TestRecordLoginAttempt" name="test_record_called" time="0.006" /><testcase classname="tests.test_api_auth.TestCheckAccountLockout" name="test_no_lockout" time="0.008" /><testcase classname="tests.test_api_auth.TestCheckAccountLockout" name="test_lockout_expired" time="0.006" /><testcase classname="tests.test_api_auth.TestCheckAccountLockout" name="test_lockout_active_raises_423" time="0.006" /><testcase classname="tests.test_api_auth.TestRecordLockoutFailure" name="test_record_called" time="0.007" /><testcase classname="tests.test_api_auth.TestClearLockout" name="test_clear_called" time="0.006" /><testcase classname="tests.test_api_auth.TestWeakPasswords" name="test_common_weak_passwords" time="0.002" /><testcase classname="tests.test_api_auth.TestWeakPasswords" name="test_weak_passwords_case_sensitive" time="0.002" /><testcase classname="tests.test_api_auth.TestPasswordLengthConstants" name="test_min_password_length" time="0.002" /><testcase classname="tests.test_api_auth.TestPasswordLengthConstants" name="test_max_password_length" time="0.002" /><testcase classname="tests.test_api_auth.TestCookieConstants" name="test_cookie_names" time="0.002" /><testcase classname="tests.test_api_auth.TestRouterDefinition" name="test_router_prefix" time="0.002" /><testcase classname="tests.test_api_auth.TestRouterDefinition" name="test_router_tags" time="0.002" /><testcase classname="tests.test_api_health.TestRateLimiter" name="test_allow_under_limit" time="0.005" /><testcase classname="tests.test_api_health.TestRateLimiter" name="test_block_over_limit" time="0.003" /><testcase classname="tests.test_api_health.TestRateLimiter" name="test_different_ips_independent" time="0.003" /><testcase classname="tests.test_api_health.TestRateLimiter" name="test_cleanup_removes_empty_buckets" time="0.003" /><testcase classname="tests.test_api_health.TestRateLimiter" name="test_window_expiry_allows_again" time="0.002" /><testcase classname="tests.test_api_health.TestHealthLive" name="test_health_live_returns_ok" time="0.031" /><testcase classname="tests.test_api_health.TestHealthLive" name="test_live_alias_returns_ok" time="0.017" /><testcase classname="tests.test_api_health.TestHealthReady" name="test_health_ready_rate_limited" time="0.547" /><testcase classname="tests.test_api_health.TestHealthReady" name="test_ready_alias_exists" time="0.022" /><testcase classname="tests.test_api_health.TestHealthFull" name="test_health_full_rate_limited" time="0.562" /><testcase classname="tests.test_api_health.TestCheckSqlite" name="test_check_sqlite_not_initialized" time="0.005" /><testcase classname="tests.test_api_health.TestCheckSqlite" name="test_check_sqlite_healthy" time="0.007" /><testcase classname="tests.test_api_health.TestCheckSqlite" name="test_check_sqlite_exception" time="0.006" /><testcase classname="tests.test_api_health.TestCheckInfluxdb" name="test_not_initialized" time="0.005" /><testcase classname="tests.test_api_health.TestCheckInfluxdb" name="test_healthy" time="0.007" /><testcase classname="tests.test_api_health.TestCheckInfluxdb" name="test_unhealthy" time="0.006" /><testcase classname="tests.test_api_health.TestCheckMqtt" name="test_not_initialized_degraded" time="0.005" /><testcase classname="tests.test_api_health.TestCheckMqtt" name="test_healthy" time="0.005" /><testcase classname="tests.test_api_health.TestCheckMqtt" name="test_unhealthy_disconnected" time="0.005" /><testcase classname="tests.test_api_health.TestCheckDrivers" name="test_not_initialized_degraded" time="0.010" /><testcase classname="tests.test_api_health.TestCheckDrivers" name="test_healthy" time="0.012" /><testcase classname="tests.test_api_health.TestRunFullCheck" name="test_overall_unhealthy" time="0.007" /><testcase classname="tests.test_api_health.TestRunFullCheck" name="test_overall_degraded" time="0.007" /><testcase classname="tests.test_api_health.TestRunFullCheck" name="test_overall_healthy" time="0.007" /><testcase classname="tests.test_api_health.TestRunFullCheck" name="test_exception_in_check_handled" time="0.007" /><testcase classname="tests.test_api_system" name="test_cert_rotate_returns_200_with_certificate_status" time="0.126" /><testcase classname="tests.test_app.TestCreateApp" name="test_create_app_returns_fastapi_instance" time="0.060" /><testcase classname="tests.test_app.TestCreateApp" name="test_app_metadata" time="0.046" /><testcase classname="tests.test_app.TestCreateApp" name="test_docs_disabled_by_default" time="0.045" /><testcase classname="tests.test_app.TestCreateApp" name="test_docs_enabled_when_debug" time="0.051" /><testcase classname="tests.test_app.TestCreateApp" name="test_openapi_endpoint_works_when_debug" time="4.045" /><testcase classname="tests.test_app.TestCreateApp" name="test_create_app_idempotent" time="0.100" /><testcase classname="tests.test_app.TestRouterRegistration" name="test_core_routers_registered" time="0.056" /><testcase classname="tests.test_app.TestRouterRegistration" name="test_health_router_registered" time="0.054" /><testcase classname="tests.test_app.TestRouterRegistration" name="test_optional_routers_registered" time="0.053" /><testcase classname="tests.test_app.TestRouterRegistration" name="test_debug_routers_not_registered_by_default" time="0.051" /><testcase classname="tests.test_app.TestRouterRegistration" name="test_debug_routers_registered_when_enabled" time="0.052" /><testcase classname="tests.test_app.TestRouterRegistration" name="test_root_metrics_route_registered" time="0.056" /><testcase classname="tests.test_app.TestMiddleware" name="test_cors_middleware_present" time="0.054" /><testcase classname="tests.test_app.TestMiddleware" name="test_cors_with_allowed_origins" time="0.054" /><testcase classname="tests.test_app.TestMiddleware" name="test_cors_dev_mode" time="0.046" /><testcase classname="tests.test_app.TestMiddleware" name="test_security_headers" time="1.105" /><testcase classname="tests.test_app.TestMiddleware" name="test_request_timing_header" time="1.450" /><testcase classname="tests.test_app.TestMiddleware" name="test_request_id_header" time="1.041" /><testcase classname="tests.test_app.TestMiddleware" name="test_request_id_inherited_from_client" time="1.237" /><testcase classname="tests.test_app.TestMiddleware" name="test_body_size_limit_rejects_large_request" time="0.048" /><testcase classname="tests.test_app.TestMiddleware" name="test_csrf_token_issued_on_get" time="0.295" /><testcase classname="tests.test_app.TestMiddleware" name="test_csrf_blocks_unsafe_without_token" time="0.052" /><testcase classname="tests.test_app.TestMiddleware" name="test_trusted_host_middleware_enabled" time="0.046" /><testcase classname="tests.test_app.TestLifespan" name="test_lifespan_startup_calls_bootstrap" time="0.048" /><testcase classname="tests.test_app.TestLifespan" name="test_lifespan_starts_post_bootstrap_resources" time="0.065" /><testcase classname="tests.test_app.TestLifespan" name="test_lifespan_shutdown_stops_resources" time="0.054" /><testcase classname="tests.test_app.TestLifespan" name="test_lifespan_copies_state_to_app" time="0.047" /><testcase classname="tests.test_app.TestLifespan" name="test_lifespan_bootstrap_failure_cleans_up" time="0.046" /><testcase classname="tests.test_app.TestLifespan" name="test_lifespan_post_bootstrap_failure_cleans_up" time="0.049" /><testcase classname="tests.test_app.TestLifespan" name="test_lifespan_previous_state_cleanup" time="0.048" /><testcase classname="tests.test_app.TestLifespan" name="test_lifespan_previous_state_cleanup_failure_logged" time="0.047" /><testcase classname="tests.test_app.TestLifespan" name="test_lifespan_consistency_check_enabled" time="0.089" /><testcase classname="tests.test_app.TestHealthEndpoints" name="test_health_live" time="1.142" /><testcase classname="tests.test_app.TestHealthEndpoints" name="test_health_live_alias" time="1.388" /><testcase classname="tests.test_app.TestHealthEndpoints" name="test_health_ready" time="1.050" /><testcase classname="tests.test_app.TestHealthEndpoints" name="test_health_full" time="1.063" /><testcase classname="tests.test_app.TestHealthEndpoints" name="test_health_ready_alias" time="1.365" /><testcase classname="tests.test_app.TestErrorHandlers" name="test_validation_error_handler" time="1.157" /><testcase classname="tests.test_app.TestErrorHandlers" name="test_global_exception_handler" time="1.062" /><testcase classname="tests.test_app.TestErrorHandlers" name="test_http_exception_handler" time="1.411" /><testcase classname="tests.test_app.TestErrorHandlers" name="test_http_exception_with_enum_detail" time="1.097" /><testcase classname="tests.test_app.TestErrorHandlers" name="test_http_exception_with_err_prefix" time="1.030" /><testcase classname="tests.test_app.TestErrorHandlers" name="test_http_exception_with_dict_detail" time="1.335" /><testcase classname="tests.test_app.TestErrorHandlers" name="test_404_unified_format" time="1.083" /><testcase classname="tests.test_app.TestStaticFiles" name="test_mount_frontend_no_dist" time="0.237" /><testcase classname="tests.test_app.TestStaticFiles" name="test_mount_frontend_with_dist" time="0.204" /><testcase classname="tests.test_app.TestStaticFiles" name="test_serve_spa_api_path_returns_404" time="0.188" /><testcase classname="tests.test_app.TestStaticFiles" name="test_serve_spa_path_traversal_blocked" time="1.427" /><testcase classname="tests.test_app.TestStaticFiles" name="test_serve_spa_index_no_cache" time="0.127" /><testcase classname="tests.test_app.TestStaticFiles" name="test_serve_spa_static_file" time="0.126" /><testcase classname="tests.test_app.TestStaticFiles" name="test_serve_spa_ws_path_returns_404" time="0.111" /><testcase classname="tests.test_app.TestWebSocketRoutes" name="test_ws_routes_registered" time="0.045" /><testcase classname="tests.test_app.TestWebSocketRoutes" name="test_ws_integration_not_available" time="1.111" /><testcase classname="tests.test_app.TestWebSocketRoutes" name="test_ws_realtime_auth_failure" time="1.434" /><testcase classname="tests.test_app.TestWebSocketRoutes" name="test_ws_realtime_cookie_auth_success" time="1.221" /><testcase classname="tests.test_app.TestWebSocketRoutes" name="test_ws_realtime_pong_handling" time="1.274" /><testcase classname="tests.test_app.TestServiceContainer" name="test_service_container_defaults" time="0.005" /><testcase classname="tests.test_app.TestServiceContainer" name="test_service_container_track" time="0.003" /><testcase classname="tests.test_app.TestServiceContainer" name="test_app_state_is_service_container" time="0.003" /><testcase classname="tests.test_app.TestConfigurationLoading" name="test_create_app_with_empty_cors_origins" time="0.048" /><testcase classname="tests.test_app.TestConfigurationLoading" name="test_create_app_with_multiple_cors_origins" time="0.074" /><testcase classname="tests.test_app.TestConfigurationLoading" name="test_create_app_with_legacy_cors_origins" time="0.060" /><testcase classname="tests.test_app.TestAsyncioExceptionHandler" name="test_unretrieved_task_exception_suppressed" time="0.173" /><testcase classname="tests.test_audit_service.TestAuditActionEnum" name="test_login_actions_exist" time="0.003" /><testcase classname="tests.test_audit_service.TestAuditActionEnum" name="test_device_actions_exist" time="0.003" /><testcase classname="tests.test_audit_service.TestAuditActionEnum" name="test_ota_actions_exist" time="0.003" /><testcase classname="tests.test_audit_service.TestAuditActionEnum" name="test_password_reset_actions_exist" time="0.005" /><testcase classname="tests.test_audit_service.TestAuditActionEnum" name="test_account_lockout_actions_exist" time="0.003" /><testcase classname="tests.test_audit_service.TestAuditServiceInit" name="test_initialize_creates_tables" time="0.206" /><testcase classname="tests.test_audit_service.TestAuditServiceInit" name="test_initialize_loads_last_hash" time="0.218" /><testcase classname="tests.test_audit_service.TestAuditServiceInit" name="test_close_resets_state" time="0.201" /><testcase classname="tests.test_audit_service.TestMaskSensitive" name="test_masks_password_field" time="0.003" /><testcase classname="tests.test_audit_service.TestMaskSensitive" name="test_masks_token_field" time="0.003" /><testcase classname="tests.test_audit_service.TestMaskSensitive" name="test_masks_nested_dict" time="0.003" /><testcase classname="tests.test_audit_service.TestMaskSensitive" name="test_masks_list_items" time="0.003" /><testcase classname="tests.test_audit_service.TestMaskSensitive" name="test_non_dict_returns_as_is" time="0.003" /><testcase classname="tests.test_audit_service.TestMaskSensitive" name="test_masks_api_key_field" time="0.003" /><testcase classname="tests.test_audit_service.TestMaskSensitive" name="test_masks_credential_variants" time="0.003" /><testcase classname="tests.test_audit_service.TestComputeRecordHash" name="test_hash_includes_all_fields" time="0.003" /><testcase classname="tests.test_audit_service.TestComputeRecordHash" name="test_hash_changes_with_prev_hash" time="0.002" /><testcase classname="tests.test_audit_service.TestAuditLog" name="test_log_creates_record" time="0.215" /><testcase classname="tests.test_audit_service.TestAuditLog" name="test_log_with_details" time="0.202" /><testcase classname="tests.test_audit_service.TestAuditLog" name="test_log_masks_sensitive_in_details" time="0.197" /><testcase classname="tests.test_audit_service.TestAuditLog" name="test_log_with_before_after_values" time="0.201" /><testcase classname="tests.test_audit_service.TestAuditLog" name="test_log_failed_status" time="0.221" /><testcase classname="tests.test_audit_service.TestAuditLog" name="test_log_no_tamper_proof" time="0.192" /><testcase classname="tests.test_audit_service.TestAuditQuery" name="test_query_filter_by_action" time="0.220" /><testcase classname="tests.test_audit_service.TestAuditQuery" name="test_query_filter_by_user_id" time="0.190" /><testcase classname="tests.test_audit_service.TestAuditQuery" name="test_query_pagination" time="0.234" /><testcase classname="tests.test_audit_service.TestAuditQuery" name="test_query_empty" time="0.178" /><testcase classname="tests.test_audit_service.TestAuditVerifyIntegrity" name="test_verify_integrity_valid" time="0.196" /><testcase classname="tests.test_audit_service.TestAuditVerifyIntegrity" name="test_verify_integrity_empty" time="0.183" /><testcase classname="tests.test_audit_service.TestAuditExportCsv" name="test_export_csv_contains_headers" time="0.224" /><testcase classname="tests.test_audit_service.TestAuditExportCsv" name="test_export_csv_contains_rows" time="0.211" /><testcase classname="tests.test_audit_service.TestAuditAppendOnly" name="test_update_blocked_by_trigger" time="0.201" /><testcase classname="tests.test_audit_service.TestAuditAppendOnly" name="test_delete_blocked_by_trigger" time="0.220" /><testcase classname="tests.test_audit_service.TestAuditCleanup" name="test_cleanup_removes_old_records" time="0.185" /><testcase classname="tests.test_audit_service.TestLoginAnomaly" name="test_login_failures_trigger_alert" time="0.210" /><testcase classname="tests.test_audit_service.TestLoginAnomaly" name="test_login_failures_below_threshold_no_alert" time="0.230" /><testcase classname="tests.test_audit_service.TestLoginAnomaly" name="test_login_failures_reset_after_alert" time="0.293" /><testcase classname="tests.test_backpressure.TestBackpressureState" name="test_values" time="0.003" /><testcase classname="tests.test_backpressure.TestBackpressureConfig" name="test_defaults" time="0.003" /><testcase classname="tests.test_backpressure.TestBackpressureConfig" name="test_valid_custom_config" time="0.003" /><testcase classname="tests.test_backpressure.TestBackpressureConfig" name="test_threshold_out_of_range_high" time="0.003" /><testcase classname="tests.test_backpressure.TestBackpressureConfig" name="test_threshold_out_of_range_negative" time="0.003" /><testcase classname="tests.test_backpressure.TestBackpressureConfig" name="test_recovery_must_be_less_than_warning" time="0.003" /><testcase classname="tests.test_backpressure.TestBackpressureConfig" name="test_warning_must_be_less_than_backpressure" time="0.003" /><testcase classname="tests.test_backpressure.TestBackpressureConfig" name="test_boundary_zero_and_one" time="0.003" /><testcase classname="tests.test_backpressure.TestQueueMetrics" name="test_defaults" time="0.003" /><testcase classname="tests.test_backpressure.TestBackpressureControllerEnqueue" name="test_enqueue_creates_queue" time="0.010" /><testcase classname="tests.test_backpressure.TestBackpressureControllerEnqueue" name="test_enqueue_success" time="0.005" /><testcase classname="tests.test_backpressure.TestBackpressureControllerEnqueue" name="test_enqueue_drop_on_backpressure" time="0.005" /><testcase classname="tests.test_backpressure.TestBackpressureControllerEnqueue" name="test_dequeue_returns_item" time="0.006" /><testcase classname="tests.test_backpressure.TestBackpressureControllerEnqueue" name="test_dequeue_empty_returns_none" time="0.118" /><testcase classname="tests.test_backpressure.TestBackpressureControllerEnqueue" name="test_dequeue_nonexistent_queue" time="0.009" /><testcase classname="tests.test_backpressure.TestBackpressureControllerEnqueue" name="test_dequeue_all" time="0.029" /><testcase classname="tests.test_backpressure.TestBackpressureControllerSlots" name="test_acquire_and_release_slot" time="0.006" /><testcase classname="tests.test_backpressure.TestBackpressureControllerSlots" name="test_release_without_acquire_ignored" time="0.005" /><testcase classname="tests.test_backpressure.TestBackpressureControllerPriority" name="test_set_and_get_priority" time="0.005" /><testcase classname="tests.test_backpressure.TestBackpressureControllerPriority" name="test_get_priority_default_zero" time="0.006" /><testcase classname="tests.test_backup_scheduler.TestBackupResultDataclass" name="test_backup_result_required_fields" time="0.003" /><testcase classname="tests.test_backup_scheduler.TestBackupResultDataclass" name="test_backup_result_with_error" time="0.003" /><testcase classname="tests.test_backup_scheduler.TestScheduledBackupStatusDataclass" name="test_default_values" time="0.003" /><testcase classname="tests.test_backup_scheduler.TestDatabaseBackupSchedulerInit" name="test_constructor_normalizes_values" time="0.101" /><testcase classname="tests.test_backup_scheduler.TestDatabaseBackupSchedulerInit" name="test_status_property" time="0.334" /><testcase classname="tests.test_backup_scheduler.TestDiscoverSqliteFiles" name="test_empty_data_dir" time="0.105" /><testcase classname="tests.test_backup_scheduler.TestDiscoverSqliteFiles" name="test_finds_sqlite_files" time="0.190" /><testcase classname="tests.test_backup_scheduler.TestDiscoverSqliteFiles" name="test_excludes_backup_dir" time="0.155" /><testcase classname="tests.test_backup_scheduler.TestDiscoverSqliteFiles" name="test_nonexistent_data_dir" time="0.214" /><testcase classname="tests.test_backup_scheduler.TestRunBackup" name="test_run_backup_creates_backup_file" time="0.132" /><testcase classname="tests.test_backup_scheduler.TestRunBackup" name="test_run_backup_multiple_files" time="0.169" /><testcase classname="tests.test_backup_scheduler.TestRunBackup" name="test_run_backup_empty_dir" time="0.101" /><testcase classname="tests.test_backup_scheduler.TestRunBackup" name="test_run_backup_updates_status" time="0.127" /><testcase classname="tests.test_backup_scheduler.TestRunBackup" name="test_run_backup_is_running_flag" time="0.143" /><testcase classname="tests.test_backup_scheduler.TestCleanupExpired" name="test_cleanup_removes_old_files" time="0.132" /><testcase classname="tests.test_backup_scheduler.TestCleanupExpired" name="test_cleanup_no_files" time="0.098" /><testcase classname="tests.test_backup_scheduler.TestGetBackupList" name="test_empty_backup_dir" time="0.110" /><testcase classname="tests.test_backup_scheduler.TestGetBackupList" name="test_returns_backup_list_sorted" time="0.180" /><testcase classname="tests.test_backup_scheduler.TestGetBackupList" name="test_excludes_tmp_files" time="0.104" /><testcase classname="tests.test_backup_scheduler.TestSchedulerLifecycle" name="test_start_disabled_no_task" time="0.104" /><testcase classname="tests.test_backup_scheduler.TestSchedulerLifecycle" name="test_start_enabled_creates_task" time="0.104" /><testcase classname="tests.test_backup_scheduler.TestSchedulerLifecycle" name="test_stop_cancels_task" time="0.112" /><testcase classname="tests.test_backup_scheduler.TestSchedulerLifecycle" name="test_start_creates_backup_dir" time="0.093" /><testcase classname="tests.test_backup_scheduler.TestGetBackupSchedulerSingleton" name="test_returns_instance" time="0.002" /><testcase classname="tests.test_bacnet.TestBacnetServiceCodes" name="test_read_property_service_code" time="0.002" /><testcase classname="tests.test_bacnet.TestBacnetServiceCodes" name="test_write_property_service_code_is_15" time="0.002" /><testcase classname="tests.test_bacnet.TestBacnetServiceCodes" name="test_read_property_multiple_service_code" time="0.002" /><testcase classname="tests.test_bacnet.TestBacnetServiceCodes" name="test_no_collision_between_write_and_read_multiple" time="0.003" /><testcase classname="tests.test_bacnet.TestBacnetWritePropertyApdu" name="test_write_property_apdu_service_choice_byte" time="0.010" /><testcase classname="tests.test_bacnet.TestBacnetWritePropertyApdu" name="test_read_property_apdu_service_choice_byte" time="0.008" /><testcase classname="tests.test_bacnet.TestBacnetApduParseWriteAck" name="test_parse_simple_ack_service_15" time="0.003" /><testcase classname="tests.test_bacnet.TestBacnetErrorPduParsing" name="test_error_pdu_parses_class_and_code" time="0.003" /><testcase classname="tests.test_bacnet.TestBacnetErrorPduParsing" name="test_error_pdu_access_denied" time="0.003" /><testcase classname="tests.test_bacnet.TestBacnetErrorPduParsing" name="test_error_pdu_short_data_returns_minus_one" time="0.002" /><testcase classname="tests.test_bacnet.TestBacnetErrorPduParsing" name="test_error_pdu_truncated_tag_does_not_crash" time="0.003" /><testcase classname="tests.test_bacnet.TestBacnetErrorPduParsing" name="test_error_pdu_multibyte_class_value" time="0.003" /><testcase classname="tests.test_bacnet.TestBacnetBitStringDecoding" name="test_empty_bit_string" time="0.003" /><testcase classname="tests.test_bacnet.TestBacnetBitStringDecoding" name="test_single_byte_bit_string" time="0.003" /><testcase classname="tests.test_bacnet.TestBacnetBitStringDecoding" name="test_bit_string_with_unused_bits" time="0.002" /><testcase classname="tests.test_bacnet.TestBacnetBitStringDecoding" name="test_bit_string_invalid_unused_bits_masked" time="0.002" /><testcase classname="tests.test_bacnet.TestBacnetBitStringDecoding" name="test_bit_string_truncated_data" time="0.002" /><testcase classname="tests.test_bacnet.TestBacnetBitStringDecoding" name="test_bit_string_only_unused_bits_byte" time="0.002" /><testcase classname="tests.test_bacnet.TestBacnetComplexAckInvokeId" name="test_non_segmented_complex_ack_invoke_id" time="0.002" /><testcase classname="tests.test_bacnet.TestBacnetComplexAckInvokeId" name="test_non_segmented_complex_ack_data_offset" time="0.002" /><testcase classname="tests.test_bacnet.TestBacnetSegmentationFlags" name="test_non_segmented_flags_false" time="0.002" /><testcase classname="tests.test_bacnet.TestBacnetSegmentationFlags" name="test_segmented_first_segment_flags" time="0.003" /><testcase classname="tests.test_bacnet.TestBacnetSegmentationFlags" name="test_segmented_last_segment_flags" time="0.002" /><testcase classname="tests.test_bacnet.TestBacnetSegmentationFlags" name="test_segmented_first_segment_data_offset" time="0.002" /><testcase classname="tests.test_bacnet.TestBacnetSegmentationFlags" name="test_segmented_subsequent_segment_data_offset" time="0.003" /><testcase classname="tests.test_bacnet.TestSegmentReassembler" name="test_two_segment_reassembly" time="0.003" /><testcase classname="tests.test_bacnet.TestSegmentReassembler" name="test_three_segment_reassembly" time="0.002" /><testcase classname="tests.test_bacnet.TestSegmentReassembler" name="test_single_segment_reassembly" time="0.002" /><testcase classname="tests.test_bacnet.TestSegmentReassembler" name="test_duplicate_segment_handled" time="0.002" /><testcase classname="tests.test_bacnet.TestSegmentReassembler" name="test_cancel_clears_buffer" time="0.002" /><testcase classname="tests.test_bacnet.TestSegmentReassembler" name="test_max_segments_overflow" time="0.002" /><testcase classname="tests.test_bacnet.TestSegmentReassembler" name="test_different_invoke_ids_independent" time="0.002" /><testcase classname="tests.test_cache.TestSafeJsonLoads" name="test_valid_json_string" time="0.005" /><testcase classname="tests.test_cache.TestSafeJsonLoads" name="test_invalid_json_returns_default" time="0.005" /><testcase classname="tests.test_cache.TestSafeJsonLoads" name="test_non_string_returns_value" time="0.005" /><testcase classname="tests.test_cache.TestSafeJsonLoads" name="test_invalid_json_default_none" time="0.002" /><testcase classname="tests.test_cache.TestCacheManagerInit" name="test_initial_state" time="0.856" /><testcase classname="tests.test_cache.TestCacheManagerInit" name="test_ensure_ring_buffer_disabled" time="0.732" /><testcase classname="tests.test_cache.TestAddToCache" name="test_add_to_cache_success" time="0.875" /><testcase classname="tests.test_cache.TestAddToCache" name="test_add_to_cache_empty_measurement" time="0.806" /><testcase classname="tests.test_cache.TestAddToCache" name="test_add_to_cache_increments_count" time="1.014" /><testca
[...]
ion_without_traceback" time="0.003" /><testcase classname="tests.test_structured_logger.TestStructuredFormatter" name="test_exception_with_traceback" time="0.005" /><testcase classname="tests.test_structured_logger.TestStructuredFormatter" name="test_extra_data" time="0.003" /><testcase classname="tests.test_structured_logger.TestStructuredFormatter" name="test_no_extra_data_omitted" time="0.003" /><testcase classname="tests.test_structured_logger.TestStructuredFormatter" name="test_ensure_ascii_false" time="0.003" /><testcase classname="tests.test_structured_logger.TestContextFilter" name="test_set_and_filter" time="0.003" /><testcase classname="tests.test_structured_logger.TestContextFilter" name="test_clear_context" time="0.003" /><testcase classname="tests.test_structured_logger.TestContextFilter" name="test_filter_returns_true_always" time="0.003" /><testcase classname="tests.test_structured_logger.TestContextFilter" name="test_set_context_multiple_calls_merge" time="0.003" /><testcase classname="tests.test_structured_logger.TestContextFilter" name="test_set_context_overwrite" time="0.003" /><testcase classname="tests.test_structured_logger.TestStructuredLogger" name="test_init_defaults" time="0.106" /><testcase classname="tests.test_structured_logger.TestStructuredLogger" name="test_init_custom_level" time="0.109" /><testcase classname="tests.test_structured_logger.TestStructuredLogger" name="test_init_invalid_level_falls_back_info" time="0.100" /><testcase classname="tests.test_structured_logger.TestStructuredLogger" name="test_setup_creates_log_dir" time="0.106" /><testcase classname="tests.test_structured_logger.TestStructuredLogger" name="test_setup_adds_handlers" time="0.123" /><testcase classname="tests.test_structured_logger.TestStructuredLogger" name="test_setup_removes_old_edgelite_handlers" time="0.112" /><testcase classname="tests.test_structured_logger.TestStructuredLogger" name="test_set_context_delegates" time="0.098" /><testcase classname="tests.test_structured_logger.TestStructuredLogger" name="test_clear_context_delegates" time="0.311" /><testcase classname="tests.test_structured_logger.TestStructuredLogger" name="test_get_logger_static" time="0.003" /><testcase classname="tests.test_structured_logger.TestLogWithData" name="test_log_with_data_attaches_extra" time="0.004" /><testcase classname="tests.test_system_services.TestEnums" name="test_backup_format" time="0.005" /><testcase classname="tests.test_system_services.TestEnums" name="test_backup_type" time="0.004" /><testcase classname="tests.test_system_services.TestEnums" name="test_backup_strategy" time="0.002" /><testcase classname="tests.test_system_services.TestDataclasses" name="test_backup_metadata_defaults" time="0.003" /><testcase classname="tests.test_system_services.TestDataclasses" name="test_backup_metadata_with_values" time="0.002" /><testcase classname="tests.test_system_services.TestDataclasses" name="test_audit_entry_defaults" time="0.005" /><testcase classname="tests.test_system_services.TestDataclasses" name="test_audit_entry_with_changes" time="0.004" /><testcase classname="tests.test_system_services.TestDataclasses" name="test_log_config_defaults" time="0.003" /><testcase classname="tests.test_system_services.TestDataclasses" name="test_log_config_custom" time="0.003" /><testcase classname="tests.test_system_services.TestConfigValidator" name="test_valid_device_config" time="0.005" /><testcase classname="tests.test_system_services.TestConfigValidator" name="test_device_missing_required" time="0.004" /><testcase classname="tests.test_system_services.TestConfigValidator" name="test_device_invalid_protocol" time="0.003" /><testcase classname="tests.test_system_services.TestConfigValidator" name="test_device_collect_interval_too_small" time="0.003" /><testcase classname="tests.test_system_services.TestConfigValidator" name="test_device_collect_interval_valid" time="0.003" /><testcase classname="tests.test_system_services.TestConfigValidator" name="test_valid_rule_config" time="0.003" /><testcase classname="tests.test_system_services.TestConfigValidator" name="test_rule_missing_required" time="0.003" /><testcase classname="tests.test_system_services.TestConfigValidator" name="test_rule_empty_conditions" time="0.005" /><testcase classname="tests.test_system_services.TestConfigValidator" name="test_rule_condition_missing_point" time="0.005" /><testcase classname="tests.test_system_services.TestConfigValidator" name="test_rule_condition_missing_operator" time="0.004" /><testcase classname="tests.test_system_services.TestConfigValidator" name="test_rule_invalid_severity" time="0.004" /><testcase classname="tests.test_system_services.TestConfigValidator" name="test_rule_condition_not_dict" time="0.003" /><testcase classname="tests.test_system_services.TestConfigBackupService" name="test_init_creates_dir" time="0.100" /><testcase classname="tests.test_system_services.TestConfigBackupService" name="test_is_scheduled_default_false" time="0.100" /><testcase classname="tests.test_system_services.TestConfigBackupService" name="test_interval_seconds" time="0.108" /><testcase classname="tests.test_system_services.TestConfigBackupService" name="test_set_interval" time="0.098" /><testcase classname="tests.test_system_services.TestConfigBackupService" name="test_set_interval_too_small" time="0.105" /><testcase classname="tests.test_system_services.TestConfigBackupService" name="test_set_max_backups" time="0.098" /><testcase classname="tests.test_system_services.TestConfigBackupService" name="test_remove_secrets" time="0.114" /><testcase classname="tests.test_system_services.TestConfigBackupService" name="test_remove_secrets_list" time="0.110" /><testcase classname="tests.test_system_services.TestConfigBackupService" name="test_deduplicate_entities" time="0.207" /><testcase classname="tests.test_system_services.TestConfigBackupService" name="test_list_backups_empty" time="0.122" /><testcase classname="tests.test_system_services.TestConfigBackupService" name="test_get_backup_not_found" time="0.114" /><testcase classname="tests.test_system_services.TestConfigBackupService" name="test_list_incremental_chain_not_found" time="0.121" /><testcase classname="tests.test_system_services.TestConfigBackupService" name="test_delete_backup_not_found" time="0.132" /><testcase classname="tests.test_system_services.TestConfigBackupService" name="test_start_stop_scheduler" time="0.142" /><testcase classname="tests.test_system_services.TestConfigBackupService" name="test_load_chain_state_no_file" time="0.127" /><testcase classname="tests.test_system_services.TestConfigBackupService" name="test_save_and_load_chain_state" time="0.121" /><testcase classname="tests.test_system_services.TestLogRotationService" name="test_init_default" time="0.003" /><testcase classname="tests.test_system_services.TestLogRotationService" name="test_init_custom_config" time="0.003" /><testcase classname="tests.test_system_services.TestLogRotationService" name="test_update_config" time="0.003" /><testcase classname="tests.test_system_services.TestLogRotationService" name="test_start_stop" time="0.006" /><testcase classname="tests.test_system_services.TestLogRotationService" name="test_rotate_if_needed_no_file" time="0.122" /><testcase classname="tests.test_system_services.TestConfigAuditService" name="test_init" time="0.124" /><testcase classname="tests.test_system_services.TestConfigAuditService" name="test_record_change_no_loop" time="0.107" /><testcase classname="tests.test_system_services.TestConfigAuditService" name="test_get_entries_no_loop" time="0.117" /><testcase classname="tests.test_system_services.TestConfigAuditService" name="test_get_entries_count_no_loop" time="0.223" /><testcase classname="tests.test_system_services.TestConfigAuditService" name="test_export_audit_log_no_loop" time="0.259" /><testcase classname="tests.test_system_services.TestConfigAuditService" name="test_cleanup_old_entries_no_loop" time="0.117" /><testcase classname="tests.test_system_services.TestHelpers" name="test_dict_to_audit_entry" time="0.005" /><testcase classname="tests.test_system_services.TestHelpers" name="test_dict_to_audit_entry_missing_fields" time="0.004" /><testcase classname="tests.test_system_services.TestHelpers" name="test_write_fallback_jsonl" time="0.152" /><testcase classname="tests.test_system_services.TestHelpers" name="test_query_jsonl_fallback_empty" time="0.106" /><testcase classname="tests.test_system_services.TestHelpers" name="test_cleanup_jsonl_fallback_no_file" time="0.119" /><testcase classname="tests.test_system_services.TestFactories" name="test_get_backup_service_no_autostart" time="0.111" /><testcase classname="tests.test_system_services.TestFactories" name="test_get_log_rotation_service" time="0.004" /><testcase classname="tests.test_system_services.TestFactories" name="test_get_audit_service" time="0.116" /><testcase classname="tests.test_video_ai.TestValidateModelPath" name="test_empty_path_returns_validate_failed" time="0.002" /><testcase classname="tests.test_video_ai.TestValidateModelPath" name="test_none_path_returns_validate_failed" time="0.002" /><testcase classname="tests.test_video_ai.TestValidateModelPath" name="test_path_traversal_in_raw" time="0.002" /><testcase classname="tests.test_video_ai.TestValidateModelPath" name="test_path_traversal_in_normalized" time="0.100" /><testcase classname="tests.test_video_ai.TestValidateModelPath" name="test_not_in_allowed_dirs" time="0.113" /><testcase classname="tests.test_video_ai.TestValidateModelPath" name="test_in_allowed_dir_subpath_passes_dir_check" time="0.106" /><testcase classname="tests.test_video_ai.TestValidateModelPath" name="test_allowed_dir_exact_match" time="0.104" /><testcase classname="tests.test_video_ai.TestValidateModelPath" name="test_wrong_extension" time="0.111" /><testcase classname="tests.test_video_ai.TestValidateModelPath" name="test_uppercase_onnx_extension_accepted" time="0.116" /><testcase classname="tests.test_video_ai.TestValidateModelPath" name="test_valid_file_with_magic_bytes" time="0.224" /><testcase classname="tests.test_video_ai.TestValidateModelPath" name="test_valid_file_wrong_header" time="0.124" /><testcase classname="tests.test_video_ai.TestValidateModelPath" name="test_short_file_header_skipped" time="0.118" /><testcase classname="tests.test_video_ai.TestValidateModelPath" name="test_file_read_oserror" time="0.109" /><testcase classname="tests.test_video_ai.TestValidateModelPath" name="test_nonexistent_file_passes" time="0.103" /><testcase classname="tests.test_video_ai.TestValidateModelPath" name="test_no_allowed_dirs_default_empty" time="0.118" /><testcase classname="tests.test_video_ai.TestValidateModelPath" name="test_empty_allowed_dirs_list_treated_as_no_check" time="0.118" /><testcase classname="tests.test_video_ai.TestResolveDevice" name="test_no_onnxruntime_returns_cpu" time="0.002" /><testcase classname="tests.test_video_ai.TestResolveDevice" name="test_cuda_available" time="0.004" /><testcase classname="tests.test_video_ai.TestResolveDevice" name="test_cuda_unavailable_degrades_to_cpu" time="0.003" /><testcase classname="tests.test_video_ai.TestResolveDevice" name="test_tensorrt_available" time="0.003" /><testcase classname="tests.test_video_ai.TestResolveDevice" name="test_tensorrt_unavailable_degrades_to_cpu" time="0.003" /><testcase classname="tests.test_video_ai.TestResolveDevice" name="test_unknown_device_returns_cpu_not_degraded" time="0.003" /><testcase classname="tests.test_video_ai.TestModelValidateResult" name="test_bool_true_when_ok" time="0.002" /><testcase classname="tests.test_video_ai.TestModelValidateResult" name="test_bool_false_when_not_ok" time="0.002" /><testcase classname="tests.test_video_ai.TestModelValidateResult" name="test_defaults_empty" time="0.004" /><testcase classname="tests.test_video_ai.TestInferenceOutput" name="test_ok_true_when_no_error_code" time="0.002" /><testcase classname="tests.test_video_ai.TestInferenceOutput" name="test_ok_false_when_error_code_set" time="0.002" /><testcase classname="tests.test_video_ai.TestInferenceOutput" name="test_defaults" time="0.005" /><testcase classname="tests.test_video_ai.TestInferenceConfig" name="test_defaults" time="0.002" /><testcase classname="tests.test_video_ai.TestInferenceTaskEnum" name="test_values" time="0.002" /><testcase classname="tests.test_video_ai.TestDetectionResult" name="test_required_fields" time="0.002" /><testcase classname="tests.test_video_ai.TestVideoAIModel" name="test_load_simulation_mode_no_onnxruntime" time="0.003" /><testcase classname="tests.test_video_ai.TestVideoAIModel" name="test_load_simulation_mode_empty_model_path" time="0.003" /><testcase classname="tests.test_video_ai.TestVideoAIModel" name="test_load_real_model_failure_returns_false" time="0.004" /><testcase classname="tests.test_video_ai.TestVideoAIModel" name="test_unload_clears_state" time="0.002" /><testcase classname="tests.test_video_ai.TestVideoAIModel" name="test_infer_not_initialized_returns_empty" time="0.006" /><testcase classname="tests.test_video_ai.TestVideoAIModel" name="test_infer_structured_not_initialized" time="0.005" /><testcase classname="tests.test_video_ai.TestVideoAIModel" name="test_infer_structured_none_image" time="0.005" /><testcase classname="tests.test_video_ai.TestVideoAIModel" name="test_infer_structured_empty_image" time="0.005" /><testcase classname="tests.test_video_ai.TestVideoAIModel" name="test_nms_empty_boxes" time="0.002" /><testcase classname="tests.test_video_ai.TestVideoAIModel" name="test_nms_keeps_non_overlapping" time="0.006" /><testcase classname="tests.test_video_ai.TestVideoAIModel" name="test_nms_suppresses_overlapping" time="0.002" /><testcase classname="tests.test_webhook_auth.TestWebhookAuth" name="test_none_mode_always_pass" time="0.003" /><testcase classname="tests.test_webhook_auth.TestWebhookAuth" name="test_bearer_correct" time="0.005" /><testcase classname="tests.test_webhook_auth.TestWebhookAuth" name="test_bearer_incorrect" time="0.002" /><testcase classname="tests.test_webhook_auth.TestWebhookAuth" name="test_bearer_missing_header" time="0.002" /><testcase classname="tests.test_webhook_auth.TestWebhookAuth" name="test_bearer_wrong_prefix" time="0.002" /><testcase classname="tests.test_webhook_auth.TestWebhookAuth" name="test_basic_correct" time="0.002" /><testcase classname="tests.test_webhook_auth.TestWebhookAuth" name="test_basic_incorrect" time="0.002" /><testcase classname="tests.test_webhook_auth.TestWebhookAuth" name="test_env_var_resolution" time="0.003" /><testcase classname="tests.test_webhook_auth.TestWebhookAuth" name="test_unknown_mode" time="0.003" /><testcase classname="tests.test_ws_channels" name="test_mask_url_with_credentials" time="0.002" /><testcase classname="tests.test_ws_channels" name="test_mask_url_without_credentials" time="0.002" /><testcase classname="tests.test_ws_channels" name="test_mask_url_empty_string" time="0.002" /><testcase classname="tests.test_ws_channels" name="test_mask_sensitive_password_field" time="0.002" /><testcase classname="tests.test_ws_channels" name="test_mask_sensitive_token_field" time="0.002" /><testcase classname="tests.test_ws_channels" name="test_mask_nested_dict" time="0.002" /><testcase classname="tests.test_ws_channels" name="test_mask_list_of_dicts" time="0.002" /><testcase classname="tests.test_ws_channels" name="test_mask_non_dict_non_list_passthrough" time="0.003" /><testcase classname="tests.test_ws_channels" name="test_mask_url_in_non_sensitive_string" time="0.005" /><testcase classname="tests.test_ws_channels" name="test_format_point_update_valid_event" time="0.004" /><testcase classname="tests.test_ws_channels" name="test_format_point_update_wrong_type" time="0.003" /><testcase classname="tests.test_ws_channels" name="test_format_alarm_valid_event" time="0.003" /><testcase classname="tests.test_ws_channels" name="test_format_alarm_wrong_type" time="0.003" /><testcase classname="tests.test_ws_channels" name="test_format_device_status_valid_event" time="0.003" /><testcase classname="tests.test_ws_channels" name="test_format_device_status_wrong_type" time="0.003" /><testcase classname="tests.test_ws_channels" name="test_format_integration_dict_event_masks_sensitive" time="0.003" /><testcase classname="tests.test_ws_channels" name="test_format_integration_filters_known_event_types" time="0.003" /><testcase classname="tests.test_ws_channels" name="test_format_integration_none_event" time="0.003" /><testcase classname="tests.test_ws_channels" name="test_format_integration_object_with_model_dump" time="0.003" /><testcase classname="tests.test_ws_channels" name="test_channels_start_stop" time="0.009" /><testcase classname="tests.test_ws_channels" name="test_channels_stop_idempotent" time="0.014" /><testcase classname="tests.test_ws_channels" name="test_realtime_channel_broadcasts_point_update" time="0.216" /><testcase classname="tests.test_ws_manager" name="test_validate_origin_none_whitelist_allows_all" time="0.003" /><testcase classname="tests.test_ws_manager" name="test_validate_origin_in_whitelist" time="0.002" /><testcase classname="tests.test_ws_manager" name="test_validate_origin_not_in_whitelist" time="0.005" /><testcase classname="tests.test_ws_manager" name="test_validate_origin_no_origin_header_allows_non_browser" time="0.003" /><testcase classname="tests.test_ws_manager" name="test_validate_origin_empty_whitelist_allows_all" time="0.003" /><testcase classname="tests.test_ws_manager" name="test_connect_valid_token" time="0.007" /><testcase classname="tests.test_ws_manager" name="test_connect_invalid_token_rejected" time="0.007" /><testcase classname="tests.test_ws_manager" name="test_connect_origin_rejected" time="0.005" /><testcase classname="tests.test_ws_manager" name="test_connect_max_connections_reached" time="0.006" /><testcase classname="tests.test_ws_manager" name="test_connect_no_token_accepts_pending_auth" time="0.005" /><testcase classname="tests.test_ws_manager" name="test_authenticate_success_sets_authenticated" time="0.006" /><testcase classname="tests.test_ws_manager" name="test_authenticate_failure_returns_false" time="0.007" /><testcase classname="tests.test_ws_manager" name="test_disconnect_removes_connection" time="0.007" /><testcase classname="tests.test_ws_manager" name="test_disconnect_nonexistent_channel_no_error" time="0.006" /><testcase classname="tests.test_ws_manager" name="test_broadcast_to_all_authenticated" time="0.008" /><testcase classname="tests.test_ws_manager" name="test_broadcast_skips_unauthenticated" time="0.008" /><testcase classname="tests.test_ws_manager" name="test_broadcast_with_role_filter" time="0.007" /><testcase classname="tests.test_ws_manager" name="test_broadcast_empty_channel_no_error" time="0.005" /><testcase classname="tests.test_ws_manager" name="test_broadcast_send_failure_disconnects" time="0.006" /><testcase classname="tests.test_ws_manager" name="test_get_total_connection_count" time="0.006" /><testcase classname="tests.test_ws_manager" name="test_record_pong_updates_timestamp" time="0.002" /><testcase classname="tests.test_ws_manager" name="test_close_disconnects_all_and_stops_heartbeat" time="0.006" /><testcase classname="tests.test_ws_manager" name="test_close_no_connections_no_error" time="0.005" /><testcase classname="tests.test_ws_manager" name="test_set_allowed_origins_none" time="0.004" /><testcase classname="tests.test_ws_manager" name="test_set_allowed_origins_list" time="0.004" /><testcase classname="tests.test_ws_manager" name="test_get_connection_count_deprecated" time="0.007" /><testcase classname="tests.test_ws_manager" name="test_start_stop_heartbeat" time="0.007" /><testcase classname="tests.test_ws_manager" name="test_start_heartbeat_idempotent" time="0.006" /><testcase classname="tests.test_ws_manager" name="test_stop_heartbeat_no_task_no_error" time="0.073" /></testsuite></testsuites>