<?xml version="1.0" encoding="utf-8"?><testsuites name="pytest tests"><testsuite name="pytest" errors="1" failures="58" skipped="0" tests="3738" time="1088.238" timestamp="2026-07-10T20:39:55.662389+08:00" hostname="85D83CFAC341E71"><testcase classname="tests.test_abb_robot.TestAbbRobotInit" name="test_init_calls_super" time="0.017" /><testcase classname="tests.test_abb_robot.TestAbbRobotInit" name="test_connected_init_false" time="0.005" /><testcase classname="tests.test_abb_robot.TestAbbRobotInit" name="test_safety_stop_init_false" time="0.005" /><testcase classname="tests.test_abb_robot.TestAbbRobotInit" name="test_supported_protocols_is_tuple" time="0.004" /><testcase classname="tests.test_abb_robot.TestAbbRobotInit" name="test_remove_device_does_not_crash" time="0.005" /><testcase classname="tests.test_abb_robot.TestConfigSchema" name="test_safety_guard_field_exists" time="0.004" /><testcase classname="tests.test_abb_robot.TestConfigSchema" name="test_stop_on_disconnect_field_exists" time="0.006" /><testcase classname="tests.test_abb_robot.TestConfigSchema" name="test_safety_guard_default_true" time="0.004" /><testcase classname="tests.test_abb_robot.TestConfigSchema" name="test_stop_on_disconnect_default_true" time="0.003" /><testcase classname="tests.test_abb_robot.TestEmergencyStop" name="test_emergency_stop_sets_flag" time="0.037" /><testcase classname="tests.test_abb_robot.TestEmergencyStop" name="test_emergency_stop_without_client_still_sets_flag" time="0.009" /><testcase classname="tests.test_abb_robot.TestEmergencyStop" name="test_emergency_stop_calls_stop_motion_when_connected" time="0.010" /><testcase classname="tests.test_abb_robot.TestEmergencyStop" name="test_emergency_stop_does_not_raise_on_stop_motion_failure" time="0.018" /><testcase classname="tests.test_abb_robot.TestWriteBlockOnSafetyStop" name="test_write_blocked_when_safety_active" time="0.014" /><testcase classname="tests.test_abb_robot.TestWriteBlockOnSafetyStop" name="test_write_blocked_does_not_call_client" time="0.008" /><testcase classname="tests.test_abb_robot.TestWriteBlockOnSafetyStop" name="test_write_allowed_when_safety_inactive" time="0.011" /><testcase classname="tests.test_abb_robot.TestWriteBlockOnSafetyStop" name="test_write_allowed_when_guard_disabled" time="0.015" /><testcase classname="tests.test_abb_robot.TestResetSafetyStop" name="test_reset_clears_flag" time="0.005" /><testcase classname="tests.test_abb_robot.TestResetSafetyStop" name="test_reset_returns_false_when_not_active" time="0.004" /><testcase classname="tests.test_abb_robot.TestResetSafetyStop" name="test_write_re_enabled_after_reset" time="0.015" /><testcase classname="tests.test_abb_robot.TestStopMotion" name="test_stop_motion_returns_true_on_success" time="0.010" /><testcase classname="tests.test_abb_robot.TestStopMotion" name="test_stop_motion_returns_false_when_not_connected" time="0.018" /><testcase classname="tests.test_abb_robot.TestStopMotion" name="test_stop_motion_returns_false_on_http_error" time="0.017" /><testcase classname="tests.test_abb_robot.TestStopMotion" name="test_stop_motion_returns_false_on_exception" time="0.015" /><testcase classname="tests.test_abb_robot.TestGetSafetyState" name="test_returns_unavailable_when_not_connected" time="0.017" /><testcase classname="tests.test_abb_robot.TestGetSafetyState" name="test_returns_state_on_success" time="0.020" /><testcase classname="tests.test_abb_robot.TestGetSafetyState" name="test_syncs_safety_flag_from_controller" time="0.015" /><testcase classname="tests.test_abb_robot.TestStopOnDisconnect" name="test_stop_calls_stop_motion_when_enabled" time="0.009" /><testcase classname="tests.test_abb_robot.TestStopOnDisconnect" name="test_stop_skips_stop_motion_when_disabled" time="0.011" /><testcase classname="tests.test_abb_robot.TestStopOnDisconnect" name="test_stop_skips_stop_motion_when_not_connected" time="0.010" /><testcase classname="tests.test_abb_robot.TestStopOnDisconnect" name="test_stop_clears_connected_flag" time="0.010" /><testcase classname="tests.test_acceptance_api.TestAPI200Success" name="test_a1_01_get_devices_200" time="0.736" /><testcase classname="tests.test_acceptance_api.TestAPI200Success" name="test_a1_02_get_rules_200" time="0.811" /><testcase classname="tests.test_acceptance_api.TestAPI200Success" name="test_a1_03_get_alarms_200" time="1.339" /><testcase classname="tests.test_acceptance_api.TestAPI200Success" name="test_a1_04_get_system_status_200" time="1.458" /><testcase classname="tests.test_acceptance_api.TestAPI200Success" name="test_a1_05_get_system_resources_200" time="1.607" /><testcase classname="tests.test_acceptance_api.TestAPI200Success" name="test_a1_06_get_drivers_200" time="2.485" /><testcase classname="tests.test_acceptance_api.TestAPI200Success" name="test_a1_07_get_services_200" time="2.697" /><testcase classname="tests.test_acceptance_api.TestAPI200Success" name="test_a1_08_get_system_config_200" time="1.970" /><testcase classname="tests.test_acceptance_api.TestAPI200Success" name="test_a1_09_get_system_ready_status_200" time="2.453" /><testcase classname="tests.test_acceptance_api.TestAPI200Success" name="test_a1_10_get_system_health_basic_200" time="2.718" /><testcase classname="tests.test_acceptance_api.TestAPI200Success" name="test_a1_11_get_system_circuit_breakers_200" time="2.941" /><testcase classname="tests.test_acceptance_api.TestAPI200Success" name="test_a1_12_get_system_locks_status_200" time="2.249" /><testcase classname="tests.test_acceptance_api.TestAPI200Success" name="test_a1_13_get_system_network_200" time="3.794" /><testcase classname="tests.test_acceptance_api.TestAPI200Success" name="test_a1_14_get_system_retention_200" time="2.189" /><testcase classname="tests.test_acceptance_api.TestAPI200Success" name="test_a1_15_get_system_performance_200" time="2.619" /><testcase classname="tests.test_acceptance_api.TestAPI400BadRequest" name="test_a2_01_create_device_missing_required_fields" time="1.226" /><testcase classname="tests.test_acceptance_api.TestAPI400BadRequest" name="test_a2_02_create_device_invalid_protocol" time="0.611" /><testcase classname="tests.test_acceptance_api.TestAPI400BadRequest" name="test_a2_03_create_device_invalid_port_range" time="25.661" /><testcase classname="tests.test_acceptance_api.TestAPI400BadRequest" name="test_a2_04_create_device_invalid_collect_interval" time="1.357" /><testcase classname="tests.test_acceptance_api.TestAPI400BadRequest" name="test_a2_05_create_rule_missing_fields" time="0.952" /><testcase classname="tests.test_acceptance_api.TestAPI401Unauthorized" name="test_a3_01_devices_no_token" time="0.547" /><testcase classname="tests.test_acceptance_api.TestAPI401Unauthorized" name="test_a3_02_rules_no_token" time="0.721" /><testcase classname="tests.test_acceptance_api.TestAPI401Unauthorized" name="test_a3_03_alarms_no_token" time="1.057" /><testcase classname="tests.test_acceptance_api.TestAPI401Unauthorized" name="test_a3_04_system_config_no_token" time="2.467" /><testcase classname="tests.test_acceptance_api.TestAPI401Unauthorized" name="test_a3_05_create_device_no_token" time="0.818" /><testcase classname="tests.test_acceptance_api.TestAPI401Unauthorized" name="test_a3_06_invalid_bearer_token" time="0.571" /><testcase classname="tests.test_acceptance_api.TestAPI403Forbidden" name="test_a4_01_viewer_cannot_create_device" time="0.597" /><testcase classname="tests.test_acceptance_api.TestAPI403Forbidden" name="test_a4_02_viewer_cannot_delete_device" time="0.649" /><testcase classname="tests.test_acceptance_api.TestAPI403Forbidden" name="test_a4_03_viewer_cannot_create_rule" time="0.786" /><testcase classname="tests.test_acceptance_api.TestAPI403Forbidden" name="test_a4_04_viewer_cannot_delete_rule" time="0.818" /><testcase classname="tests.test_acceptance_api.TestAPI403Forbidden" name="test_a4_05_viewer_cannot_update_system_config" time="2.408" /><testcase classname="tests.test_acceptance_api.TestAPI403Forbidden" name="test_a4_06_viewer_cannot_reload_config" time="2.286" /><testcase classname="tests.test_acceptance_api.TestAPI403Forbidden" name="test_a4_07_viewer_can_read_devices" time="0.972" /><testcase classname="tests.test_acceptance_api.TestAPI403Forbidden" name="test_a4_08_viewer_can_read_rules" time="1.337" /><testcase classname="tests.test_acceptance_api.TestAPI404NotFound" name="test_a5_01_device_not_found" time="2.002" /><testcase classname="tests.test_acceptance_api.TestAPI404NotFound" name="test_a5_02_rule_not_found" time="1.206" /><testcase classname="tests.test_acceptance_api.TestAPI404NotFound" name="test_a5_03_unknown_endpoint" time="4.050" /><testcase classname="tests.test_acceptance_api.TestAPI500ServerError" name="test_a6_01_device_service_error" time="0.852" /><testcase classname="tests.test_acceptance_api.TestAPI500ServerError" name="test_a6_02_rule_service_error" time="2.327" /><testcase classname="tests.test_acceptance_api.TestAPI500ServerError" name="test_a6_03_alarm_service_error" time="1.334" /><testcase classname="tests.test_acceptance_api.TestAPIPagination" name="test_a7_01_default_pagination" time="0.997" /><testcase classname="tests.test_acceptance_api.TestAPIPagination" name="test_a7_02_custom_pagination" time="0.877" /><testcase classname="tests.test_acceptance_api.TestAPIPagination" name="test_a7_03_invalid_page" time="1.137" /><testcase classname="tests.test_acceptance_api.TestAPIPagination" name="test_a7_04_oversize_page" time="1.595" /><testcase classname="tests.test_acceptance_api.TestAPIResponseFormat" name="test_a8_01_list_response_has_data_field" time="1.193" /><testcase classname="tests.test_acceptance_api.TestAPIResponseFormat" name="test_a8_02_list_response_has_total_field" time="1.704" /><testcase classname="tests.test_acceptance_api.TestAPIResponseFormat" name="test_a8_03_error_response_has_detail" time="0.830" /><testcase classname="tests.test_acceptance_compatibility.TestUserAgentCompatibility" name="test_comp1_01_chrome_ua" time="1.125" /><testcase classname="tests.test_acceptance_compatibility.TestUserAgentCompatibility" name="test_comp1_02_firefox_ua" time="0.769" /><testcase classname="tests.test_acceptance_compatibility.TestUserAgentCompatibility" name="test_comp1_03_edge_ua" time="0.848" /><testcase classname="tests.test_acceptance_compatibility.TestUserAgentCompatibility" name="test_comp1_04_safari_ua" time="1.072" /><testcase classname="tests.test_acceptance_compatibility.TestUserAgentCompatibility" name="test_comp1_05_no_user_agent" time="1.572" /><testcase classname="tests.test_acceptance_compatibility.TestContentTypeCompatibility" name="test_comp2_01_json_content_type" time="0.947" /><testcase classname="tests.test_acceptance_compatibility.TestContentTypeCompatibility" name="test_comp2_02_post_with_json" time="1.111" /><testcase classname="tests.test_acceptance_compatibility.TestContentTypeCompatibility" name="test_comp2_03_utf8_response" time="0.794" /><testcase classname="tests.test_acceptance_compatibility.TestHTTPMethodCompliance" name="test_comp3_01_get_allowed" time="0.824" /><testcase classname="tests.test_acceptance_compatibility.TestHTTPMethodCompliance" name="test_comp3_02_post_allowed" time="0.867" /><testcase classname="tests.test_acceptance_compatibility.TestHTTPMethodCompliance" name="test_comp3_03_put_allowed" time="1.162" /><testcase classname="tests.test_acceptance_compatibility.TestHTTPMethodCompliance" name="test_comp3_04_delete_allowed" time="0.510" /><testcase classname="tests.test_acceptance_compatibility.TestHTTPMethodCompliance" name="test_comp3_05_patch_method" time="2.463" /><testcase classname="tests.test_acceptance_compatibility.TestCORSConfiguration" name="test_comp4_01_options_preflight" time="0.091" /><testcase classname="tests.test_acceptance_compatibility.TestCORSConfiguration" name="test_comp4_02_cors_header_present" time="0.617" /><testcase classname="tests.test_acceptance_compatibility.TestErrorHandlingCompatibility" name="test_comp5_01_404_has_json_body" time="2.500" /><testcase classname="tests.test_acceptance_compatibility.TestErrorHandlingCompatibility" name="test_comp5_02_422_has_validation_details" time="0.741" /><testcase classname="tests.test_acceptance_compatibility.TestErrorHandlingCompatibility" name="test_comp5_03_500_has_error_body" time="0.920" /><testcase classname="tests.test_acceptance_functional.TestDeviceCRUD" name="test_f1_01_list_devices" time="0.734" /><testcase classname="tests.test_acceptance_functional.TestDeviceCRUD" name="test_f1_02_create_device_valid" time="0.736" /><testcase classname="tests.test_acceptance_functional.TestDeviceCRUD" name="test_f1_03_create_device_invalid_id" time="1.232" /><testcase classname="tests.test_acceptance_functional.TestDeviceCRUD" name="test_f1_04_create_device_missing_points" time="0.677" /><testcase classname="tests.test_acceptance_functional.TestDeviceCRUD" name="test_f1_05_get_device_by_id" time="0.689" /><testcase classname="tests.test_acceptance_functional.TestDeviceCRUD" name="test_f1_06_get_device_not_found" time="0.771" /><testcase classname="tests.test_acceptance_functional.TestDeviceCRUD" name="test_f1_07_update_device" time="0.634" /><testcase classname="tests.test_acceptance_functional.TestDeviceCRUD" name="test_f1_08_delete_device" time="0.623" /><testcase classname="tests.test_acceptance_functional.TestRuleCRUD" name="test_f2_01_list_rules" time="1.409" /><testcase classname="tests.test_acceptance_functional.TestRuleCRUD" name="test_f2_02_create_rule" time="0.858" /><testcase classname="tests.test_acceptance_functional.TestRuleCRUD" name="test_f2_03_get_rule" time="0.729" /><testcase classname="tests.test_acceptance_functional.TestRuleCRUD" name="test_f2_04_update_rule" time="0.623" /><testcase classname="tests.test_acceptance_functional.TestRuleCRUD" name="test_f2_05_delete_rule" time="0.884" /><testcase classname="tests.test_acceptance_functional.TestRuleCRUD" name="test_f2_06_test_rule" time="1.058" /><testcase classname="tests.test_acceptance_functional.TestAlarmManagement" name="test_f3_01_list_alarms" time="1.506" /><testcase classname="tests.test_acceptance_functional.TestAlarmManagement" name="test_f3_02_acknowledge_alarm" time="1.504" /><testcase classname="tests.test_acceptance_functional.TestAlarmManagement" name="test_f3_03_recover_alarm" time="1.183" /><testcase classname="tests.test_acceptance_functional.TestDataQuery" name="test_f4_01_query_timeseries" time="1.321" /><testcase classname="tests.test_acceptance_functional.TestDataQuery" name="test_f4_02_query_stats" time="1.507" /><testcase classname="tests.test_acceptance_functional.TestDataQuery" name="test_f4_03_query_invalid_time_range" time="1.791" /><testcase classname="tests.test_acceptance_functional.TestAIInference" name="test_f5_01_list_ai_models" time="1.412" /><testcase classname="tests.test_acceptance_functional.TestAIInference" name="test_f5_02_ai_stats" time="1.489" /><testcase classname="tests.test_acceptance_functional.TestSystemManagement" name="test_f6_01_system_status" time="1.699" /><testcase classname="tests.test_acceptance_functional.TestSystemManagement" name="test_f6_02_system_resources" time="1.998" /><testcase classname="tests.test_acceptance_functional.TestSystemManagement" name="test_f6_03_system_config" time="1.827" /><testcase classname="tests.test_acceptance_functional.TestSystemManagement" name="test_f6_04_drivers_list" time="1.487" /><testcase classname="tests.test_acceptance_functional.TestSystemManagement" name="test_f6_05_services_list" time="2.446" /><testcase classname="tests.test_acceptance_performance.TestAPIResponseTime" name="test_perf1_01_devices_list_latency" time="1.236"><failure message="AssertionError: P95 latency 628.5ms exceeds 500ms&#10;assert 628.4988150011486 &lt; 500">E   AssertionError: P95 latency 628.5ms exceeds 500ms
    assert 628.4988150011486 &lt; 500</failure></testcase><testcase classname="tests.test_acceptance_performance.TestAPIResponseTime" name="test_perf1_02_rules_list_latency" time="1.227" /><testcase classname="tests.test_acceptance_performance.TestAPIResponseTime" name="test_perf1_03_alarms_list_latency" time="1.404" /><testcase classname="tests.test_acceptance_performance.TestAPIResponseTime" name="test_perf1_04_system_status_latency" time="2.048"><failure message="AssertionError: Average latency 196.5ms exceeds 100ms&#10;assert 196.54543999931775 &lt; 100">E   AssertionError: Average latency 196.5ms exceeds 100ms
    assert 196.54543999931775 &lt; 100</failure></testcase><testcase classname="tests.test_acceptance_performance.TestAPIResponseTime" name="test_perf1_05_health_check_latency" time="0.191" /><testcase classname="tests.test_acceptance_performance.TestConcurrentRequests" name="test_perf2_01_concurrent_device_list" time="2.393" /><testcase classname="tests.test_acceptance_performance.TestConcurrentRequests" name="test_perf2_02_concurrent_mixed_endpoints" time="3.053" /><testcase classname="tests.test_acceptance_performance.TestConcurrentRequests" name="test_perf2_03_concurrent_create_devices" time="0.803" /><testcase classname="tests.test_acceptance_performance.TestStabilityUnderLoad" name="test_perf3_01_sustained_requests" time="2.697" /><testcase classname="tests.test_acceptance_performance.TestStabilityUnderLoad" name="test_perf3_02_response_time_stability" time="2.966" /><testcase classname="tests.test_acceptance_security.TestBruteForceProtection" name="test_sec1_01_multiple_failed_login" time="0.345" /><testcase classname="tests.test_acceptance_security.TestBruteForceProtection" name="test_sec1_02_login_with_empty_credentials" time="0.213" /><testcase classname="tests.test_acceptance_security.TestBruteForceProtection" name="test_sec1_03_login_with_weak_password_format" time="0.260" /><testcase classname="tests.test_acceptance_security.TestBruteForceProtection" name="test_sec1_04_long_password_rejected" time="0.202" /><testcase classname="tests.test_acceptance_security.TestPrivilegeEscalation" name="test_sec2_01_viewer_cannot_access_user_management" time="2.174" /><testcase classname="tests.test_acceptance_security.TestPrivilegeEscalation" name="test_sec2_02_viewer_cannot_create_users" time="2.183" /><testcase classname="tests.test_acceptance_security.TestPrivilegeEscalation" name="test_sec2_03_viewer_cannot_delete_users" time="2.949" /><testcase classname="tests.test_acceptance_security.TestPrivilegeEscalation" name="test_sec2_04_viewer_cannot_backup_system" time="2.093" /><testcase classname="tests.test_acceptance_security.TestPrivilegeEscalation" name="test_sec2_05_viewer_cannot_restore_system" time="2.271" /><testcase classname="tests.test_acceptance_security.TestPrivilegeEscalation" name="test_sec2_06_viewer_cannot_reload_config" time="2.061" /><testcase classname="tests.test_acceptance_security.TestPrivilegeEscalation" name="test_sec2_07_viewer_cannot_rotate_cert" time="2.298" /><testcase classname="tests.test_acceptance_security.TestPrivilegeEscalation" name="test_sec2_08_admin_passes_permission_check" time="1.377" /><testcase classname="tests.test_acceptance_security.TestSQLInjection" name="test_sec3_01_sql_injection_in_device_id" time="0.512" /><testcase classname="tests.test_acceptance_security.TestSQLInjection" name="test_sec3_02_sql_injection_in_login" time="0.190" /><testcase classname="tests.test_acceptance_security.TestSQLInjection" name="test_sec3_03_sql_injection_in_search" time="0.710" /><testcase classname="tests.test_acceptance_security.TestXSSProtection" name="test_sec4_01_xss_in_device_name" time="0.738" /><testcase classname="tests.test_acceptance_security.TestXSSProtection" name="test_sec4_02_xss_in_rule_name" time="1.629" /><testcase classname="tests.test_acceptance_security.TestXSSProtection" name="test_sec4_03_content_type_header" time="0.781" /><testcase classname="tests.test_acceptance_security.TestXSSProtection" name="test_sec4_04_security_headers" time="0.637" /><testcase classname="tests.test_acceptance_security.TestTokenSecurity" name="test_sec5_01_no_token_rejected" time="1.196" /><testcase classname="tests.test_acceptance_security.TestTokenSecurity" name="test_sec5_02_malformed_token_rejected" time="0.992" /><testcase classname="tests.test_acceptance_security.TestTokenSecurity" name="test_sec5_03_empty_bearer_rejected" time="1.102" /><testcase classname="tests.test_acceptance_security.TestTokenSecurity" name="test_sec5_04_wrong_auth_scheme" time="0.784" /><testcase classname="tests.test_acceptance_security.TestTokenSecurity" name="test_sec5_05_token_in_query_param_rejected" time="0.542" /><testcase classname="tests.test_acceptance_smoke.TestSmokeHealth" name="test_s1_01_health_live" time="0.858" /><testcase classname="tests.test_acceptance_smoke.TestSmokeHealth" name="test_s1_02_health_live_alias" time="0.123" /><testcase classname="tests.test_acceptance_smoke.TestSmokeHealth" name="test_s1_03_health_ready" time="0.135" /><testcase classname="tests.test_acceptance_smoke.TestSmokeHealth" name="test_s1_04_health_full" time="0.103" /><testcase classname="tests.test_acceptance_smoke.TestSmokeAPIRouting" name="test_s2_01_devices_route" time="0.705" /><testcase classname="tests.test_acceptance_smoke.TestSmokeAPIRouting" name="test_s2_02_rules_route" time="0.786" /><testcase classname="tests.test_acceptance_smoke.TestSmokeAPIRouting" name="test_s2_03_alarms_route" time="1.003" /><testcase classname="tests.test_acceptance_smoke.TestSmokeAPIRouting" name="test_s2_04_system_status" time="1.646" /><testcase classname="tests.test_acceptance_smoke.TestSmokeAPIRouting" name="test_s2_05_ai_models" time="2.748" /><testcase classname="tests.test_acceptance_smoke.TestSmokeAPIRouting" name="test_s2_06_drivers_list" time="2.827" /><testcase classname="tests.test_acceptance_smoke.TestSmokeAPIRouting" name="test_s2_07_services_list" time="2.257" /><testcase classname="tests.test_acceptance_smoke.TestSmokeAPIRouting" name="test_s2_08_openapi_docs" time="12.113" /><testcase classname="tests.test_acceptance_smoke.TestSmokeAuth" name="test_s3_01_login_missing_body" time="0.236" /><testcase classname="tests.test_acceptance_smoke.TestSmokeAuth" name="test_s3_02_login_invalid_credentials" time="0.213" /><testcase classname="tests.test_acceptance_smoke.TestSmokeAuth" name="test_s3_03_unknown_route_404" time="4.356" /><testcase classname="tests.test_ai_inference_cache.TestMakeKey" name="test_same_input_same_key" time="0.006" /><testcase classname="tests.test_ai_inference_cache.TestMakeKey" name="test_different_model_different_key" time="0.019" /><testcase classname="tests.test_ai_inference_cache.TestMakeKey" name="test_different_input_different_key" time="0.010" /><testcase classname="tests.test_ai_inference_cache.TestMakeKey" name="test_key_is_md5_hex" time="0.006" /><testcase classname="tests.test_ai_inference_cache.TestMakeKey" name="test_float_precision_6_decimals" time="0.007" /><testcase classname="tests.test_ai_inference_cache.TestGetPut" name="test_miss_returns_none" time="0.007" /><testcase classname="tests.test_ai_inference_cache.TestGetPut" name="test_hit_returns_data" time="0.008" /><testcase classname="tests.test_ai_inference_cache.TestGetPut" name="test_put_then_get_roundtrip" time="0.006" /><testcase classname="tests.test_ai_inference_cache.TestGetPut" name="test_ttl_expiry" time="0.209" /><testcase classname="tests.test_ai_inference_cache.TestGetPut" name="test_ttl_not_expired" time="0.013" /><testcase classname="tests.test_ai_inference_cache.TestGetPut" name="test_expired_entry_removed_on_get" time="0.207" /><testcase classname="tests.test_ai_inference_cache.TestLRUEviction" name="test_evict_oldest_when_over_capacity" time="0.012" /><testcase classname="tests.test_ai_inference_cache.TestLRUEviction" name="test_get_updates_lru_order" time="0.008" /><testcase classname="tests.test_ai_inference_cache.TestLRUEviction" name="test_put_same_key_updates_not_evict" time="0.006" /><testcase classname="tests.test_ai_inference_cache.TestStats" name="test_initial_stats" time="0.007" /><testcase classname="tests.test_ai_inference_cache.TestStats" name="test_hits_and_misses" time="0.076" /><testcase classname="tests.test_ai_inference_cache.TestStats" name="test_ttl_expired_counts_as_miss" time="0.206" /><testcase classname="tests.test_ai_inference_cache.TestStats" name="test_size_reflects_cache" time="0.006" /><testcase classname="tests.test_ai_inference_cache.TestClear" name="test_clear_empties_cache" time="0.008" /><testcase classname="tests.test_ai_inference_cache.TestClear" name="test_clear_does_not_reset_stats" time="0.021" /><testcase classname="tests.test_ai_inference_cache.TestInvalidateModel" name="test_invalidate_returns_count" time="0.007" /><testcase classname="tests.test_ai_inference_cache.TestInvalidateModel" name="test_invalidate_clears_cache" time="0.006" /><testcase classname="tests.test_ai_inference_cache.TestInvalidateModel" name="test_invalidate_empty_cache_returns_zero" time="0.009" /><testcase classname="tests.test_alarm_service.TestSeverityConstants" name="test_severity_order" time="0.008" /><testcase classname="tests.test_alarm_service.TestAlarmEscalationConfig" name="test_required_fields" time="0.011" /><testcase classname="tests.test_alarm_service.TestAlarmSuppressionRule" name="test_defaults" time="0.010" /><testcase classname="tests.test_alarm_service.TestAlarmSuppressionRule" name="test_with_filters" time="0.010" /><testcase classname="tests.test_alarm_service.TestAlarmStatistics" name="test_defaults" time="0.010" /><testcase classname="tests.test_alarm_service.TestConfigureEscalation" name="test_configure_escalation" time="0.044" /><testcase classname="tests.test_alarm_service.TestConfigureEscalation" name="test_default_escalation_configs" time="0.024" /><testcase classname="tests.test_alarm_service.TestConfigureEscalation" name="test_critical_escalates_to_critical" time="0.049" /><testcase classname="tests.test_alarm_service.TestConfigureEscalation" name="test_major_escalates_to_critical" time="0.038" /><testcase classname="tests.test_alarm_service.TestSuppressionRules" name="test_add_suppression_rule" time="0.040" /><testcase classname="tests.test_alarm_service.TestSuppressionRules" name="test_remove_suppression_rule" time="0.031" /><testcase classname="tests.test_alarm_service.TestSuppressionRules" name="test_remove_nonexistent_rule" time="0.796" /><testcase classname="tests.test_alarm_service.TestSuppressionRules" name="test_list_suppression_rules_returns_copy" time="0.781" /><testcase classname="tests.test_alarm_service.TestIsSuppressed" name="test_no_rules_not_suppressed" time="0.256" /><testcase classname="tests.test_alarm_service.TestIsSuppressed" name="test_device_filter_match" time="0.055" /><testcase classname="tests.test_alarm_service.TestIsSuppressed" name="test_device_filter_no_match" time="0.031" /><testcase classname="tests.test_alarm_service.TestIsSuppressed" name="test_severity_filter" time="0.040" /><testcase classname="tests.test_alarm_service.TestIsSuppressed" name="test_disabled_rule_not_applied" time="0.048" /><testcase classname="tests.test_alarm_service.TestIsSuppressed" name="test_expired_rule_not_applied" time="0.037" /><testcase classname="tests.test_alarm_service.TestIsSuppressed" name="test_rule_filter" time="0.042" /><testcase classname="tests.test_alarm_service.TestIsInTimeRange" name="test_normal_range" time="0.011" /><testcase classname="tests.test_alarm_service.TestIsInTimeRange" name="test_overnight_range" time="0.050" /><testcase classname="tests.test_alarm_service.TestIsInTimeRange" name="test_normalized_time" time="0.010" /><testcase classname="tests.test_alarm_service.TestIsInTimeRange" name="test_invalid_time" time="0.005" /><testcase classname="tests.test_alarm_service.TestFormatDuration" name="test_seconds" time="0.014" /><testcase classname="tests.test_alarm_service.TestFormatDuration" name="test_minutes" time="0.006" /><testcase classname="tests.test_alarm_service.TestFormatDuration" name="test_hours" time="0.008" /><testcase classname="tests.test_alarm_service.TestFormatDuration" name="test_days" time="0.006" /><testcase classname="tests.test_alarm_service.TestCalculateAlarmRate" name="test_no_alarms_zero_rate" time="0.035" /><testcase classname="tests.test_alarm_service.TestCalculateAlarmRate" name="test_with_alarms" time="0.043" /><testcase classname="tests.test_alarm_service.TestUpdateMttrMtbf" name="test_empty_stats" time="0.032" /><testcase classname="tests.test_alarm_service.TestUpdateMttrMtbf" name="test_with_recovery_times" time="0.038" /><testcase classname="tests.test_alarm_service.TestUpdateMttrMtbf" name="test_with_failure_intervals" time="0.037" /><testcase classname="tests.test_alarm_service.TestGetStatistics" name="test_returns_stats" time="0.033" /><testcase classname="tests.test_alarm_service.TestStartStop" name="test_start_no_event_bus" time="0.084" /><testcase classname="tests.test_alarm_service.TestStartStop" name="test_stop_cleans_tasks" time="0.037" /><testcase classname="tests.test_alarm_service.TestTriggerAlarm" name="test_trigger_alarm_suppressed" time="0.043" /><testcase classname="tests.test_alarm_service.TestTriggerAlarm" name="test_trigger_alarm_success" time="0.057" /><testcase classname="tests.test_alarm_service.TestTriggerAlarm" name="test_trigger_alarm_create_failure" time="0.071" /><testcase classname="tests.test_alarm_service.TestListAlarms" name="test_list_alarms_no_filter" time="0.047" /><testcase classname="tests.test_alarm_service.TestListAlarms" name="test_list_alarms_with_device_ids" time="0.037" /><testcase classname="tests.test_alarm_service.TestNotificationChannelManagement" name="test_list_channels" time="0.034" /><testcase classname="tests.test_alarm_service.TestNotificationChannelManagement" name="test_set_channel_enabled" time="0.030" /><testcase classname="tests.test_alarm_service.TestNotificationChannelManagement" name="test_test_notification_channel" time="0.060" /><testcase classname="tests.test_allen_bradley.TestWatchdogFailCount" name="test_fail_count_increments_on_failure" time="0.047" /><testcase classname="tests.test_allen_bradley.TestWatchdogFailCount" name="test_fail_count_resets_on_success" time="0.045" /><testcase classname="tests.test_allen_bradley.TestWatchdogFailCount" name="test_success_clears_offline_since" time="0.031" /><testcase classname="tests.test_allen_bradley.TestWatchdogFailCount" name="test_failure_records_offline_since" time="0.024" /><testcase classname="tests.test_allen_bradley.TestWatchdogAutoReconnect" name="test_threshold_triggers_reconnect" time="0.071" /><testcase classname="tests.test_allen_bradley.TestWatchdogAutoReconnect" name="test_fail_count_resets_after_threshold" time="0.072" /><testcase classname="tests.test_allen_bradley.TestWatchdogAutoReconnect" name="test_below_threshold_no_reconnect" time="0.054" /><testcase classname="tests.test_allen_bradley.TestWatchdogAutoReconnect" name="test_reconnect_with_empty_devices_uses_empty_did" time="0.089" /><testcase classname="tests.test_allen_bradley.TestWatchdogAutoReconnect" name="test_degraded_state_set_on_failure" time="0.038" /><testcase classname="tests.test_allen_bradley.TestWatchdogResetOnReconnect" name="test_reconnect_success_resets_fail_count" time="0.071" /><testcase classname="tests.test_allen_bradley.TestLargeForwardOpenFallback" name="test_lfo_auto_disabled_on_ping_fail" time="0.024" /><testcase classname="tests.test_allen_bradley.TestLargeForwardOpenFallback" name="test_lfo_fallback_retries_ping" time="0.024" /><testcase classname="tests.test_allen_bradley.TestLargeForwardOpenFallback" name="test_lfo_fallback_success_connects" time="0.027" /><testcase classname="tests.test_allen_bradley.TestLargeForwardOpenFallback" name="test_lfo_fallback_both_fail_stays_disconnected" time="0.028" /><testcase classname="tests.test_allen_bradley.TestLargeForwardOpenFallback" name="test_lfo_not_triggered_when_auto_false" time="0.026" /><testcase classname="tests.test_allen_bradley.TestLargeForwardOpenFallback" name="test_lfo_fallback_resets_fail_count" time="0.029" /><testcase classname="tests.test_allen_bradley.TestLargeForwardOpenAttributeInit" name="test_lfo_auto_set_when_not_explicit_and_no_backup" time="0.025" /><testcase classname="tests.test_allen_bradley.TestLargeForwardOpenAttributeInit" name="test_lfo_auto_not_set_when_using_backup" time="0.023" /><testcase classname="tests.test_api_auth.TestIsDevMode" name="test_dev_mode_true" time="0.007" /><testcase classname="tests.test_api_auth.TestIsDevMode" name="test_dev_mode_1" time="0.007" /><testcase classname="tests.test_api_auth.TestIsDevMode" name="test_dev_mode_yes" time="0.007" /><testcase classname="tests.test_api_auth.TestIsDevMode" name="test_dev_mode_false" time="0.006" /><testcase classname="tests.test_api_auth.TestIsDevMode" name="test_dev_mode_unset" time="0.008" /><testcase classname="tests.test_api_auth.TestIsIpInCidr" name="test_ip_in_cidr" time="0.008" /><testcase classname="tests.test_api_auth.TestIsIpInCidr" name="test_ip_not_in_cidr" time="0.008" /><testcase classname="tests.test_api_auth.TestIsIpInCidr" name="test_ipv6_in_cidr" time="0.011" /><testcase classname="tests.test_api_auth.TestIsIpInCidr" name="test_invalid_ip" time="0.008" /><testcase classname="tests.test_api_auth.TestIsIpInCidr" name="test_invalid_cidr" time="0.008" /><testcase classname="tests.test_api_auth.TestIsIpInCidr" name="test_exact_match_single_ip" time="0.005" /><testcase classname="tests.test_api_auth.TestIsTrustedProxy" name="test_empty_trusted_proxies" time="0.010" /><testcase classname="tests.test_api_auth.TestIsTrustedProxy" name="test_none_trusted_proxies" time="0.007" /><testcase classname="tests.test_api_auth.TestIsTrustedProxy" name="test_exact_match" time="0.007" /><testcase classname="tests.test_api_auth.TestIsTrustedProxy" name="test_no_match" time="0.006" /><testcase classname="tests.test_api_auth.TestIsTrustedProxy" name="test_cidr_match" time="0.010" /><testcase classname="tests.test_api_auth.TestIsTrustedProxy" name="test_cidr_no_match" time="0.007" /><testcase classname="tests.test_api_auth.TestIsTrustedProxy" name="test_whitespace_stripped" time="0.007" /><testcase classname="tests.test_api_auth.TestIsTrustedProxy" name="test_multiple_proxies" time="0.008" /><testcase classname="tests.test_api_auth.TestGetClientIp" name="test_direct_client_no_proxies" time="0.012" /><testcase classname="tests.test_api_auth.TestGetClientIp" name="test_direct_client_not_trusted" time="0.010" /><testcase classname="tests.test_api_auth.TestGetClientIp" name="test_trusted_proxy_uses_xff" time="0.007" /><testcase classname="tests.test_api_auth.TestGetClientIp" name="test_trusted_proxy_uses_xrealip" time="0.008" /><testcase classname="tests.test_api_auth.TestGetClientIp" name="test_trusted_proxy_invalid_xff" time="0.016" /><testcase classname="tests.test_api_auth.TestGetClientIp" name="test_trusted_proxy_multiple_xff" time="0.009" /><testcase classname="tests.test_api_auth.TestGetClientIp" name="test_no_client" time="0.007" /><testcase classname="tests.test_api_auth.TestSetTokenCookies" name="test_set_cookies_dev_mode" time="0.012" /><testcase classname="tests.test_api_auth.TestSetTokenCookies" name="test_set_cookies_prod_mode" time="0.007" /><testcase classname="tests.test_api_auth.TestClearTokenCookies" name="test_clear_cookies" time="0.006" /><testcase classname="tests.test_api_auth.TestCheckLoginRate" name="test_under_limit_no_exception" time="0.018" /><testcase classname="tests.test_api_auth.TestCheckLoginRate" name="test_over_limit_raises_429" time="0.025" /><testcase classname="tests.test_api_auth.TestRecordLoginAttempt" name="test_record_called" time="0.022" /><testcase classname="tests.test_api_auth.TestCheckAccountLockout" name="test_no_lockout" time="0.019" /><testcase classname="tests.test_api_auth.TestCheckAccountLockout" name="test_lockout_expired" time="0.023" /><testcase classname="tests.test_api_auth.TestCheckAccountLockout" name="test_lockout_active_raises_423" time="0.020" /><testcase classname="tests.test_api_auth.TestRecordLockoutFailure" name="test_record_called" time="0.028" /><testcase classname="tests.test_api_auth.TestClearLockout" name="test_clear_called" time="0.021" /><testcase classname="tests.test_api_auth.TestWeakPasswords" name="test_common_weak_passwords" time="0.008" /><testcase classname="tests.test_api_auth.TestWeakPasswords" name="test_weak_passwords_case_sensitive" time="0.007" /><testcase classname="tests.test_api_auth.TestPasswordLengthConstants" name="test_min_password_length" time="0.006" /><testcase classname="tests.test_api_auth.TestPasswordLengthConstants" name="test_max_password_length" time="0.006" /><testcase classname="tests.test_api_auth.TestCookieConstants" name="test_cookie_names" time="0.008" /><testcase classname="tests.test_api_auth.TestRouterDefinition" name="test_router_prefix" time="0.007" /><testcase classname="tests.test_api_auth.TestRouterDefinition" name="test_router_tags" time="0.006" /><testcase classname="tests.test_api_health.TestRateLimiter" name="test_allow_under_limit" time="0.008" /><testcase classname="tests.test_api_health.TestRateLimiter" name="test_block_over_limit" time="0.008" /><testcase classname="tests.test_api_health.TestRateLimiter" name="test_different_ips_independent" time="0.006" /><testcase classname="tests.test_api_health.TestRateLimiter" name="test_cleanup_removes_empty_buckets" time="0.008" /><testcase classname="tests.test_api_health.TestRateLimiter" name="test_window_expiry_allows_again" time="0.014" /><testcase classname="tests.test_api_health.TestHealthLive" name="test_health_live_returns_ok" time="0.049" /><testcase classname="tests.test_api_health.TestHealthLive" name="test_live_alias_returns_ok" time="0.031" /><testcase classname="tests.test_api_health.TestHealthReady" name="test_health_ready_rate_limited" time="1.488" /><testcase classname="tests.test_api_health.TestHealthReady" name="test_ready_alias_exists" time="0.035" /><testcase classname="tests.test_api_health.TestHealthFull" name="test_health_full_rate_limited" time="1.033" /><testcase classname="tests.test_api_health.TestCheckSqlite" name="test_check_sqlite_not_initialized" time="0.017" /><testcase classname="tests.test_api_health.TestCheckSqlite" name="test_check_sqlite_healthy" time="0.028" /><testcase classname="tests.test_api_health.TestCheckSqlite" name="test_check_sqlite_exception" time="0.017" /><testcase classname="tests.test_api_health.TestCheckInfluxdb" name="test_not_initialized" time="0.017" /><testcase classname="tests.test_api_health.TestCheckInfluxdb" name="test_healthy" time="0.017" /><testcase classname="tests.test_api_health.TestCheckInfluxdb" name="test_unhealthy" time="0.028" /><testcase classname="tests.test_api_health.TestCheckMqtt" name="test_not_initialized_degraded" time="0.022" /><testcase classname="tests.test_api_health.TestCheckMqtt" name="test_healthy" time="0.020" /><testcase classname="tests.test_api_health.TestCheckMqtt" name="test_unhealthy_disconnected" time="0.018" /><testcase classname="tests.test_api_health.TestCheckDrivers" name="test_not_initialized_degraded" time="0.023" /><testcase classname="tests.test_api_health.TestCheckDrivers" name="test_healthy" time="0.030" /><testcase classname="tests.test_api_health.TestRunFullCheck" name="test_overall_unhealthy" time="0.032" /><testcase classname="tests.test_api_health.TestRunFullCheck" name="test_overall_degraded" time="0.034" /><testcase classname="tests.test_api_health.TestRunFullCheck" name="test_overall_healthy" time="0.028" /><testcase classname="tests.test_api_health.TestRunFullCheck" name="test_exception_in_check_handled" time="0.033" /><testcase classname="tests.test_api_system" name="test_cert_rotate_returns_200_with_certificate_status" time="0.537" /><testcase classname="tests.test_audit_service.TestAuditActionEnum" name="test_login_actions_exist" time="0.006" /><testcase classname="tests.test_audit_service.TestAuditActionEnum" name="test_device_actions_exist" time="0.006" /><testcase classname="tests.test_audit_service.TestAuditActionEnum" name="test_ota_actions_exist" time="0.005" /><testcase classname="tests.test_audit_service.TestAuditActionEnum" name="test_password_reset_actions_exist" time="0.004" /><testcase classname="tests.test_audit_service.TestAuditActionEnum" name="test_account_lockout_actions_exist" time="0.006" /><testcase classname="tests.test_audit_service.TestAuditServiceInit" name="test_initialize_creates_tables" time="0.300" /><testcase classname="tests.test_audit_service.TestAuditServiceInit" name="test_initialize_loads_last_hash" time="0.180" /><testcase classname="tests.test_audit_service.TestAuditServiceInit" name="test_close_resets_state" time="0.178" /><testcase classname="tests.test_audit_service.TestMaskSensitive" name="test_masks_password_field" time="0.007" /><testcase classname="tests.test_audit_service.TestMaskSensitive" name="test_masks_token_field" time="0.007" /><testcase classname="tests.test_audit_service.TestMaskSensitive" name="test_masks_nested_dict" time="0.007" /><testcase classname="tests.test_audit_service.TestMaskSensitive" name="test_masks_list_items" time="0.006" /><testcase classname="tests.test_audit_service.TestMaskSensitive" name="test_non_dict_returns_as_is" time="0.007" /><testcase classname="tests.test_audit_service.TestMaskSensitive" name="test_masks_api_key_field" time="0.007" /><testcase classname="tests.test_audit_service.TestMaskSensitive" name="test_masks_credential_variants" time="0.007" /><testcase classname="tests.test_audit_service.TestComputeRecordHash" name="test_hash_includes_all_fields" time="0.007" /><testcase classname="tests.test_audit_service.TestComputeRecordHash" name="test_hash_changes_with_prev_hash" time="0.010" /><testcase classname="tests.test_audit_service.TestAuditLog" name="test_log_creates_record" time="0.195" /><testcase classname="tests.test_audit_service.TestAuditLog" name="test_log_with_details" time="0.184" /><testcase classname="tests.test_audit_service.TestAuditLog" name="test_log_masks_sensitive_in_details" time="0.262" /><testcase classname="tests.test_audit_service.TestAuditLog" name="test_log_with_before_after_values" time="0.204" /><testcase classname="tests.test_audit_service.TestAuditLog" name="test_log_failed_status" time="0.228" /><testcase classname="tests.test_audit_service.TestAuditLog" name="test_log_no_tamper_proof" time="0.209" /><testcase classname="tests.test_audit_service.TestAuditQuery" name="test_query_filter_by_action" time="0.275" /><testcase classname="tests.test_audit_service.TestAuditQuery" name="test_query_filter_by_user_id" time="0.394" /><testcase classname="tests.test_audit_service.TestAuditQuery" name="test_query_pagination" time="0.409" /><testcase classname="tests.test_audit_service.TestAuditQuery" name="test_query_empty" time="0.313" /><testcase classname="tests.test_audit_service.TestAuditVerifyIntegrity" name="test_verify_integrity_valid" time="0.250" /><testcase classname="tests.test_audit_service.TestAuditVerifyIntegrity" name="test_verify_integrity_empty" time="0.210" /><testcase classname="tests.test_audit_service.TestAuditExportCsv" name="test_export_csv_contains_headers" time="0.158" /><testcase classname="tests.test_audit_service.TestAuditExportCsv" name="test_export_csv_contains_rows" time="0.171" /><testcase classname="tests.test_audit_service.TestAuditAppendOnly" name="test_update_blocked_by_trigger" time="0.188" /><testcase classname="tests.test_audit_service.TestAuditAppendOnly" name="test_delete_blocked_by_trigger" time="0.179" /><testcase classname="tests.test_audit_service.TestAuditCleanup" name="test_cleanup_removes_old_records" time="0.174" /><testcase classname="tests.test_audit_service.TestLoginAnomaly" name="test_login_failures_trigger_alert" time="0.394" /><testcase classname="tests.test_audit_service.TestLoginAnomaly" name="test_login_failures_below_threshold_no_alert" time="0.367" /><testcase classname="tests.test_audit_service.TestLoginAnomaly" name="test_login_failures_reset_after_alert" time="0.551" /><testcase classname="tests.test_backpressure.TestBackpressureState" name="test_values" time="0.004" /><testcase classname="tests.test_backpressure.TestBackpressureConfig" name="test_defaults" time="0.006" /><testcase classname="tests.test_backpressure.TestBackpressureConfig" name="test_valid_custom_config" time="0.006" /><testcase classname="tests.test_backpressure.TestBackpressureConfig" name="test_threshold_out_of_range_high" time="0.008" /><testcase classname="tests.test_backpressure.TestBackpressureConfig" name="test_threshold_out_of_range_negative" time="0.007" /><testcase classname="tests.test_backpressure.TestBackpressureConfig" name="test_recovery_must_be_less_than_warning" time="0.010" /><testcase classname="tests.test_backpressure.TestBackpressureConfig" name="test_warning_must_be_less_than_backpressure" time="0.006" /><testcase classname="tests.test_backpressure.TestBackpressureConfig" name="test_boundary_zero_and_one" time="0.007" /><testcase classname="tests.test_backpressure.TestQueueMetrics" name="test_defaults" time="0.006" /><testcase classname="tests.test_backpressure.TestBackpressureControllerEnqueue" name="test_enqueue_creates_queue" time="0.026" /><testcase classname="tests.test_backpressure.TestBackpressureControllerEnqueue" name="test_enqueue_success" time="0.021" /><testcase classname="tests.test_backpressure.TestBackpressureControllerEnqueue" name="test_enqueue_drop_on_backpressure" time="0.023" /><testcase classname="tests.test_backpressure.TestBackpressureControllerEnqueue" name="test_dequeue_returns_item" time="0.012" /><testcase classname="tests.test_backpressure.TestBackpressureControllerEnqueue" name="test_dequeue_empty_returns_none" time="0.119" /><testcase classname="tests.test_backpressure.TestBackpressureControllerEnqueue" name="test_dequeue_nonexistent_queue" time="0.015" /><testcase classname="tests.test_backpressure.TestBackpressureControllerEnqueue" name="test_dequeue_all" time="0.032" /><testcase classname="tests.test_backpressure.TestBackpressureControllerSlots" name="test_acquire_and_release_slot" time="0.017" /><testcase classname="tests.test_backpressure.TestBackpressureControllerSlots" name="test_release_without_acquire_ignored" time="0.017" /><testcase classname="tests.test_backpressure.TestBackpressureControllerPriority" name="test_set_and_get_priority" time="0.014" /><testcase classname="tests.test_backpressure.TestBackpressureControllerPriority" name="test_get_priority_default_zero" time="0.019" /><testcase classname="tests.test_backup_scheduler.TestBackupResultDataclass" name="test_backup_result_required_fields" time="0.006" /><testcase classname="tests.test_backup_scheduler.TestBackupResultDataclass" name="test_backup_result_with_error" time="0.006" /><testcase classname="tests.test_backup_scheduler.TestScheduledBackupStatusDataclass" name="test_default_values" time="0.007" /><testcase classname="tests.test_backup_scheduler.TestDatabaseBackupSchedulerInit" name="test_constructor_normalizes_values" time="0.026" /><testcase classname="tests.test_backup_scheduler.TestDatabaseBackupSchedulerInit" name="test_status_property" time="0.027" /><testcase classname="tests.test_backup_scheduler.TestDiscoverSqliteFiles" name="test_empty_data_dir" time="0.035" /><testcase classname="tests.test_backup_scheduler.TestDiscoverSqliteFiles" name="test_finds_sqlite_files" time="0.142" /><testcase classname="tests.test_backup_scheduler.TestDiscoverSqliteFiles" name="test_excludes_backup_dir" time="0.115" /><testcase classname="tests.test_backup_scheduler.TestDiscoverSqliteFiles" name="test_nonexistent_data_dir" time="0.031" /><testcase classname="tests.test_backup_scheduler.TestRunBackup" name="test_run_backup_creates_backup_file" time="0.152" /><testcase classname="tests.test_backup_scheduler.TestRunBackup" name="test_run_backup_multiple_files" time="0.177" /><testcase classname="tests.test_backup_scheduler.TestRunBackup" name="test_run_backup_empty_dir" time="0.056" /><testcase classname="tests.test_backup_scheduler.TestRunBackup" name="test_run_backup_updates_status" time="0.110" /><testcase classname="tests.test_backup_scheduler.TestRunBackup" name="test_run_backup_is_running_flag" time="0.127" /><testcase classname="tests.test_backup_scheduler.TestCleanupExpired" name="test_cleanup_removes_old_files" time="0.119" /><testcase classname="tests.test_backup_scheduler.TestCleanupExpired" name="test_cleanup_no_files" time="0.041" /><testcase classname="tests.test_backup_scheduler.TestGetBackupList" name="test_empty_backup_dir" time="0.035" /><testcase classname="tests.test_backup_scheduler.TestGetBackupList" name="test_returns_backup_list_sorted" time="0.149" /><testcase classname="tests.test_backup_scheduler.TestGetBackupList" name="test_excludes_tmp_files" time="0.075" /><testcase classname="tests.test_backup_scheduler.TestSchedulerLifecycle" name="test_start_disabled_no_task" time="0.695" /><testcase classname="tests.test_backup_scheduler.TestSchedulerLifecycle" name="test_start_enabled_creates_task" time="0.043" /><testcase classname="tests.test_backup_scheduler.TestSchedulerLifecycle" name="test_stop_cancels_task" time="0.053" /><testcase classname="tests.test_backup_scheduler.TestSchedulerLifecycle" name="test_start_creates_backup_dir" time="0.046" /><testcase classname="tests.test_backup_scheduler.TestGetBackupSchedulerSingleton" name="test_returns_instance" time="0.014" /><testcase classname="tests.test_bacnet.TestBacnetServiceCodes" name="test_read_property_service_code" time="0.008" /><testcase classname="tests.test_bacnet.TestBacnetServiceCodes" name="test_write_property_service_code_is_15" time="0.010" /><testcase classname="tests.test_bacnet.TestBacnetServiceCodes" name="test_read_property_multiple_service_code" time="0.006" /><testcase classname="tests.test_bacnet.TestBacnetServiceCodes" name="test_no_collision_between_write_and_read_multiple" time="0.012" /><testcase classname="tests.test_bacnet.TestBacnetWritePropertyApdu" name="test_write_property_apdu_service_choice_byte" time="0.023" /><testcase classname="tests.test_bacnet.TestBacnetWritePropertyApdu" name="test_read_property_apdu_service_choice_byte" time="0.023" /><testcase classname="tests.test_bacnet.TestBacnetApduParseWriteAck" name="test_parse_simple_ack_service_15" time="0.006" /><testcase classname="tests.test_bacnet.TestBacnetErrorPduParsing" name="test_error_pdu_parses_class_and_code" time="0.007" /><testcase classname="tests.test_bacnet.TestBacnetErrorPduParsing" name="test_error_pdu_access_denied" time="0.009" /><testcase classname="tests.test_bacnet.TestBacnetErrorPduParsing" name="test_error_pdu_short_data_returns_minus_one" time="0.007" /><testcase classname="tests.test_bacnet.TestBacnetErrorPduParsing" name="test_error_pdu_truncated_tag_does_not_crash" time="0.007" /><testcase classname="tests.test_bacnet.TestBacnetErrorPduParsing" name="test_error_pdu_multibyte_class_value" time="0.007" /><testcase classname="tests.test_bacnet.TestBacnetBitStringDecoding" name="test_empty_bit_string" time="0.007" /><testcase classname="tests.test_bacnet.TestBacnetBitStringDecoding" name="test_single_byte_bit_string" time="0.009" /><testcase classname="tests.test_bacnet.TestBacnetBitStringDecoding" name="test_bit_string_with_unused_bits" time="0.007" /><testcase classname="tests.test_bacnet.TestBacnetBitStringDecoding" name="test_bit_string_invalid_unused_bits_masked" time="0.007" /><testcase classname="tests.test_bacnet.TestBacnetBitStringDecoding" name="test_bit_string_truncated_data" time="0.007" /><testcase classname="tests.test_bacnet.TestBacnetBitStringDecoding" name="test_bit_string_only_unused_bits_byte" time="0.007" /><testcase classname="tests.test_bacnet.TestBacnetComplexAckInvokeId" name="test_non_segmented_complex_ack_invoke_id" time="0.008" /><testcase classname="tests.test_bacnet.TestBacnetComplexAckInvokeId" name="test_non_segmented_complex_ack_data_offset" time="0.012" /><testcase classname="tests.test_bacnet.TestBacnetSegmentationFlags" name="test_non_segmented_flags_false" time="0.009" /><testcase classname="tests.test_bacnet.TestBacnetSegmentationFlags" name="test_segmented_first_segment_flags" time="0.007" /><testcase classname="tests.test_bacnet.TestBacnetSegmentationFlags" name="test_segmented_last_segment_flags" time="0.010" /><testcase classname="tests.test_bacnet.TestBacnetSegmentationFlags" name="test_segmented_first_segment_data_offset" time="0.007" /><testcase classname="tests.test_bacnet.TestBacnetSegmentationFlags" name="test_segmented_subsequent_segment_data_offset" time="0.009" /><testcase classname="tests.test_bacnet.TestSegmentReassembler" name="test_two_segment_reassembly" time="0.009" /><testcase classname="tests.test_bacnet.TestSegmentReassembler" name="test_three_segment_reassembly" time="0.008" /><testcase classname="tests.test_bacnet.TestSegmentReassembler" name="test_single_segment_reassembly" time="0.008" /><testcase classname="tests.test_bacnet.TestSegmentReassembler" name="test_duplicate_segment_handled" time="0.010" /><testcase classname="tests.test_bacnet.TestSegmentReassembler" name="test_cancel_clears_buffer" time="0.007" /><testcase classname="tests.test_bacnet.TestSegmentReassembler" name="test_max_segments_overflow" time="0.011" /><testcase classname="tests.test_bacnet.TestSegmentReassembler" name="test_different_invoke_ids_independent" time="0.007" /><testcase classname="tests.test_cache.TestSafeJsonLoads" name="test_valid_json_string" time="0.008" /><testcase classname="tests.test_cache.TestSafeJsonLoads" name="test_invalid_json_returns_default" time="0.005" /><testcase classname="tests.test_cache.TestSafeJsonLoads" name="test_non_string_returns_value" time="0.005" /><testcase classname="tests.test_cache.TestSafeJsonLoads" name="test_invalid_json_default_none" time="0.009" /><testcase classname="tests.test_cache.TestCacheManagerInit" name="test_initial_state" time="1.374" /><testcase classname="tests.test_cache.TestCacheManagerInit" name="test_ensure_ring_buffer_disabled" time="1.180" /><testcase classname="tests.test_cache.TestAddToCache" name="test_add_to_cache_success" time="1.539" /><testcase classname="tests.test_cache.TestAddToCache" name="test_add_to_cache_empty_measurement" time="1.392" /><testcase classname="tests.test_cache.TestAddToCache" name="test_add_to_cache_increments_count" time="1.629" /><testcase classname="tests.test_cache.TestAddToCache" name="test_add_to_cache_creates_orphan_on_ring_failure" time="1.205" /><testcase classname="tests.test_cache.TestAddToCache" name="test_add_to_cache_persists_data" time="1.405" /><testcase classname="tests.test_cache.TestGetCachedRecords" name="test_get_cached_records_empty" time="1.395" /><testcase classname="tests.test_cache.TestGetCachedRecords" name="test_get_cached_records_limit" time="2.005" /><testcase classname="tests.test_cache.TestGetCachedRecords" name="test_get_cached_records_after" time="1.611" /><testcase classname="tests.test_cache.TestMarkSyncing" name="test_mark_syncing_updates_status" time="1.588" /><testcase classname="tests.test_cache.TestMarkSyncing" name="test_mark_syncing_empty_list" time="1.182" /><testcase classname="tests.test_cache.TestMarkSyncedRecords" name="test_mark_synced_deletes_records" time="1.451" /><testcase classname="tests.test_cache.TestMarkSyncedRecords" name="test_mark_synced_decrements_count" time="1.661" /><testcase classname="tests.test_cache.TestMarkSyncedRecords" name="test_mark_synced_count_never_negative" time="1.186" /><testcase classname="tests.test_cache.TestMarkSyncedRecords" name="test_mark_synced_empty_list" time="1.205" /><testcase classname="tests.test_cache.TestResetSyncingToPending" name="test_reset_syncing_to_pending" time="1.482" /><testcase classname="tests.test_cache.TestGetCacheCount" name="test_get_cache_count_empty" time="1.274" /><testcase classname="tests.test_cache.TestGetCacheCount" name="test_get_cache_count_after_adds" time="1.804" /><testcase classname="tests.test_cache.TestCheckWatermark" name="test_normal_level" time="1.271" /><testcase classname="tests.test_cache.TestCheckWatermark" name="test_critical_level" time="1.267" /><testcase classname="tests.test_cache.TestCheckWatermark" name="test_high_level" time="1.958" /><testcase classname="tests.test_cache.TestGetOrphanRecords" name="test_no_orphans" time="1.216" /><testcase classname="tests.test_cache.TestGetOrphanRecords" name="test_returns_orphan_records" time="1.683" /><testcase classname="tests.test_cache.TestClearOrphanIds" name="test_clear_orphan_ids" time="1.411" /><testcase classname="tests.test_cache.TestClearOrphanIds" name="test_clear_orphan_ids_partial" time="1.631" /><testcase classname="tests.test_cache.TestDeleteCached" name="test_delete_cached" time="1.672" /><testcase classname="tests.test_cache.TestDeleteCached" name="test_delete_cached_empty_list" time="1.192" /><testcase classname="tests.test_cache.TestIncrementRetry" name="test_increment_retry" time="1.339" /><testcase classname="tests.test_cache.TestIncrementRetry" name="test_increment_retry_empty_list" time="1.215" /><testcase classname="tests.test_circuit_breaker.TestCircuitState" name="test_values" time="0.004" /><testcase classname="tests.test_circuit_breaker.TestCircuitBreakerStats" name="test_defaults" time="0.006" /><testcase classname="tests.test_circuit_breaker.TestCircuitBreakerStats" name="test_current_state_defaults_closed" time="0.007" /><testcase classname="tests.test_circuit_breaker.TestCircuitBreakerStats" name="test_failure_rate_zero_when_no_calls" time="0.005" /><testcase classname="tests.test_circuit_breaker.TestCircuitBreakerStats" name="test_failure_rate_calculation" time="0.009" /><testcase classname="tests.test_circuit_breaker.TestCircuitBreakerStats" name="test_failure_rate_all_failed" time="0.008" /><testcase classname="tests.test_circuit_breaker.TestCircuitBreakerStates" name="test_initial_state_closed" time="0.020" /><testcase classname="tests.test_circuit_breaker.TestCircuitBreakerStates" name="test_closed_to_open_on_threshold" time="0.017" /><testcase classname="tests.test_circuit_breaker.TestCircuitBreakerStates" name="test_open_to_half_open_after_recovery_timeout" time="0.167" /><testcase classname="tests.test_circuit_breaker.TestCircuitBreakerStates" name="test_half_open_to_closed_on_success_threshold" time="0.168" /><testcase classname="tests.test_circuit_breaker.TestCircuitBreakerStates" name="test_half_open_to_open_on_failure" time="0.169" /><testcase classname="tests.test_circuit_breaker.TestCircuitBreakerCall" name="test_call_success_returns_result" time="0.014" /><testcase classname="tests.test_circuit_breaker.TestCircuitBreakerCall" name="test_call_async_func" time="0.024" /><testcase classname="tests.test_circuit_breaker.TestCircuitBreakerCall" name="test_call_failure_records_failure" time="0.031" /><testcase classname="tests.test_circuit_breaker.TestCircuitBreakerCall" name="test_call_with_fallback_on_failure" time="0.021" /><testcase classname="tests.test_circuit_breaker.TestCircuitBreakerCall" name="test_call_with_async_fallback" time="0.016" /><testcase classname="tests.test_circuit_breaker.TestCircuitBreakerCall" name="test_call_rejected_when_open" time="0.012" /><testcase classname="tests.test_circuit_breaker.TestCircuitBreakerCall" name="test_call_rejected_with_fallback" time="0.019" /><testcase classname="tests.test_circuit_breaker.TestCircuitBreakerCall" name="test_excluded_exceptions_not_counted" time="0.015" /><testcase classname="tests.test_circuit_breaker.TestCircuitBreakerCall" name="test_half_open_max_calls_limit" time="0.166" /><testcase classname="tests.test_circuit_breaker.TestCircuitBreakerResetStatus" name="test_reset_returns_to_closed" time="0.018" /><testcase classname="tests.test_circuit_breaker.TestCircuitBreakerResetStatus" name="test_reset_increments_state_changes" time="0.011" /><testcase classname="tests.test_circuit_breaker.TestCircuitBreakerResetStatus" name="test_get_status_returns_dict" time="0.015" /><testcase classname="tests.test_circuit_breaker.TestCircuitBreakerResetStatus" name="test_get_status_after_failures" time="0.013" /><testcase classname="tests.test_circuit_breaker.TestCircuitBreakerResetStatus" name="test_record_success_increments_stats" time="0.014" /><testcase classname="tests.test_circuit_breaker.TestCircuitBreakerManager" name="test_get_breaker_creates_new" time="0.014" /><testcase classname="tests.test_circuit_breaker.TestCircuitBreakerManager" name="test_get_breaker_returns_same_instance" time="0.012" /><testcase classname="tests.test_circuit_breaker.TestCircuitBreakerManager" name="test_get_breaker_different_devices" time="0.018" /><testcase classname="tests.test_circuit_breaker.TestCircuitBreakerManager" name="test_call_with_protection" time="0.011" /><testcase classname="tests.test_circuit_breaker.TestCircuitBreakerManager" name="test_get_all_status" time="0.018" /><testcase classname="tests.test_circuit_breaker.TestCircuitBreakerManager" name="test_get_device_status" time="0.017" /><testcase classname="tests.test_circuit_breaker.TestCircuitBreakerManager" name="test_get_device_status_nonexistent" time="0.014" /><testcase classname="tests.test_circuit_breaker.TestCircuitBreakerManager" name="test_reset_device" time="0.017" /><testcase classname="tests.test_circuit_breaker.TestCircuitBreakerManager" name="test_reset_device_nonexistent" time="0.018" /><testcase classname="tests.test_circuit_breaker.TestCircuitBreakerManager" name="test_reset_all" time="0.022" /><testcase classname="tests.test_circuit_breaker.TestCircuitBreakerManager" name="test_remove_breaker" time="0.018" /><testcase classname="tests.test_circuit_breaker.TestCircuitBreakerManager" name="test_remove_breaker_nonexistent" time="0.015" /><testcase classname="tests.test_circuit_breaker.TestGetCircuitBreakerManager" name="test_singleton_returns_same_instance" time="0.009" /><testcase classname="tests.test_command_approval.TestApprovalStatus" name="test_status_values" time="0.008" /><testcase classname="tests.test_command_approval.TestApprovalLevel" name="test_level_values" time="0.006" /><testcase classname="tests.test_command_approval.TestDataclasses" name="test_approval_step_defaults" time="0.005" /><testcase classname="tests.test_command_approval.TestDataclasses" name="test_approval_chain_defaults" time="0.006" /><testcase classname="tests.test_command_approval.TestDataclasses" name="test_command_request_defaults" time="0.007" /><testcase classname="tests.test_command_approval.TestApprovalChainManagement" name="test_create_approval_chain" time="0.024" /><testcase classname="tests.test_command_approval.TestApprovalChainManagement" name="test_create_approval_chain_with_explicit_id" time="0.012" /><testcase classname="tests.test_command_approval.TestApprovalChainManagement" name="test_list_approval_chains" time="0.015" /><testcase classname="tests.test_command_approval.TestApprovalChainManagement" name="test_update_approval_chain" time="0.012" /><testcase classname="tests.test_command_approval.TestApprovalChainManagement" name="test_update_nonexistent_chain" time="0.014" /><testcase classname="tests.test_command_approval.TestApprovalChainManagement" name="test_delete_approval_chain" time="0.015" /><testcase classname="tests.test_command_approval.TestApprovalChainManagement" name="test_delete_nonexistent_chain" time="0.024" /><testcase classname="tests.test_command_approval.TestUserRoleManagement" name="test_set_and_get_user_role" time="0.052" /><testcase classname="tests.test_command_approval.TestUserRoleManagement" name="test_get_nonexistent_user_role" time="0.014" /><testcase classname="tests.test_command_approval.TestUserRoleManagement" name="test_get_users_by_role" time="0.011" /><testcase classname="tests.test_command_approval.TestSubmitCommand" name="test_submit_auto_approve_no_chain" time="0.024" /><testcase classname="tests.test_command_approval.TestSubmitCommand" name="test_submit_with_chain_pending" time="0.021" /><testcase classname="tests.test_command_approval.TestSubmitCommand" name="test_submit_generates_request_id" time="0.039" /><testcase classname="tests.test_command_approval.TestSubmitCommand" name="test_submit_sets_expiry" time="0.022" /><testcase classname="tests.test_command_approval.TestApproveCommand" name="test_approve_nonexistent_request" time="0.019" /><testcase classname="tests.test_command_approval.TestApproveCommand" name="test_approve_single_step" time="0.030" /><testcase classname="tests.test_command_approval.TestApproveCommand" name="test_approve_multi_step_advances" time="0.033" /><testcase classname="tests.test_command_approval.TestApproveCommand" name="test_approve_already_approved" time="0.046" /><testcase classname="tests.test_command_approval.TestRejectCommand" name="test_reject_nonexistent" time="0.038" /><testcase classname="tests.test_command_approval.TestRejectCommand" name="test_reject_pending_request" time="0.019" /><testcase classname="tests.test_command_approval.TestRejectCommand" name="test_reject_already_approved" time="0.024" /><testcase classname="tests.test_command_approval.TestCancelCommand" name="test_cancel_nonexistent" time="0.031" /><testcase classname="tests.test_command_approval.TestCancelCommand" name="test_cancel_pending" time="0.023" /><testcase classname="tests.test_command_approval.TestCancelCommand" name="test_cancel_non_pending" time="0.035" /><testcase classname="tests.test_command_approval.TestQueryRequests" name="test_get_request" time="0.043" /><testcase classname="tests.test_command_approval.TestQueryRequests" name="test_get_nonexistent_request" time="0.043" /><testcase classname="tests.test_command_approval.TestQueryRequests" name="test_list_pending_requests" time="0.025" /><testcase classname="tests.test_command_approval.TestQueryRequests" name="test_list_my_requests" time="0.032" /><testcase classname="tests.test_command_approval.TestQueryRequests" name="test_list_requests_with_filters" time="0.027" /><testcase classname="tests.test_command_approval.TestCleanupExpired" name="test_cleanup_removes_old_records" time="0.025" /><testcase classname="tests.test_command_approval.TestCleanupExpired" name="test_cleanup_keeps_recent" time="0.026" /><testcase classname="tests.test_command_approval.TestWriteIntentLog" name="test_record_and_get_write_intent" time="0.007" /><testcase classname="tests.test_command_approval.TestWriteIntentLog" name="test_get_write_intents_all_devices" time="0.006" /><testcase classname="tests.test_command_approval.TestWriteIntentLog" name="test_get_write_intents_limit" time="0.007" /><testcase classname="tests.test_command_approval.TestGetApprovalService" name="test_returns_instance" time="0.007" /><testcase classname="tests.test_command_approval.TestExecutedCallback" name="test_register_and_unregister_callback" time="0.033" /><testcase classname="tests.test_command_approval.TestExecutedCallback" name="test_register_async_callback" time="0.022" /><testcase classname="tests.test_config_reload" name="test_detect_config_type_device" time="0.007" /><testcase classname="tests.test_config_reload" name="test_detect_config_type_rule" time="0.011" /><testcase classname="tests.test_config_reload" name="test_detect_config_type_alarm" time="0.007" /><testcase classname="tests.test_config_reload" name="test_detect_config_type_driver" time="0.009" /><testcase classname="tests.test_config_reload" name="test_detect_config_type_system_default" time="0.007" /><testcase classname="tests.test_config_reload" name="test_detect_config_type_case_insensitive" time="0.005" /><testcase classname="tests.test_config_reload" name="test_backoff_zero_failures" time="0.006" /><testcase classname="tests.test_config_reload" name="test_backoff_one_failure" time="0.008" /><testcase classname="tests.test_config_reload" name="test_backoff_two_failures" time="0.009" /><testcase classname="tests.test_config_reload" name="test_backoff_capped_at_60s" time="0.009" /><testcase classname="tests.test_config_reload" name="test_record_parse_failure_increments_counter" time="0.006" /><testcase classname="tests.test_config_reload" name="test_record_parse_failure_dedup_same_error" time="0.010" /><testcase classname="tests.test_config_reload" name="test_record_parse_failure_different_error_updates_signature" time="0.009" /><testcase classname="tests.test_config_reload" name="test_register_callback" time="0.008" /><testcase classname="tests.test_config_reload" name="test_register_callback_new_type" time="0.005" /><testcase classname="tests.test_config_reload" name="test_unregister_callback" time="0.008" /><testcase classname="tests.test_config_reload" name="test_unregister_callback_nonexistent_no_error" time="0.008" /><testcase classname="tests.test_config_reload" name="test_notify_callbacks_specific_type" time="0.019" /><testcase classname="tests.test_config_reload" name="test_notify_callbacks_wildcard" time="0.019" /><testcase classname="tests.test_config_reload" name="test_notify_callbacks_async" time="0.020" /><testcase classname="tests.test_config_reload" name="test_notify_callbacks_exception_does_not_propagate" time="0.022" /><testcase classname="tests.test_config_reload" name="test_record_and_get_change_history" time="0.023" /><testcase classname="tests.test_config_reload" name="test_change_history_filtered_by_type" time="0.013" /><testcase classname="tests.test_config_reload" name="test_change_history_limit" time="0.014" /><testcase classname="tests.test_config_reload" name="test_change_history_max_history_trims" time="0.017" /><testcase classname="tests.test_config_reload" name="test_rollback_success" time="0.017" /><testcase classname="tests.test_config_reload" name="test_rollback_no_previous_version" time="0.013" /><testcase classname="tests.test_config_reload" name="test_rollback_old_value_none_fails" time="0.017" /><testcase classname="tests.test_config_reload" name="test_reload_device_config" time="0.018" /><testcase classname="tests.test_config_reload" name="test_reload_rule_config" time="0.019" /><testcase classname="tests.test_config_reload" name="test_watch_file_yaml" time="0.338" /><testcase classname="tests.test_config_reload" name="test_watch_file_json" time="0.112" /><testcase classname="tests.test_config_reload" name="test_watch_file_nonexistent" time="0.019" /><testcase classname="tests.test_config_reload" name="test_unwatch_file" time="0.063" /><testcase classname="tests.test_config_reload" name="test_check_changes_detects_modification" time="0.124" /><testcase classname="tests.test_config_reload" name="test_check_changes_no_modification_no_callback" time="0.093" /><testcase classname="tests.test_config_reload" name="test_check_changes_resets_backoff_on_success" time="0.082" /><testcase classname="tests.test_config_reload" name="test_check_changes_parse_failure_increments_backoff" time="0.087" /><testcase classname="tests.test_config_reload" name="test_backup_config_creates_backup" time="0.315" /><testcase classname="tests.test_config_reload" name="test_backup_config_disabled" time="0.120" /><testcase classname="tests.test_config_reload" name="test_start_stop_with_empty_config_dir" time="0.155" /><testcase classname="tests.test_config_reload" name="test_start_idempotent" time="0.080" /><testcase classname="tests.test_config_reload" name="test_get_config_hot_reloader_singleton" time="0.007" /><testcase classname="tests.test_config_reload" name="test_scan_config_files_finds_yaml_and_json" time="0.102" /><testcase classname="tests.test_config_reload" name="test_scan_config_files_nonexistent_dir" time="0.019" /><testcase classname="tests.test_data_import_export.TestSanitizeCsvCell" name="test_normal_string_unchanged" time="0.006" /><testcase classname="tests.test_data_import_export.TestSanitizeCsvCell" name="test_empty_string_unchanged" time="0.006" /><testcase classname="tests.test_data_import_export.TestSanitizeCsvCell" name="test_non_string_unchanged" time="0.009" /><testcase classname="tests.test_data_import_export.TestSanitizeCsvCell" name="test_equals_prefix_escaped" time="0.007" /><testcase classname="tests.test_data_import_export.TestSanitizeCsvCell" name="test_plus_prefix_escaped" time="0.008" /><testcase classname="tests.test_data_import_export.TestSanitizeCsvCell" name="test_minus_prefix_escaped" time="0.009" /><testcase classname="tests.test_data_import_export.TestSanitizeCsvCell" name="test_at_prefix_escaped" time="0.017" /><testcase classname="tests.test_data_import_export.TestSanitizeCsvCell" name="test_tab_prefix_escaped" time="0.010" /><testcase classname="tests.test_data_import_export.TestSanitizeCsvCell" name="test_carriage_return_prefix_escaped" time="0.018" /><testcase classname="tests.test_data_import_export.TestSanitizeCsvCell" name="test_minus_in_middle_not_escaped" time="0.011" /><testcase classname="tests.test_data_import_export.TestDataclasses" name="test_export_format_values" time="0.010" /><testcase classname="tests.test_data_import_export.TestDataclasses" name="test_import_mode_values" time="0.008" /><testcase classname="tests.test_data_import_export.TestDataclasses" name="test_import_result_defaults" time="0.006" /><testcase classname="tests.test_data_import_export.TestDataclasses" name="test_device_template_defaults" time="0.016" /><testcase classname="tests.test_data_import_export.TestDataclasses" name="test_rule_template_defaults" time="0.010" /><testcase classname="tests.test_data_import_export.TestDataclasses" name="test_device_group_defaults" time="0.011" /><testcase classname="tests.test_data_import_export.TestDataExportService" name="test_export_devices_json_empty" time="0.503" /><testcase classname="tests.test_data_import_export.TestDataExportService" name="test_export_devices_csv_empty" time="0.551" /><testcase classname="tests.test_data_import_export.TestDataExportService" name="test_export_devices_json_with_data" time="0.631" /><testcase classname="tests.test_data_import_export.TestDataExportService" name="test_export_devices_csv_with_data" time="0.582" /><testcase classname="tests.test_data_import_export.TestDataExportService" name="test_export_devices_csv_injection_sanitized" time="0.501" /><testcase classname="tests.test_data_import_export.TestDataExportService" name="test_export_devices_by_ids" time="0.546" /><testcase classname="tests.test_data_import_export.TestDataExportService" name="test_export_devices_by_ids_empty_list" time="0.467" /><testcase classname="tests.test_data_import_export.TestDataExportService" name="test_export_rules_json_with_data" time="0.524" /><testcase classname="tests.test_data_import_export.TestDataExportService" name="test_export_rules_csv_empty" time="0.442" /><testcase classname="tests.test_data_import_export.TestDataExportService" name="test_export_rules_csv_with_data" time="0.616" /><testcase classname="tests.test_data_import_export.TestDataExportService" name="test_export_rules_by_ids" time="0.682" /><testcase classname="tests.test_data_import_export.TestDataExportService" name="test_export_all" time="0.665" /><testcase classname="tests.test_data_import_export.TestDataExportService" name="test_list_all_paginated_multi_page" time="0.641" /><testcase classname="tests.test_data_import_export.TestDataExportService" name="test_list_all_paginated_single_page" time="0.524" /><testcase classname="tests.test_data_import_export.TestParseJson" name="test_parse_dict_with_devices" time="0.457" /><testcase classname="tests.test_data_import_export.TestParseJson" name="test_parse_dict_with_rules" time="0.542" /><testcase classname="tests.test_data_import_export.TestParseJson" name="test_parse_top_level_list" time="0.458" /><testcase classname="tests.test_data_import_export.TestParseJson" name="test_parse_top_level_string_raises" time="0.476" /><testcase classname="tests.test_data_import_export.TestParseJson" name="test_parse_top_level_int_raises" time="0.513" /><testcase classname="tests.test_data_import_export.TestParseJson" name="test_parse_dict_missing_key_raises" time="0.630" /><testcase classname="tests.test_data_import_export.TestParseJson" name="test_parse_dict_devices_not_list_raises" time="0.434" /><testcase classname="tests.test_data_import_export.TestParseJson" name="test_parse_item_not_dict_raises" time="0.428" /><testcase classname="tests.test_data_import_export.TestParseJson" name="test_parse_invalid_json_raises" time="0.446" /><testcase classname="tests.test_data_import_export.TestImportDevicesAtomic" name="test_import_devices_json_skip_new" time="0.497" /><testcase classname="tests.test_data_import_export.TestImportDevicesAtomic" name="test_import_devices_json_skip_existing" time="0.515" /><testcase classname="tests.test_data_import_export.TestImportDevicesAtomic" name="test_import_devices_json_overwrite" time="0.538" /><testcase classname="tests.test_data_import_export.TestImportDevicesAtomic" name="test_import_devices_json_rename" time="0.523" /><testcase classname="tests.test_data_import_export.TestImportDevicesAtomic" name="test_import_devices_json_error_existing" time="0.499" /><testcase classname="tests.test_data_import_export.TestImportDevicesAtomic" name="test_import_devices_json_validation_error_rolls_back" time="0.474" /><testcase classname="tests.test_data_import_export.TestImportDevicesAtomic" name="test_import_devices_csv_success" time="0.446" /><testcase classname="tests.test_data_import_export.TestImportDevicesAtomic" name="test_import_devices_empty_items" time="0.440" /><testcase classname="tests.test_data_import_export.TestImportDevicesAtomic" name="test_import_devices_parse_error" time="0.412" /><testcase classname="tests.test_data_import_export.TestImportDevicesAtomic" name="test_import_devices_csv_string_collect_interval_fails" time="0.482" /><testcase classname="tests.test_data_import_export.TestImportDevicesFallback" name="test_fallback_skip_new" time="0.451" /><testcase classname="tests.test_data_import_export.TestImportDevicesFallback" name="test_fallback_skip_existing" time="0.522" /><testcase classname="tests.test_data_import_export.TestImportDevicesFallback" name="test_fallback_overwrite_existing" time="0.530" /><testcase classname="tests.test_data_import_export.TestImportDevicesFallback" name="test_fallback_rename_existing" time="0.515" /><testcase classname="tests.test_data_import_export.TestImportDevicesFallback" name="test_fallback_error_existing" time="0.490" /><testcase classname="tests.test_data_import_export.TestImportDevicesFallback" name="test_fallback_generates_device_id" time="0.523" /><testcase classname="tests.test_data_import_export.TestImportDevicesFallback" name="test_fallback_create_error_recorded" time="0.482" /><testcase classname="tests.test_data_import_export.TestImportDevicesFallback" name="test_fallback_csv_import" time="0.555" /><testcase classname="tests.test_data_import_export.TestImportRules" name="test_import_rules_json_skip_new" time="0.584" /><testcase classname="tests.test_data_import_export.TestImportRules" name="test_import_rules_json_skip_existing" time="0.538" /><testcase classname="tests.test_data_import_export.TestImportRules" name="test_import_rules_json_overwrite" time="0.590" /><testcase classname="tests.test_data_import_export.TestImportRules" name="test_import_rules_json_rename" time="0.612" /><testcase classname="tests.test_data_import_export.TestImportRules" name="test_import_rules_json_error_existing" time="0.573" /><testcase classname="tests.test_data_import_export.TestImportRules" name="test_import_rules_validation_error_rolls_back" time="0.622" /><testcase classname="tests.test_data_import_export.TestImportRules" name="test_import_rules_csv" time="0.602" /><testcase classname="tests.test_data_import_export.TestImportRules" name="test_import_rules_empty" time="0.452" /><testcase classname="tests.test_data_import_export.TestImportRules" name="test_import_rules_parse_error" time="0.426" /><testcase classname="tests.test_data_import_export.TestImportRules" name="test_import_rules_fallback_new" time="0.607" /><te
[...]
     +  where 3 = len([{'acknowledged_at': '2026-07-10T12:56:14.573502', 'acknowledged_by': 'u0', 'alarm_id': '789c681e8f4f4f38', 'device_id...edged', 'acknowledged_at': '2026-07-10T12:56:14.573502', 'acknowledged_by': 'u0', 'alarm_id': '789c681e8f4f4f38', ...}])</failure></testcase><testcase classname="tests.test_stream_compute.TestStreamEvent" name="test_defaults" time="0.006" /><testcase classname="tests.test_stream_compute.TestStreamEvent" name="test_custom" time="0.005" /><testcase classname="tests.test_stream_compute.TestWindowResult" name="test_fields" time="0.006" /><testcase classname="tests.test_stream_compute.TestPatternMatch" name="test_fields" time="0.006" /><testcase classname="tests.test_stream_compute.TestTumblingWindow" name="test_first_event_starts_window" time="0.011" /><testcase classname="tests.test_stream_compute.TestTumblingWindow" name="test_window_emits_on_size_reached" time="0.008" /><testcase classname="tests.test_stream_compute.TestTumblingWindow" name="test_window_clears_after_emit" time="0.008" /><testcase classname="tests.test_stream_compute.TestTumblingWindow" name="test_no_emit_before_size" time="0.005" /><testcase classname="tests.test_stream_compute.TestSlidingWindow" name="test_add_returns_none_before_slide" time="0.008" /><testcase classname="tests.test_stream_compute.TestSlidingWindow" name="test_add_returns_aggregate_on_slide" time="0.007" /><testcase classname="tests.test_stream_compute.TestSlidingWindow" name="test_aggregate_sum" time="0.006" /><testcase classname="tests.test_stream_compute.TestSlidingWindow" name="test_aggregate_min" time="0.005" /><testcase classname="tests.test_stream_compute.TestSlidingWindow" name="test_aggregate_max" time="0.005" /><testcase classname="tests.test_stream_compute.TestSlidingWindow" name="test_aggregate_count" time="0.005" /><testcase classname="tests.test_stream_compute.TestSlidingWindow" name="test_aggregate_std" time="0.005" /><testcase classname="tests.test_stream_compute.TestSlidingWindow" name="test_aggregate_unknown_func_returns_last" time="0.006" /><testcase classname="tests.test_stream_compute.TestSlidingWindow" name="test_min_count_not_met" time="0.005" /><testcase classname="tests.test_stream_compute.TestSlidingWindow" name="test_late_data_dropped" time="0.007" /><testcase classname="tests.test_stream_compute.TestSlidingWindow" name="test_get_values" time="0.006" /><testcase classname="tests.test_stream_compute.TestSlidingWindow" name="test_expired_data_cleaned" time="0.008" /><testcase classname="tests.test_stream_compute.TestSessionWindow" name="test_init" time="0.006" /><testcase classname="tests.test_stream_compute.TestStreamProcessor" name="test_init" time="0.006" /><testcase classname="tests.test_stream_compute.TestStreamProcessor" name="test_filter_keeps_matching" time="0.006" /><testcase classname="tests.test_stream_compute.TestStreamProcessor" name="test_filter_drops_non_matching" time="0.007" /><testcase classname="tests.test_stream_compute.TestStreamProcessor" name="test_filter_chainable_returns_self" time="0.005" /><testcase classname="tests.test_stream_compute.TestStreamProcessor" name="test_map_transforms_value" time="0.005" /><testcase classname="tests.test_stream_compute.TestStreamProcessor" name="test_map_returns_streamevent_as_is" time="0.005" /><testcase classname="tests.test_stream_compute.TestStreamProcessor" name="test_map_chainable_returns_self" time="0.006" /><testcase classname="tests.test_stream_compute.TestStreamProcessor" name="test_filter_and_map_chain" time="0.005" /><testcase classname="tests.test_stream_compute.TestStreamProcessor" name="test_get_stats" time="0.007" /><testcase classname="tests.test_stream_compute.TestStreamProcessor" name="test_filter_predicate_exception_returns_none" time="0.008" /><testcase classname="tests.test_stream_compute.TestStreamProcessor" name="test_map_transform_exception_returns_none" time="0.005" /><testcase classname="tests.test_structured_logger.TestStructuredFormatter" name="test_basic_json_output" time="0.006" /><testcase classname="tests.test_structured_logger.TestStructuredFormatter" name="test_include_context_true" time="0.010" /><testcase classname="tests.test_structured_logger.TestStructuredFormatter" name="test_include_context_false" time="0.010" /><testcase classname="tests.test_structured_logger.TestStructuredFormatter" name="test_context_empty_values_skipped" time="0.008" /><testcase classname="tests.test_structured_logger.TestStructuredFormatter" name="test_all_context_keys" time="0.032" /><testcase classname="tests.test_structured_logger.TestStructuredFormatter" name="test_exception_without_traceback" time="0.009" /><testcase classname="tests.test_structured_logger.TestStructuredFormatter" name="test_exception_with_traceback" time="0.012" /><testcase classname="tests.test_structured_logger.TestStructuredFormatter" name="test_extra_data" time="0.008" /><testcase classname="tests.test_structured_logger.TestStructuredFormatter" name="test_no_extra_data_omitted" time="0.009" /><testcase classname="tests.test_structured_logger.TestStructuredFormatter" name="test_ensure_ascii_false" time="0.008" /><testcase classname="tests.test_structured_logger.TestContextFilter" name="test_set_and_filter" time="0.007" /><testcase classname="tests.test_structured_logger.TestContextFilter" name="test_clear_context" time="0.008" /><testcase classname="tests.test_structured_logger.TestContextFilter" name="test_filter_returns_true_always" time="0.008" /><testcase classname="tests.test_structured_logger.TestContextFilter" name="test_set_context_multiple_calls_merge" time="0.007" /><testcase classname="tests.test_structured_logger.TestContextFilter" name="test_set_context_overwrite" time="0.006" /><testcase classname="tests.test_structured_logger.TestStructuredLogger" name="test_init_defaults" time="0.037" /><testcase classname="tests.test_structured_logger.TestStructuredLogger" name="test_init_custom_level" time="0.047" /><testcase classname="tests.test_structured_logger.TestStructuredLogger" name="test_init_invalid_level_falls_back_info" time="0.040" /><testcase classname="tests.test_structured_logger.TestStructuredLogger" name="test_setup_creates_log_dir" time="0.067" /><testcase classname="tests.test_structured_logger.TestStructuredLogger" name="test_setup_adds_handlers" time="0.046" /><testcase classname="tests.test_structured_logger.TestStructuredLogger" name="test_setup_removes_old_edgelite_handlers" time="0.058" /><testcase classname="tests.test_structured_logger.TestStructuredLogger" name="test_set_context_delegates" time="0.039" /><testcase classname="tests.test_structured_logger.TestStructuredLogger" name="test_clear_context_delegates" time="0.043" /><testcase classname="tests.test_structured_logger.TestStructuredLogger" name="test_get_logger_static" time="0.008" /><testcase classname="tests.test_structured_logger.TestLogWithData" name="test_log_with_data_attaches_extra" time="0.010" /><testcase classname="tests.test_video_ai.TestValidateModelPath" name="test_empty_path_returns_validate_failed" time="0.008" /><testcase classname="tests.test_video_ai.TestValidateModelPath" name="test_none_path_returns_validate_failed" time="0.009" /><testcase classname="tests.test_video_ai.TestValidateModelPath" name="test_path_traversal_in_raw" time="0.010" /><testcase classname="tests.test_video_ai.TestValidateModelPath" name="test_path_traversal_in_normalized" time="0.068" /><testcase classname="tests.test_video_ai.TestValidateModelPath" name="test_not_in_allowed_dirs" time="0.057" /><testcase classname="tests.test_video_ai.TestValidateModelPath" name="test_in_allowed_dir_subpath_passes_dir_check" time="0.051" /><testcase classname="tests.test_video_ai.TestValidateModelPath" name="test_allowed_dir_exact_match" time="0.052" /><testcase classname="tests.test_video_ai.TestValidateModelPath" name="test_wrong_extension" time="0.064" /><testcase classname="tests.test_video_ai.TestValidateModelPath" name="test_uppercase_onnx_extension_accepted" time="0.049" /><testcase classname="tests.test_video_ai.TestValidateModelPath" name="test_valid_file_with_magic_bytes" time="0.049" /><testcase classname="tests.test_video_ai.TestValidateModelPath" name="test_valid_file_wrong_header" time="0.052" /><testcase classname="tests.test_video_ai.TestValidateModelPath" name="test_short_file_header_skipped" time="0.053" /><testcase classname="tests.test_video_ai.TestValidateModelPath" name="test_file_read_oserror" time="0.039" /><testcase classname="tests.test_video_ai.TestValidateModelPath" name="test_nonexistent_file_passes" time="0.037" /><testcase classname="tests.test_video_ai.TestValidateModelPath" name="test_no_allowed_dirs_default_empty" time="0.042" /><testcase classname="tests.test_video_ai.TestValidateModelPath" name="test_empty_allowed_dirs_list_treated_as_no_check" time="0.063" /><testcase classname="tests.test_video_ai.TestResolveDevice" name="test_no_onnxruntime_returns_cpu" time="0.006" /><testcase classname="tests.test_video_ai.TestResolveDevice" name="test_cuda_available" time="0.009" /><testcase classname="tests.test_video_ai.TestResolveDevice" name="test_cuda_unavailable_degrades_to_cpu" time="0.008" /><testcase classname="tests.test_video_ai.TestResolveDevice" name="test_tensorrt_available" time="0.007" /><testcase classname="tests.test_video_ai.TestResolveDevice" name="test_tensorrt_unavailable_degrades_to_cpu" time="0.008" /><testcase classname="tests.test_video_ai.TestResolveDevice" name="test_unknown_device_returns_cpu_not_degraded" time="0.007" /><testcase classname="tests.test_video_ai.TestModelValidateResult" name="test_bool_true_when_ok" time="0.007" /><testcase classname="tests.test_video_ai.TestModelValidateResult" name="test_bool_false_when_not_ok" time="0.008" /><testcase classname="tests.test_video_ai.TestModelValidateResult" name="test_defaults_empty" time="0.007" /><testcase classname="tests.test_video_ai.TestInferenceOutput" name="test_ok_true_when_no_error_code" time="0.006" /><testcase classname="tests.test_video_ai.TestInferenceOutput" name="test_ok_false_when_error_code_set" time="0.005" /><testcase classname="tests.test_video_ai.TestInferenceOutput" name="test_defaults" time="0.006" /><testcase classname="tests.test_video_ai.TestInferenceConfig" name="test_defaults" time="0.006" /><testcase classname="tests.test_video_ai.TestInferenceTaskEnum" name="test_values" time="0.005" /><testcase classname="tests.test_video_ai.TestDetectionResult" name="test_required_fields" time="0.005" /><testcase classname="tests.test_video_ai.TestVideoAIModel" name="test_load_simulation_mode_no_onnxruntime" time="0.009" /><testcase classname="tests.test_video_ai.TestVideoAIModel" name="test_load_simulation_mode_empty_model_path" time="0.007" /><testcase classname="tests.test_video_ai.TestVideoAIModel" name="test_load_real_model_failure_returns_false" time="0.011" /><testcase classname="tests.test_video_ai.TestVideoAIModel" name="test_unload_clears_state" time="0.005" /><testcase classname="tests.test_video_ai.TestVideoAIModel" name="test_infer_not_initialized_returns_empty" time="0.012" /><testcase classname="tests.test_video_ai.TestVideoAIModel" name="test_infer_structured_not_initialized" time="0.014" /><testcase classname="tests.test_video_ai.TestVideoAIModel" name="test_infer_structured_none_image" time="0.009" /><testcase classname="tests.test_video_ai.TestVideoAIModel" name="test_infer_structured_empty_image" time="0.013" /><testcase classname="tests.test_video_ai.TestVideoAIModel" name="test_nms_empty_boxes" time="0.006" /><testcase classname="tests.test_video_ai.TestVideoAIModel" name="test_nms_keeps_non_overlapping" time="0.021" /><testcase classname="tests.test_video_ai.TestVideoAIModel" name="test_nms_suppresses_overlapping" time="0.007" /><testcase classname="tests.test_webhook_auth.TestWebhookAuth" name="test_none_mode_always_pass" time="0.005" /><testcase classname="tests.test_webhook_auth.TestWebhookAuth" name="test_bearer_correct" time="0.005" /><testcase classname="tests.test_webhook_auth.TestWebhookAuth" name="test_bearer_incorrect" time="0.006" /><testcase classname="tests.test_webhook_auth.TestWebhookAuth" name="test_bearer_missing_header" time="0.011" /><testcase classname="tests.test_webhook_auth.TestWebhookAuth" name="test_bearer_wrong_prefix" time="0.005" /><testcase classname="tests.test_webhook_auth.TestWebhookAuth" name="test_basic_correct" time="0.006" /><testcase classname="tests.test_webhook_auth.TestWebhookAuth" name="test_basic_incorrect" time="0.008" /><testcase classname="tests.test_webhook_auth.TestWebhookAuth" name="test_env_var_resolution" time="0.005" /><testcase classname="tests.test_webhook_auth.TestWebhookAuth" name="test_unknown_mode" time="0.006" /><testcase classname="tests.test_ws_channels" name="test_mask_url_with_credentials" time="0.005" /><testcase classname="tests.test_ws_channels" name="test_mask_url_without_credentials" time="0.003" /><testcase classname="tests.test_ws_channels" name="test_mask_url_empty_string" time="0.005" /><testcase classname="tests.test_ws_channels" name="test_mask_sensitive_password_field" time="0.005" /><testcase classname="tests.test_ws_channels" name="test_mask_sensitive_token_field" time="0.005" /><testcase classname="tests.test_ws_channels" name="test_mask_nested_dict" time="0.006" /><testcase classname="tests.test_ws_channels" name="test_mask_list_of_dicts" time="0.004" /><testcase classname="tests.test_ws_channels" name="test_mask_non_dict_non_list_passthrough" time="0.004" /><testcase classname="tests.test_ws_channels" name="test_mask_url_in_non_sensitive_string" time="0.005" /><testcase classname="tests.test_ws_channels" name="test_format_point_update_valid_event" time="0.005" /><testcase classname="tests.test_ws_channels" name="test_format_point_update_wrong_type" time="0.007" /><testcase classname="tests.test_ws_channels" name="test_format_alarm_valid_event" time="0.007" /><testcase classname="tests.test_ws_channels" name="test_format_alarm_wrong_type" time="0.006" /><testcase classname="tests.test_ws_channels" name="test_format_device_status_valid_event" time="0.005" /><testcase classname="tests.test_ws_channels" name="test_format_device_status_wrong_type" time="0.006" /><testcase classname="tests.test_ws_channels" name="test_format_integration_dict_event_masks_sensitive" time="0.003" /><testcase classname="tests.test_ws_channels" name="test_format_integration_filters_known_event_types" time="0.006" /><testcase classname="tests.test_ws_channels" name="test_format_integration_none_event" time="0.005" /><testcase classname="tests.test_ws_channels" name="test_format_integration_object_with_model_dump" time="0.006" /><testcase classname="tests.test_ws_channels" name="test_channels_start_stop" time="0.022" /><testcase classname="tests.test_ws_channels" name="test_channels_stop_idempotent" time="0.022" /><testcase classname="tests.test_ws_channels" name="test_realtime_channel_broadcasts_point_update" time="0.236" /><testcase classname="tests.test_ws_manager" name="test_validate_origin_none_whitelist_allows_all" time="0.007" /><testcase classname="tests.test_ws_manager" name="test_validate_origin_in_whitelist" time="0.008" /><testcase classname="tests.test_ws_manager" name="test_validate_origin_not_in_whitelist" time="0.006" /><testcase classname="tests.test_ws_manager" name="test_validate_origin_no_origin_header_allows_non_browser" time="0.007" /><testcase classname="tests.test_ws_manager" name="test_validate_origin_empty_whitelist_allows_all" time="0.005" /><testcase classname="tests.test_ws_manager" name="test_connect_valid_token" time="0.027" /><testcase classname="tests.test_ws_manager" name="test_connect_invalid_token_rejected" time="0.018" /><testcase classname="tests.test_ws_manager" name="test_connect_origin_rejected" time="0.020" /><testcase classname="tests.test_ws_manager" name="test_connect_max_connections_reached" time="0.018" /><testcase classname="tests.test_ws_manager" name="test_connect_no_token_accepts_pending_auth" time="0.015" /><testcase classname="tests.test_ws_manager" name="test_authenticate_success_sets_authenticated" time="0.019" /><testcase classname="tests.test_ws_manager" name="test_authenticate_failure_returns_false" time="0.017" /><testcase classname="tests.test_ws_manager" name="test_disconnect_removes_connection" time="0.021" /><testcase classname="tests.test_ws_manager" name="test_disconnect_nonexistent_channel_no_error" time="0.015" /><testcase classname="tests.test_ws_manager" name="test_broadcast_to_all_authenticated" time="0.017" /><testcase classname="tests.test_ws_manager" name="test_broadcast_skips_unauthenticated" time="0.021" /><testcase classname="tests.test_ws_manager" name="test_broadcast_with_role_filter" time="0.016" /><testcase classname="tests.test_ws_manager" name="test_broadcast_empty_channel_no_error" time="0.013" /><testcase classname="tests.test_ws_manager" name="test_broadcast_send_failure_disconnects" time="0.018" /><testcase classname="tests.test_ws_manager" name="test_get_total_connection_count" time="0.016" /><testcase classname="tests.test_ws_manager" name="test_record_pong_updates_timestamp" time="0.009" /><testcase classname="tests.test_ws_manager" name="test_close_disconnects_all_and_stops_heartbeat" time="0.020" /><testcase classname="tests.test_ws_manager" name="test_close_no_connections_no_error" time="0.014" /><testcase classname="tests.test_ws_manager" name="test_set_allowed_origins_none" time="0.005" /><testcase classname="tests.test_ws_manager" name="test_set_allowed_origins_list" time="0.008" /><testcase classname="tests.test_ws_manager" name="test_get_connection_count_deprecated" time="0.019" /><testcase classname="tests.test_ws_manager" name="test_start_stop_heartbeat" time="0.016" /><testcase classname="tests.test_ws_manager" name="test_start_heartbeat_idempotent" time="0.016" /><testcase classname="tests.test_ws_manager" name="test_stop_heartbeat_no_task_no_error" time="0.197" /></testsuite></testsuites>