<?xml version="1.0" encoding="utf-8"?><testsuites name="pytest tests"><testsuite name="pytest" errors="0" failures="0" skipped="0" tests="109" time="21.514" timestamp="2026-07-11T08:14:44.542169+08:00" hostname="85D83CFAC341E71"><testcase classname="tests.test_sqlite_ts.TestLifecycle" name="test_start_creates_db_file" time="3.636" /><testcase classname="tests.test_sqlite_ts.TestLifecycle" name="test_start_creates_parent_dirs" time="0.199" /><testcase classname="tests.test_sqlite_ts.TestLifecycle" name="test_stop_before_start_noop" time="0.090" /><testcase classname="tests.test_sqlite_ts.TestLifecycle" name="test_stop_commits_pending_and_persists" time="0.192" /><testcase classname="tests.test_sqlite_ts.TestLifecycle" name="test_restart_restores_offset_from_meta" time="0.163" /><testcase classname="tests.test_sqlite_ts.TestLifecycle" name="test_restart_offset_fallback_to_max_id" time="0.203" /><testcase classname="tests.test_sqlite_ts.TestLifecycle" name="test_restart_offset_empty_db" time="0.191" /><testcase classname="tests.test_sqlite_ts.TestWritePoint" name="test_bool_value" time="0.139" /><testcase classname="tests.test_sqlite_ts.TestWritePoint" name="test_int_value" time="0.151" /><testcase classname="tests.test_sqlite_ts.TestWritePoint" name="test_float_value" time="0.147" /><testcase classname="tests.test_sqlite_ts.TestWritePoint" name="test_str_value" time="0.153" /><testcase classname="tests.test_sqlite_ts.TestWritePoint" name="test_none_value_writes_str_none" time="0.127" /><testcase classname="tests.test_sqlite_ts.TestWritePoint" name="test_tags_serialized" time="0.143" /><testcase classname="tests.test_sqlite_ts.TestWritePoint" name="test_default_timestamp_ns" time="0.214" /><testcase classname="tests.test_sqlite_ts.TestWritePoint" name="test_quality_field" time="0.135" /><testcase classname="tests.test_sqlite_ts.TestWritePoint" name="test_replace_on_duplicate" time="0.151" /><testcase classname="tests.test_sqlite_ts.TestWritePoint" name="test_threshold_batch_commit" time="0.123" /><testcase classname="tests.test_sqlite_ts.TestWritePoint" name="test_write_before_start_noop" time="0.105" /><testcase classname="tests.test_sqlite_ts.TestWritePointsBatch" name="test_batch_write" time="0.143" /><testcase classname="tests.test_sqlite_ts.TestWritePointsBatch" name="test_empty_batch_noop" time="0.139" /><testcase classname="tests.test_sqlite_ts.TestWritePointsBatch" name="test_none_value_in_batch" time="0.143" /><testcase classname="tests.test_sqlite_ts.TestWritePointsBatch" name="test_batch_tags_and_types" time="0.119" /><testcase classname="tests.test_sqlite_ts.TestWritePointsBatch" name="test_batch_default_fields" time="0.149" /><testcase classname="tests.test_sqlite_ts.TestWritePointsBatch" name="test_batch_default_timestamp" time="0.150" /><testcase classname="tests.test_sqlite_ts.TestWritePointsBatch" name="test_batch_exception_rollback" time="0.133" /><testcase classname="tests.test_sqlite_ts.TestWritePointsBatch" name="test_batch_before_start_noop" time="0.166" /><testcase classname="tests.test_sqlite_ts.TestQueryPoints" name="test_time_range_inclusive" time="0.145" /><testcase classname="tests.test_sqlite_ts.TestQueryPoints" name="test_limit_offset" time="0.233" /><testcase classname="tests.test_sqlite_ts.TestQueryPoints" name="test_default_stop_ns" time="0.147" /><testcase classname="tests.test_sqlite_ts.TestQueryPoints" name="test_nonexistent_point" time="0.139" /><testcase classname="tests.test_sqlite_ts.TestQueryPoints" name="test_nonexistent_device" time="0.145" /><testcase classname="tests.test_sqlite_ts.TestQueryPoints" name="test_ordered_ascending" time="0.154" /><testcase classname="tests.test_sqlite_ts.TestQueryPoints" name="test_aggregate_without_window_returns_raw" time="0.160" /><testcase classname="tests.test_sqlite_ts.TestQueryPoints" name="test_window_without_aggregate_returns_raw" time="0.126" /><testcase classname="tests.test_sqlite_ts.TestQueryPoints" name="test_query_before_start_returns_empty" time="0.181" /><testcase classname="tests.test_sqlite_ts.TestAggregation" name="test_avg" time="0.132" /><testcase classname="tests.test_sqlite_ts.TestAggregation" name="test_mean_alias" time="0.133" /><testcase classname="tests.test_sqlite_ts.TestAggregation" name="test_sum" time="0.129" /><testcase classname="tests.test_sqlite_ts.TestAggregation" name="test_min" time="0.136" /><testcase classname="tests.test_sqlite_ts.TestAggregation" name="test_max" time="0.135" /><testcase classname="tests.test_sqlite_ts.TestAggregation" name="test_count" time="0.133" /><testcase classname="tests.test_sqlite_ts.TestAggregation" name="test_unknown_aggregate_defaults_to_avg" time="0.308" /><testcase classname="tests.test_sqlite_ts.TestAggregation" name="test_aggregate_result_quality_good" time="0.140" /><testcase classname="tests.test_sqlite_ts.TestAggregation" name="test_aggregate_has_time" time="0.157" /><testcase classname="tests.test_sqlite_ts.TestAggregation" name="test_aggregate_int_values_coalesce" time="0.133" /><testcase classname="tests.test_sqlite_ts.TestAggregation" name="test_aggregate_excludes_null_values" time="0.141" /><testcase classname="tests.test_sqlite_ts.TestQueryLatest" name="test_latest_multiple_points" time="0.138" /><testcase classname="tests.test_sqlite_ts.TestQueryLatest" name="test_latest_single_point" time="0.248" /><testcase classname="tests.test_sqlite_ts.TestQueryLatest" name="test_latest_empty_points" time="0.139" /><testcase classname="tests.test_sqlite_ts.TestQueryLatest" name="test_latest_nonexistent_point" time="0.205" /><testcase classname="tests.test_sqlite_ts.TestQueryLatest" name="test_latest_nonexistent_device" time="0.141" /><testcase classname="tests.test_sqlite_ts.TestQueryLatest" name="test_latest_quality" time="0.153" /><testcase classname="tests.test_sqlite_ts.TestQueryLatest" name="test_latest_value_type_priority" time="0.117" /><testcase classname="tests.test_sqlite_ts.TestQueryLatest" name="test_latest_before_start_returns_empty" time="0.326" /><testcase classname="tests.test_sqlite_ts.TestSync" name="test_unsynced_count" time="0.141" /><testcase classname="tests.test_sqlite_ts.TestSync" name="test_unsynced_records_ordered" time="0.123" /><testcase classname="tests.test_sqlite_ts.TestSync" name="test_unsynced_records_min_id" time="0.164" /><testcase classname="tests.test_sqlite_ts.TestSync" name="test_unsynced_records_limit" time="0.139" /><testcase classname="tests.test_sqlite_ts.TestSync" name="test_sync_completed_atomic" time="0.124" /><testcase classname="tests.test_sqlite_ts.TestSync" name="test_sync_completed_no_records_deleted" time="0.154" /><testcase classname="tests.test_sqlite_ts.TestSync" name="test_mark_synced_delegates" time="0.144" /><testcase classname="tests.test_sqlite_ts.TestSync" name="test_delete_synced_records_delegates" time="0.237" /><testcase classname="tests.test_sqlite_ts.TestSync" name="test_sync_completed_before_start_false" time="0.102" /><testcase classname="tests.test_sqlite_ts.TestSync" name="test_sync_completed_rollback_returns_false" time="0.145" /><testcase classname="tests.test_sqlite_ts.TestSync" name="test_get_unsynced_before_start_zero" time="0.100" /><testcase classname="tests.test_sqlite_ts.TestRetention" name="test_clear_all" time="0.208" /><testcase classname="tests.test_sqlite_ts.TestRetention" name="test_clear_all_empty" time="0.145" /><testcase classname="tests.test_sqlite_ts.TestRetention" name="test_delete_by_device_id" time="0.148" /><testcase classname="tests.test_sqlite_ts.TestRetention" name="test_delete_by_device_id_nonexistent" time="0.140" /><testcase classname="tests.test_sqlite_ts.TestRetention" name="test_cleanup_old_data" time="0.144" /><testcase classname="tests.test_sqlite_ts.TestRetention" name="test_cleanup_old_data_batched" time="0.214" /><testcase classname="tests.test_sqlite_ts.TestRetention" name="test_cleanup_keeps_recent" time="0.159" /><testcase classname="tests.test_sqlite_ts.TestRetention" name="test_cleanup_nothing_expired" time="0.148" /><testcase classname="tests.test_sqlite_ts.TestRetention" name="test_retention_before_start_zero" time="0.229" /><testcase classname="tests.test_sqlite_ts.TestStats" name="test_stats_with_data" time="0.155" /><testcase classname="tests.test_sqlite_ts.TestStats" name="test_stats_empty_db" time="0.164" /><testcase classname="tests.test_sqlite_ts.TestStats" name="test_stats_before_start_zeros" time="0.117" /><testcase classname="tests.test_sqlite_ts.TestBackup" name="test_backup_creates_file" time="0.159" /><testcase classname="tests.test_sqlite_ts.TestBackup" name="test_backup_file_is_valid_db" time="0.166" /><testcase classname="tests.test_sqlite_ts.TestBackup" name="test_backup_noop_when_no_file" time="0.109" /><testcase classname="tests.test_sqlite_ts.TestBackup" name="test_backup_default_dir" time="0.253" /><testcase classname="tests.test_sqlite_ts.TestSchema" name="test_tables_created" time="0.144" /><testcase classname="tests.test_sqlite_ts.TestSchema" name="test_indexes_created" time="0.127" /><testcase classname="tests.test_sqlite_ts.TestSchema" name="test_pragmas_set" time="0.161" /><testcase classname="tests.test_sqlite_ts.TestSchema" name="test_unique_index_creation_failure_handled" time="0.176" /><testcase classname="tests.test_sqlite_ts.TestErrorHandling" name="test_query_points_returns_empty" time="0.155" /><testcase classname="tests.test_sqlite_ts.TestErrorHandling" name="test_query_aggregate_returns_empty" time="0.374" /><testcase classname="tests.test_sqlite_ts.TestErrorHandling" name="test_query_latest_returns_empty" time="0.146" /><testcase classname="tests.test_sqlite_ts.TestErrorHandling" name="test_unsynced_count_zero" time="0.119" /><testcase classname="tests.test_sqlite_ts.TestErrorHandling" name="test_unsynced_records_empty" time="0.127" /><testcase classname="tests.test_sqlite_ts.TestErrorHandling" name="test_clear_all_zero" time="0.150" /><testcase classname="tests.test_sqlite_ts.TestErrorHandling" name="test_cleanup_old_data_zero" time="0.270" /><testcase classname="tests.test_sqlite_ts.TestErrorHandling" name="test_delete_by_device_zero" time="0.136" /><testcase classname="tests.test_sqlite_ts.TestErrorHandling" name="test_get_stats_zeros" time="0.141" /><testcase classname="tests.test_sqlite_ts.TestErrorHandling" name="test_write_point_raises" time="0.150" /><testcase classname="tests.test_sqlite_ts.TestCorruptDb" name="test_garbage_file_start_recovers" time="0.143" /><testcase classname="tests.test_sqlite_ts.TestCorruptDb" name="test_corrupt_recovers_to_fresh_db" time="0.275" /><testcase classname="tests.test_sqlite_ts.TestPeriodicFlush" name="test_periodic_flush_commits_pending" time="0.366" /><testcase classname="tests.test_sqlite_ts.TestPeriodicFlush" name="test_periodic_flush_no_pending_noop" time="0.301" /><testcase classname="tests.test_sqlite_ts.TestRowToDict" name="test_float_value" time="0.003" /><testcase classname="tests.test_sqlite_ts.TestRowToDict" name="test_int_value" time="0.002" /><testcase classname="tests.test_sqlite_ts.TestRowToDict" name="test_str_value" time="0.002" /><testcase classname="tests.test_sqlite_ts.TestRowToDict" name="test_bool_true" time="0.002" /><testcase classname="tests.test_sqlite_ts.TestRowToDict" name="test_bool_false" time="0.003" /><testcase classname="tests.test_sqlite_ts.TestRowToDict" name="test_all_none_value" time="0.002" /><testcase classname="tests.test_sqlite_ts.TestRowToDict" name="test_quality_none_defaults_good" time="0.002" /><testcase classname="tests.test_sqlite_ts.TestPerformance" name="test_large_dataset_batch" time="0.178" /><testcase classname="tests.test_sqlite_ts.TestPerformance" name="test_concurrent_batch_writes" time="0.120" /><testcase classname="tests.test_sqlite_ts.TestPerformance" name="test_large_cleanup_batched" time="0.207" /></testsuite></testsuites>