<?xml version="1.0" encoding="utf-8"?><testsuites name="pytest tests"><testsuite name="pytest" errors="0" failures="0" skipped="0" tests="5" time="4.169" timestamp="2026-07-18T09:48:12.868922+08:00" hostname="85D83CFAC341E71"><testcase classname="tests.test_smoke.TestSmokeEndpoints" name="test_health_live" time="0.023" /><testcase classname="tests.test_smoke.TestSmokeEndpoints" name="test_health_ready" time="0.010" /><testcase classname="tests.test_smoke.TestSmokeEndpoints" name="test_metrics_endpoint" time="0.166" /><testcase classname="tests.test_smoke.TestSmokeEndpoints" name="test_devices_endpoint" time="0.140" /><testcase classname="tests.test_smoke.TestSmokeEndpoints" name="test_system_info_endpoint" time="0.245" /></testsuite></testsuites>