<?xml version="1.0" encoding="utf-8"?><testsuites name="pytest tests"><testsuite name="pytest" errors="0" failures="9" skipped="0" tests="141" time="162.296" timestamp="2026-07-04T09:15:58.052266+08:00" hostname="85D83CFAC341E71"><testcase classname="tests.test_acceptance_smoke.TestSmokeHealth" name="test_s1_01_health_live" time="0.843" /><testcase classname="tests.test_acceptance_smoke.TestSmokeHealth" name="test_s1_02_health_live_alias" time="0.805" /><testcase classname="tests.test_acceptance_smoke.TestSmokeHealth" name="test_s1_03_health_ready" time="0.836" /><testcase classname="tests.test_acceptance_smoke.TestSmokeHealth" name="test_s1_04_health_full" time="0.617" /><testcase classname="tests.test_acceptance_smoke.TestSmokeAPIRouting" name="test_s2_01_devices_route" time="0.932" /><testcase classname="tests.test_acceptance_smoke.TestSmokeAPIRouting" name="test_s2_02_rules_route" time="1.086" /><testcase classname="tests.test_acceptance_smoke.TestSmokeAPIRouting" name="test_s2_03_alarms_route" time="0.734" /><testcase classname="tests.test_acceptance_smoke.TestSmokeAPIRouting" name="test_s2_04_system_status" time="0.938" /><testcase classname="tests.test_acceptance_smoke.TestSmokeAPIRouting" name="test_s2_05_ai_models" time="0.773" /><testcase classname="tests.test_acceptance_smoke.TestSmokeAPIRouting" name="test_s2_06_drivers_list" time="1.068" /><testcase classname="tests.test_acceptance_smoke.TestSmokeAPIRouting" name="test_s2_07_services_list" time="1.025" /><testcase classname="tests.test_acceptance_smoke.TestSmokeAPIRouting" name="test_s2_08_openapi_docs" time="1.149" /><testcase classname="tests.test_acceptance_smoke.TestSmokeAuth" name="test_s3_01_login_missing_body" time="0.878" /><testcase classname="tests.test_acceptance_smoke.TestSmokeAuth" name="test_s3_02_login_invalid_credentials" time="1.216" /><testcase classname="tests.test_acceptance_smoke.TestSmokeAuth" name="test_s3_03_unknown_route_404" time="0.761" /><testcase classname="tests.test_acceptance_functional.TestDeviceCRUD" name="test_f1_01_list_devices" time="1.141" /><testcase classname="tests.test_acceptance_functional.TestDeviceCRUD" name="test_f1_02_create_device_valid" time="5.221" /><testcase classname="tests.test_acceptance_functional.TestDeviceCRUD" name="test_f1_03_create_device_invalid_id" time="0.747" /><testcase classname="tests.test_acceptance_functional.TestDeviceCRUD" name="test_f1_04_create_device_missing_points" time="0.984" /><testcase classname="tests.test_acceptance_functional.TestDeviceCRUD" name="test_f1_05_get_device_by_id" time="0.736" /><testcase classname="tests.test_acceptance_functional.TestDeviceCRUD" name="test_f1_06_get_device_not_found" time="0.949" /><testcase classname="tests.test_acceptance_functional.TestDeviceCRUD" name="test_f1_07_update_device" time="0.809" /><testcase classname="tests.test_acceptance_functional.TestDeviceCRUD" name="test_f1_08_delete_device" time="1.017"><failure message="assert 500 == 200&#10; +  where 500 = &lt;Response [500 Internal Server Error]&gt;.status_code">tests\test_acceptance_functional.py:145: in test_f1_08_delete_device
    assert resp.status_code == 200
E   assert 500 == 200
E    +  where 500 = &lt;Response [500 Internal Server Error]&gt;.status_code</failure></testcase><testcase classname="tests.test_acceptance_functional.TestRuleCRUD" name="test_f2_01_list_rules" time="0.966" /><testcase classname="tests.test_acceptance_functional.TestRuleCRUD" name="test_f2_02_create_rule" time="1.139"><failure message="assert 422 in (200, 201)&#10; +  where 422 = &lt;Response [422 Unprocessable Entity]&gt;.status_code">tests\test_acceptance_functional.py:213: in test_f2_02_create_rule
    assert resp.status_code in (200, 201)
E   assert 422 in (200, 201)
E    +  where 422 = &lt;Response [422 Unprocessable Entity]&gt;.status_code</failure></testcase><testcase classname="tests.test_acceptance_functional.TestRuleCRUD" name="test_f2_03_get_rule" time="0.986"><failure message="fastapi.exceptions.ResponseValidationError: 5 validation errors:&#10;  {'type': 'missing', 'loc': ('response', 'data', 'conditions'), 'msg': 'Field required', 'input': {'rule_id': 'test-rule-01', 'name': '高温告警', 'device_id': 'test-device-01', 'rule_type': 'threshold', 'severity': 'critical', 'enabled': True, 'condition': {'point_name': 'temperature', 'operator': '&gt;', 'threshold': 80}, 'created_by': 'test-admin'}, 'url': 'https://errors.pydantic.dev/2.6/v/missing'}&#10;  {'type': 'missing', 'loc': ('response', 'data', 'logic'), 'msg': 'Field required', 'input': {'rule_id': 'test-rule-01', 'name': '高温告警', 'device_id': 'test-device-01', 'rule_type': 'threshold', 'severity': 'critical', 'enabled': True, 'condition': {'point_name': 'temperature', 'operator': '&gt;', 'threshold': 80}, 'created_by': 'test-admin'}, 'url': 'https://errors.pydantic.dev/2.6/v/missing'}&#10;  {'type': 'missing', 'loc': ('response', 'data', 'duration'), 'msg': 'Field required', 'input': {'rule_id': 'test-rule-01', 'name': '高温告警', 'device_id': 'test-device-01', 'rule_type': 'threshold', 'severity': 'critical', 'enabled': True, 'condition': {'point_name': 'temperature', 'operator': '&gt;', 'threshold': 80}, 'created_by': 'test-admin'}, 'url': 'https://errors.pydantic.dev/2.6/v/missing'}&#10;  {'type': 'missing', 'loc': ('response', 'data', 'notify_channels'), 'msg': 'Field required', 'input': {'rule_id': 'test-rule-01', 'name': '高温告警', 'device_id': 'test-device-01', 'rule_type': 'threshold', 'severity': 'critical', 'enabled': True, 'condition': {'point_name': 'temperature', 'operator': '&gt;', 'threshold': 80}, 'created_by': 'test-admin'}, 'url': 'https://errors.pydantic.dev/2.6/v/missing'}&#10;  {'type': 'missing', 'loc': ('response', 'data', 'created_at'), 'msg': 'Field required', 'input': {'rule_id': 'test-rule-01', 'name': '高温告警', 'device_id': 'test-device-01', 'rule_type': 'threshold', 'severity': 'critical', 'enabled': True, 'condition': {'point_name': 'temperature', 'operator': '&gt;', 'threshold': 80}, 'created_by': 'test-admin'}, 'url': 'https://errors.pydantic.dev/2.6/v/missing'}">tests\test_acceptance_functional.py:218: in test_f2_03_get_rule
    resp = await rule_client.get("/api/v1/rules/test-rule-01")
           ^^^^^^^^^^^^^^^^^^^^^^^^^^^^^^^^^^^^^^^^^^^^^^^^^^^
D:\os\Python312\Lib\site-packages\httpx\_client.py:1814: in get
    return await self.request(
D:\os\Python312\Lib\site-packages\httpx\_client.py:1585: in request
    return await self.send(request, auth=auth, follow_redirects=follow_redirects)
           ^^^^^^^^^^^^^^^^^^^^^^^^^^^^^^^^^^^^^^^^^^^^^^^^^^^^^^^^^^^^^^^^^^^^^^
D:\os\Python312\Lib\site-packages\httpx\_client.py:1674: in send
    response = await self._send_handling_auth(
D:\os\Python312\Lib\site-packages\httpx\_client.py:1702: in _send_handling_auth
    response = await self._send_handling_redirects(
D:\os\Python312\Lib\site-packages\httpx\_client.py:1739: in _send_handling_redirects
    response = await self._send_single_request(request)
               ^^^^^^^^^^^^^^^^^^^^^^^^^^^^^^^^^^^^^^^^
D:\os\Python312\Lib\site-packages\httpx\_client.py:1776: in _send_single_request
    response = await transport.handle_async_request(request)
               ^^^^^^^^^^^^^^^^^^^^^^^^^^^^^^^^^^^^^^^^^^^^^
D:\os\Python312\Lib\site-packages\httpx\_transports\asgi.py:157: in handle_async_request
    await self.app(scope, receive, send)
D:\os\Python312\Lib\site-packages\fastapi\applications.py:1054: in __call__
    await super().__call__(scope, receive, send)
D:\os\Python312\Lib\site-packages\starlette\applications.py:123: in __call__
    await self.middleware_stack(scope, receive, send)
D:\os\Python312\Lib\site-packages\starlette\middleware\errors.py:186: in __call__
    raise exc
D:\os\Python312\Lib\site-packages\starlette\middleware\errors.py:164: in __call__
    await self.app(scope, receive, _send)
D:\os\Python312\Lib\site-packages\starlette\middleware\cors.py:83: in __call__
    await self.app(scope, receive, send)
D:\os\Python312\Lib\site-packages\starlette\middleware\exceptions.py:62: in __call__
    await wrap_app_handling_exceptions(self.app, conn)(scope, receive, send)
D:\os\Python312\Lib\site-packages\starlette\_exception_handler.py:64: in wrapped_app
    raise exc
D:\os\Python312\Lib\site-packages\starlette\_exception_handler.py:53: in wrapped_app
    await app(scope, receive, sender)
D:\os\Python312\Lib\site-packages\starlette\routing.py:762: in __call__
    await self.middleware_stack(scope, receive, send)
D:\os\Python312\Lib\site-packages\starlette\routing.py:782: in app
    await route.handle(scope, receive, send)
D:\os\Python312\Lib\site-packages\starlette\routing.py:297: in handle
    await self.app(scope, receive, send)
D:\os\Python312\Lib\site-packages\starlette\routing.py:77: in app
    await wrap_app_handling_exceptions(app, request)(scope, receive, send)
D:\os\Python312\Lib\site-packages\starlette\_exception_handler.py:64: in wrapped_app
    raise exc
D:\os\Python312\Lib\site-packages\starlette\_exception_handler.py:53: in wrapped_app
    await app(scope, receive, sender)
D:\os\Python312\Lib\site-packages\starlette\routing.py:72: in app
    response = await func(request)
               ^^^^^^^^^^^^^^^^^^^
D:\os\Python312\Lib\site-packages\fastapi\routing.py:315: in app
    content = await serialize_response(
D:\os\Python312\Lib\site-packages\fastapi\routing.py:155: in serialize_response
    raise ResponseValidationError(
E   fastapi.exceptions.ResponseValidationError: 5 validation errors:
E     {'type': 'missing', 'loc': ('response', 'data', 'conditions'), 'msg': 'Field required', 'input': {'rule_id': 'test-rule-01', 'name': '高温告警', 'device_id': 'test-device-01', 'rule_type': 'threshold', 'severity': 'critical', 'enabled': True, 'condition': {'point_name': 'temperature', 'operator': '&gt;', 'threshold': 80}, 'created_by': 'test-admin'}, 'url': 'https://errors.pydantic.dev/2.6/v/missing'}
E     {'type': 'missing', 'loc': ('response', 'data', 'logic'), 'msg': 'Field required', 'input': {'rule_id': 'test-rule-01', 'name': '高温告警', 'device_id': 'test-device-01', 'rule_type': 'threshold', 'severity': 'critical', 'enabled': True, 'condition': {'point_name': 'temperature', 'operator': '&gt;', 'threshold': 80}, 'created_by': 'test-admin'}, 'url': 'https://errors.pydantic.dev/2.6/v/missing'}
E     {'type': 'missing', 'loc': ('response', 'data', 'duration'), 'msg': 'Field required', 'input': {'rule_id': 'test-rule-01', 'name': '高温告警', 'device_id': 'test-device-01', 'rule_type': 'threshold', 'severity': 'critical', 'enabled': True, 'condition': {'point_name': 'temperature', 'operator': '&gt;', 'threshold': 80}, 'created_by': 'test-admin'}, 'url': 'https://errors.pydantic.dev/2.6/v/missing'}
E     {'type': 'missing', 'loc': ('response', 'data', 'notify_channels'), 'msg': 'Field required', 'input': {'rule_id': 'test-rule-01', 'name': '高温告警', 'device_id': 'test-device-01', 'rule_type': 'threshold', 'severity': 'critical', 'enabled': True, 'condition': {'point_name': 'temperature', 'operator': '&gt;', 'threshold': 80}, 'created_by': 'test-admin'}, 'url': 'https://errors.pydantic.dev/2.6/v/missing'}
E     {'type': 'missing', 'loc': ('response', 'data', 'created_at'), 'msg': 'Field required', 'input': {'rule_id': 'test-rule-01', 'name': '高温告警', 'device_id': 'test-device-01', 'rule_type': 'threshold', 'severity': 'critical', 'enabled': True, 'condition': {'point_name': 'temperature', 'operator': '&gt;', 'threshold': 80}, 'created_by': 'test-admin'}, 'url': 'https://errors.pydantic.dev/2.6/v/missing'}</failure></testcase><testcase classname="tests.test_acceptance_functional.TestRuleCRUD" name="test_f2_04_update_rule" time="0.778" /><testcase classname="tests.test_acceptance_functional.TestRuleCRUD" name="test_f2_05_delete_rule" time="0.765" /><testcase classname="tests.test_acceptance_functional.TestRuleCRUD" name="test_f2_06_test_rule" time="1.039" /><testcase classname="tests.test_acceptance_functional.TestAlarmManagement" name="test_f3_01_list_alarms" time="0.785" /><testcase classname="tests.test_acceptance_functional.TestAlarmManagement" name="test_f3_02_acknowledge_alarm" time="0.895" /><testcase classname="tests.test_acceptance_functional.TestAlarmManagement" name="test_f3_03_recover_alarm" time="1.380"><failure message="assert 409 == 200&#10; +  where 409 = &lt;Response [409 Conflict]&gt;.status_code">tests\test_acceptance_functional.py:353: in test_f3_03_recover_alarm
    assert resp.status_code == 200
E   assert 409 == 200
E    +  where 409 = &lt;Response [409 Conflict]&gt;.status_code</failure></testcase><testcase classname="tests.test_acceptance_functional.TestDataQuery" name="test_f4_01_query_timeseries" time="0.888" /><testcase classname="tests.test_acceptance_functional.TestDataQuery" name="test_f4_02_query_stats" time="1.186" /><testcase classname="tests.test_acceptance_functional.TestDataQuery" name="test_f4_03_query_invalid_time_range" time="0.788" /><testcase classname="tests.test_acceptance_functional.TestAIInference" name="test_f5_01_list_ai_models" time="0.738" /><testcase classname="tests.test_acceptance_functional.TestAIInference" name="test_f5_02_ai_stats" time="1.254"><failure message="assert 500 == 200&#10; +  where 500 = &lt;Response [500 Internal Server Error]&gt;.status_code">tests\test_acceptance_functional.py:465: in test_f5_02_ai_stats
    assert resp.status_code == 200
E   assert 500 == 200
E    +  where 500 = &lt;Response [500 Internal Server Error]&gt;.status_code</failure></testcase><testcase classname="tests.test_acceptance_functional.TestSystemManagement" name="test_f6_01_system_status" time="0.856" /><testcase classname="tests.test_acceptance_functional.TestSystemManagement" name="test_f6_02_system_resources" time="1.283" /><testcase classname="tests.test_acceptance_functional.TestSystemManagement" name="test_f6_03_system_config" time="0.803" /><testcase classname="tests.test_acceptance_functional.TestSystemManagement" name="test_f6_04_drivers_list" time="0.812" /><testcase classname="tests.test_acceptance_functional.TestSystemManagement" name="test_f6_05_services_list" time="1.084" /><testcase classname="tests.test_acceptance_api.TestAPI200Success" name="test_a1_01_get_devices_200" time="0.760" /><testcase classname="tests.test_acceptance_api.TestAPI200Success" name="test_a1_02_get_rules_200" time="0.728" /><testcase classname="tests.test_acceptance_api.TestAPI200Success" name="test_a1_03_get_alarms_200" time="1.120" /><testcase classname="tests.test_acceptance_api.TestAPI200Success" name="test_a1_04_get_system_status_200" time="0.744" /><testcase classname="tests.test_acceptance_api.TestAPI200Success" name="test_a1_05_get_system_resources_200" time="0.729" /><testcase classname="tests.test_acceptance_api.TestAPI200Success" name="test_a1_06_get_drivers_200" time="1.317" /><testcase classname="tests.test_acceptance_api.TestAPI200Success" name="test_a1_07_get_services_200" time="0.925" /><testcase classname="tests.test_acceptance_api.TestAPI200Success" name="test_a1_08_get_system_config_200" time="0.768" /><testcase classname="tests.test_acceptance_api.TestAPI200Success" name="test_a1_09_get_system_ready_status_200" time="1.076" /><testcase classname="tests.test_acceptance_api.TestAPI200Success" name="test_a1_10_get_system_health_basic_200" time="0.769" /><testcase classname="tests.test_acceptance_api.TestAPI200Success" name="test_a1_11_get_system_circuit_breakers_200" time="0.726" /><testcase classname="tests.test_acceptance_api.TestAPI200Success" name="test_a1_12_get_system_locks_status_200" time="1.231" /><testcase classname="tests.test_acceptance_api.TestAPI200Success" name="test_a1_13_get_system_network_200" time="1.276" /><testcase classname="tests.test_acceptance_api.TestAPI200Success" name="test_a1_14_get_system_retention_200" time="0.819" /><testcase classname="tests.test_acceptance_api.TestAPI200Success" name="test_a1_15_get_system_performance_200" time="1.353" /><testcase classname="tests.test_acceptance_api.TestAPI400BadRequest" name="test_a2_01_create_device_missing_required_fields" time="0.766" /><testcase classname="tests.test_acceptance_api.TestAPI400BadRequest" name="test_a2_02_create_device_invalid_protocol" time="0.754" /><testcase classname="tests.test_acceptance_api.TestAPI400BadRequest" name="test_a2_03_create_device_invalid_port_range" time="1.230" /><testcase classname="tests.test_acceptance_api.TestAPI400BadRequest" name="test_a2_04_create_device_invalid_collect_interval" time="0.834" /><testcase classname="tests.test_acceptance_api.TestAPI400BadRequest" name="test_a2_05_create_rule_missing_fields" time="0.914" /><testcase classname="tests.test_acceptance_api.TestAPI401Unauthorized" name="test_a3_01_devices_no_token" time="1.259" /><testcase classname="tests.test_acceptance_api.TestAPI401Unauthorized" name="test_a3_02_rules_no_token" time="0.889" /><testcase classname="tests.test_acceptance_api.TestAPI401Unauthorized" name="test_a3_03_alarms_no_token" time="0.860" /><testcase classname="tests.test_acceptance_api.TestAPI401Unauthorized" name="test_a3_04_system_config_no_token" time="2.023" /><testcase classname="tests.test_acceptance_api.TestAPI401Unauthorized" name="test_a3_05_create_device_no_token" time="1.026" /><testcase classname="tests.test_acceptance_api.TestAPI401Unauthorized" name="test_a3_06_invalid_bearer_token" time="1.192" /><testcase classname="tests.test_acceptance_api.TestAPI403Forbidden" name="test_a4_01_viewer_cannot_create_device" time="1.398" /><testcase classname="tests.test_acceptance_api.TestAPI403Forbidden" name="test_a4_02_viewer_cannot_delete_device" time="0.804" /><testcase classname="tests.test_acceptance_api.TestAPI403Forbidden" name="test_a4_03_viewer_cannot_create_rule" time="0.837" /><testcase classname="tests.test_acceptance_api.TestAPI403Forbidden" name="test_a4_04_viewer_cannot_delete_rule" time="1.377" /><testcase classname="tests.test_acceptance_api.TestAPI403Forbidden" name="test_a4_05_viewer_cannot_update_system_config" time="0.837" /><testcase classname="tests.test_acceptance_api.TestAPI403Forbidden" name="test_a4_06_viewer_cannot_reload_config" time="0.860" /><testcase classname="tests.test_acceptance_api.TestAPI403Forbidden" name="test_a4_07_viewer_can_read_devices" time="1.450" /><testcase classname="tests.test_acceptance_api.TestAPI403Forbidden" name="test_a4_08_viewer_can_read_rules" time="0.876" /><testcase classname="tests.test_acceptance_api.TestAPI404NotFound" name="test_a5_01_device_not_found" time="0.886" /><testcase classname="tests.test_acceptance_api.TestAPI404NotFound" name="test_a5_02_rule_not_found" time="1.450" /><testcase classname="tests.test_acceptance_api.TestAPI404NotFound" name="test_a5_03_unknown_endpoint" time="0.875" /><testcase classname="tests.test_acceptance_api.TestAPI500ServerError" name="test_a6_01_device_service_error" time="0.975" /><testcase classname="tests.test_acceptance_api.TestAPI500ServerError" name="test_a6_02_rule_service_error" time="1.184" /><testcase classname="tests.test_acceptance_api.TestAPI500ServerError" name="test_a6_03_alarm_service_error" time="0.965" /><testcase classname="tests.test_acceptance_api.TestAPIPagination" name="test_a7_01_default_pagination" time="0.798" /><testcase classname="tests.test_acceptance_api.TestAPIPagination" name="test_a7_02_custom_pagination" time="0.970"><failure message="assert 20 == 50">tests\test_acceptance_api.py:416: in test_a7_02_custom_pagination
    assert data["size"] == 50
E   assert 20 == 50</failure></testcase><testcase classname="tests.test_acceptance_api.TestAPIPagination" name="test_a7_03_invalid_page" time="1.516" /><testcase classname="tests.test_acceptance_api.TestAPIPagination" name="test_a7_04_oversize_page" time="0.774"><failure message="assert 200 in (422, 400)&#10; +  where 200 = &lt;Response [200 OK]&gt;.status_code">tests\test_acceptance_api.py:428: in test_a7_04_oversize_page
    assert resp.status_code in (422, 400)
E   assert 200 in (422, 400)
E    +  where 200 = &lt;Response [200 OK]&gt;.status_code</failure></testcase><testcase classname="tests.test_acceptance_api.TestAPIResponseFormat" name="test_a8_01_list_response_has_data_field" time="0.802" /><testcase classname="tests.test_acceptance_api.TestAPIResponseFormat" name="test_a8_02_list_response_has_total_field" time="1.425" /><testcase classname="tests.test_acceptance_api.TestAPIResponseFormat" name="test_a8_03_error_response_has_detail" time="0.843" /><testcase classname="tests.test_acceptance_security.TestBruteForceProtection" name="test_sec1_01_multiple_failed_login" time="0.762" /><testcase classname="tests.test_acceptance_security.TestBruteForceProtection" name="test_sec1_02_login_with_empty_credentials" time="1.115" /><testcase classname="tests.test_acceptance_security.TestBruteForceProtection" name="test_sec1_03_login_with_weak_password_format" time="0.807" /><testcase classname="tests.test_acceptance_security.TestBruteForceProtection" name="test_sec1_04_long_password_rejected" time="0.821" /><testcase classname="tests.test_acceptance_security.TestPrivilegeEscalation" name="test_sec2_01_viewer_cannot_access_user_management" time="1.364" /><testcase classname="tests.test_acceptance_security.TestPrivilegeEscalation" name="test_sec2_02_viewer_cannot_create_users" time="0.906" /><testcase classname="tests.test_acceptance_security.TestPrivilegeEscalation" name="test_sec2_03_viewer_cannot_delete_users" time="0.939" /><testcase classname="tests.test_acceptance_security.TestPrivilegeEscalation" name="test_sec2_04_viewer_cannot_backup_system" time="0.944" /><testcase classname="tests.test_acceptance_security.TestPrivilegeEscalation" name="test_sec2_05_viewer_cannot_restore_system" time="1.520" /><testcase classname="tests.test_acceptance_security.TestPrivilegeEscalation" name="test_sec2_06_viewer_cannot_reload_config" time="0.764" /><testcase classname="tests.test_acceptance_security.TestPrivilegeEscalation" name="test_sec2_07_viewer_cannot_rotate_cert" time="0.752" /><testcase classname="tests.test_acceptance_security.TestPrivilegeEscalation" name="test_sec2_08_admin_passes_permission_check" time="1.105" /><testcase classname="tests.test_acceptance_security.TestSQLInjection" name="test_sec3_01_sql_injection_in_device_id" time="0.759" /><testcase classname="tests.test_acceptance_security.TestSQLInjection" name="test_sec3_02_sql_injection_in_login" time="0.726" /><testcase classname="tests.test_acceptance_security.TestSQLInjection" name="test_sec3_03_sql_injection_in_search" time="0.734" /><testcase classname="tests.test_acceptance_security.TestXSSProtection" name="test_sec4_01_xss_in_device_name" time="1.504" /><testcase classname="tests.test_acceptance_security.TestXSSProtection" name="test_sec4_02_xss_in_rule_name" time="0.792" /><testcase classname="tests.test_acceptance_security.TestXSSProtection" name="test_sec4_03_content_type_header" time="0.947" /><testcase classname="tests.test_acceptance_security.TestXSSProtection" name="test_sec4_04_security_headers" time="2.333" /><testcase classname="tests.test_acceptance_security.TestTokenSecurity" name="test_sec5_01_no_token_rejected" time="1.146" /><testcase classname="tests.test_acceptance_security.TestTokenSecurity" name="test_sec5_02_malformed_token_rejected" time="1.036" /><testcase classname="tests.test_acceptance_security.TestTokenSecurity" name="test_sec5_03_empty_bearer_rejected" time="1.020" /><testcase classname="tests.test_acceptance_security.TestTokenSecurity" name="test_sec5_04_wrong_auth_scheme" time="1.946" /><testcase classname="tests.test_acceptance_security.TestTokenSecurity" name="test_sec5_05_token_in_query_param_rejected" time="0.814" /><testcase classname="tests.test_acceptance_performance.TestAPIResponseTime" name="test_perf1_01_devices_list_latency" time="0.819" /><testcase classname="tests.test_acceptance_performance.TestAPIResponseTime" name="test_perf1_02_rules_list_latency" time="1.758" /><testcase classname="tests.test_acceptance_performance.TestAPIResponseTime" name="test_perf1_03_alarms_list_latency" time="1.342" /><testcase classname="tests.test_acceptance_performance.TestAPIResponseTime" name="test_perf1_04_system_status_latency" time="0.841" /><testcase classname="tests.test_acceptance_performance.TestAPIResponseTime" name="test_perf1_05_health_check_latency" time="1.397" /><testcase classname="tests.test_acceptance_performance.TestConcurrentRequests" name="test_perf2_01_concurrent_device_list" time="1.126" /><testcase classname="tests.test_acceptance_performance.TestConcurrentRequests" name="test_perf2_02_concurrent_mixed_endpoints" time="1.416" /><testcase classname="tests.test_acceptance_performance.TestConcurrentRequests" name="test_perf2_03_concurrent_create_devices" time="1.556" /><testcase classname="tests.test_acceptance_performance.TestStabilityUnderLoad" name="test_perf3_01_sustained_requests" time="1.258" /><testcase classname="tests.test_acceptance_performance.TestStabilityUnderLoad" name="test_perf3_02_response_time_stability" time="0.961" /><testcase classname="tests.test_acceptance_compatibility.TestUserAgentCompatibility" name="test_comp1_01_chrome_ua" time="0.775" /><testcase classname="tests.test_acceptance_compatibility.TestUserAgentCompatibility" name="test_comp1_02_firefox_ua" time="1.399" /><testcase classname="tests.test_acceptance_compatibility.TestUserAgentCompatibility" name="test_comp1_03_edge_ua" time="0.890" /><testcase classname="tests.test_acceptance_compatibility.TestUserAgentCompatibility" name="test_comp1_04_safari_ua" time="0.938" /><testcase classname="tests.test_acceptance_compatibility.TestUserAgentCompatibility" name="test_comp1_05_no_user_agent" time="1.532" /><testcase classname="tests.test_acceptance_compatibility.TestContentTypeCompatibility" name="test_comp2_01_json_content_type" time="0.823" /><testcase classname="tests.test_acceptance_compatibility.TestContentTypeCompatibility" name="test_comp2_02_post_with_json" time="0.821"><failure message="assert 422 in (200, 201)&#10; +  where 422 = &lt;Response [422 Unprocessable Entity]&gt;.status_code">tests\test_acceptance_compatibility.py:113: in test_comp2_02_post_with_json
    assert resp.status_code in (200, 201)
E   assert 422 in (200, 201)
E    +  where 422 = &lt;Response [422 Unprocessable Entity]&gt;.status_code</failure></testcase><testcase classname="tests.test_acceptance_compatibility.TestContentTypeCompatibility" name="test_comp2_03_utf8_response" time="1.233" /><testcase classname="tests.test_acceptance_compatibility.TestHTTPMethodCompliance" name="test_comp3_01_get_allowed" time="0.771" /><testcase classname="tests.test_acceptance_compatibility.TestHTTPMethodCompliance" name="test_comp3_02_post_allowed" time="0.766" /><testcase classname="tests.test_acceptance_compatibility.TestHTTPMethodCompliance" name="test_comp3_03_put_allowed" time="0.768" /><testcase classname="tests.test_acceptance_compatibility.TestHTTPMethodCompliance" name="test_comp3_04_delete_allowed" time="1.318"><failure message="assert 500 in (200, 404)&#10; +  where 500 = &lt;Response [500 Internal Server Error]&gt;.status_code">tests\test_acceptance_compatibility.py:170: in test_comp3_04_delete_allowed
    assert resp.status_code in (200, 404)
E   assert 500 in (200, 404)
E    +  where 500 = &lt;Response [500 Internal Server Error]&gt;.status_code</failure></testcase><testcase classname="tests.test_acceptance_compatibility.TestHTTPMethodCompliance" name="test_comp3_05_patch_method" time="0.762" /><testcase classname="tests.test_acceptance_compatibility.TestCORSConfiguration" name="test_comp4_01_options_preflight" time="0.772" /><testcase classname="tests.test_acceptance_compatibility.TestCORSConfiguration" name="test_comp4_02_cors_header_present" time="0.768" /><testcase classname="tests.test_acceptance_compatibility.TestErrorHandlingCompatibility" name="test_comp5_01_404_has_json_body" time="1.260" /><testcase classname="tests.test_acceptance_compatibility.TestErrorHandlingCompatibility" name="test_comp5_02_422_has_validation_details" time="0.827" /><testcase classname="tests.test_acceptance_compatibility.TestErrorHandlingCompatibility" name="test_comp5_03_500_has_error_body" time="0.869" /></testsuite></testsuites>